<?xml version="1.0" encoding="UTF-8"?>
<testsuite xmlns:xsi="http://www.w3.org/2001/XMLSchema-instance" xsi:noNamespaceSchemaLocation="https://maven.apache.org/surefire/maven-surefire-plugin/xsd/surefire-test-report.xsd" name="TestSuite" time="0.611" tests="0" errors="0" skipped="0" failures="0">
  <properties>
    <property name="sun.desktop" value="windows"/>
    <property name="awt.toolkit" value="sun.awt.windows.WToolkit"/>
    <property name="file.encoding.pkg" value="sun.io"/>
    <property name="java.specification.version" value="1.8"/>
    <property name="sun.cpu.isalist" value="amd64"/>
    <property name="sun.jnu.encoding" value="Cp1252"/>
    <property name="java.class.path" value="C:\d\svn\wso2\iam-openbanking\iam-common\target\test-classes;C:\d\svn\wso2\iam-openbanking\iam-common\target\classes;C:\Users\brownc\.m2\repository\org\slf4j\slf4j-api\1.7.25\slf4j-api-1.7.25.jar;C:\Users\brownc\.m2\repository\org\apache\commons\commons-lang3\3.7\commons-lang3-3.7.jar;C:\Users\brownc\.m2\repository\org\apache\httpcomponents\httpclient\4.5.5\httpclient-4.5.5.jar;C:\Users\brownc\.m2\repository\org\apache\httpcomponents\httpcore\4.4.9\httpcore-4.4.9.jar;C:\Users\brownc\.m2\repository\commons-logging\commons-logging\1.2\commons-logging-1.2.jar;C:\Users\brownc\.m2\repository\commons-codec\commons-codec\1.10\commons-codec-1.10.jar;C:\Users\brownc\.m2\repository\io\jsonwebtoken\jjwt\0.6.0\jjwt-0.6.0.jar;C:\Users\brownc\.m2\repository\com\fasterxml\jackson\core\jackson-databind\2.9.6\jackson-databind-2.9.6.jar;C:\Users\brownc\.m2\repository\com\fasterxml\jackson\core\jackson-annotations\2.9.6\jackson-annotations-2.9.6.jar;C:\Users\brownc\.m2\repository\com\fasterxml\jackson\core\jackson-core\2.9.6\jackson-core-2.9.6.jar;C:\Users\brownc\.m2\repository\joda-time\joda-time\2.10.1\joda-time-2.10.1.jar;C:\Users\brownc\.m2\repository\org\testng\testng\6.9.10\testng-6.9.10.jar;C:\Users\brownc\.m2\repository\com\beust\jcommander\1.48\jcommander-1.48.jar;C:\Users\brownc\.m2\repository\org\beanshell\bsh\2.0b4\bsh-2.0b4.jar;C:\Users\brownc\.m2\repository\org\apache\ws\commons\axiom\axiom-api\1.2.10\axiom-api-1.2.10.jar;C:\Users\brownc\.m2\repository\org\apache\geronimo\specs\geronimo-activation_1.1_spec\1.0.2\geronimo-activation_1.1_spec-1.0.2.jar;C:\Users\brownc\.m2\repository\org\apache\geronimo\specs\geronimo-javamail_1.4_spec\1.6\geronimo-javamail_1.4_spec-1.6.jar;C:\Users\brownc\.m2\repository\jaxen\jaxen\1.1.1\jaxen-1.1.1.jar;C:\Users\brownc\.m2\repository\org\apache\geronimo\specs\geronimo-stax-api_1.0_spec\1.0.1\geronimo-stax-api_1.0_spec-1.0.1.jar;C:\Users\brownc\.m2\repository\org\wso2\carbon\org.wso2.carbon.core\4.4.35\org.wso2.carbon.core-4.4.35.jar;C:\Users\brownc\.m2\repository\org\wso2\orbit\com\hazelcast\hazelcast\3.5.4.wso2v2\hazelcast-3.5.4.wso2v2.jar;C:\Users\brownc\.m2\repository\com\hazelcast\hazelcast-all\3.5.4\hazelcast-all-3.5.4.jar;C:\Users\brownc\.m2\repository\org\eclipse\osgi\org.eclipse.osgi\3.9.1.v20130814-1242\org.eclipse.osgi-3.9.1.v20130814-1242.jar;C:\Users\brownc\.m2\repository\org\eclipse\osgi\org.eclipse.osgi.services\3.3.100.v20130513-1956\org.eclipse.osgi.services-3.3.100.v20130513-1956.jar;C:\Users\brownc\.m2\repository\org\eclipse\equinox\org.eclipse.equinox.http.helper\1.1.0.wso2v1\org.eclipse.equinox.http.helper-1.1.0.wso2v1.jar;C:\Users\brownc\.m2\repository\org\eclipse\equinox\javax.servlet\3.0.0.v201112011016\javax.servlet-3.0.0.v201112011016.jar;C:\Users\brownc\.m2\repository\org\wso2\orbit\org\bouncycastle\bcprov-jdk15on\1.52.0.wso2v1\bcprov-jdk15on-1.52.0.wso2v1.jar;C:\Users\brownc\.m2\repository\org\bouncycastle\bcprov-jdk15on\1.52\bcprov-jdk15on-1.52.jar;C:\Users\brownc\.m2\repository\org\wso2\carbon\javax.cache.wso2\4.4.35\javax.cache.wso2-4.4.35.jar;C:\Users\brownc\.m2\repository\org\apache\geronimo\specs\geronimo-jta_1.1_spec\1.1\geronimo-jta_1.1_spec-1.1.jar;C:\Users\brownc\.m2\repository\org\wso2\carbon\org.wso2.carbon.base\4.4.35\org.wso2.carbon.base-4.4.35.jar;C:\Users\brownc\.m2\repository\org\wso2\carbon\org.wso2.carbon.securevault\4.4.35\org.wso2.carbon.securevault-4.4.35.jar;C:\Users\brownc\.m2\repository\org\wso2\carbon\org.wso2.carbon.registry.core\4.4.35\org.wso2.carbon.registry.core-4.4.35.jar;C:\Users\brownc\.m2\repository\commons-io\wso2\commons-io\2.4.0.wso2v1\commons-io-2.4.0.wso2v1.jar;C:\Users\brownc\.m2\repository\net\sourceforge\findbugs\annotations\1.3.2\annotations-1.3.2.jar;C:\Users\brownc\.m2\repository\org\apache\ws\commons\schema\wso2\XmlSchema\1.4.7.wso2v3\XmlSchema-1.4.7.wso2v3.jar;C:\Users\brownc\.m2\repository\org\wso2\carbon\org.wso2.carbon.registry.api\4.4.35\org.wso2.carbon.registry.api-4.4.35.jar;C:\Users\brownc\.m2\repository\org\wso2\carbon\org.wso2.carbon.registry.xboot\4.4.35\org.wso2.carbon.registry.xboot-4.4.35.jar;C:\Users\brownc\.m2\repository\org\wso2\securevault\org.wso2.securevault\1.0.0-wso2v2\org.wso2.securevault-1.0.0-wso2v2.jar;C:\Users\brownc\.m2\repository\org\apache\ws\commons\axiom\axiom-impl\1.2.11\axiom-impl-1.2.11.jar;C:\Users\brownc\.m2\repository\org\codehaus\woodstox\wstx-asl\3.2.9\wstx-asl-3.2.9.jar;C:\Users\brownc\.m2\repository\log4j\log4j\1.2.14\log4j-1.2.14.jar;C:\Users\brownc\.m2\repository\jline\jline\0.9.94\jline-0.9.94.jar;C:\Users\brownc\.m2\repository\commons-cli\commons-cli\1.0\commons-cli-1.0.jar;C:\Users\brownc\.m2\repository\commons-io\commons-io\2.0\commons-io-2.0.jar;C:\Users\brownc\.m2\repository\org\compass-project\wso2\compass\2.0.1.wso2v2\compass-2.0.1.wso2v2.jar;C:\Users\brownc\.m2\repository\org\apache\abdera\wso2\abdera\1.0.0.wso2v3\abdera-1.0.0.wso2v3.jar;C:\Users\brownc\.m2\repository\org\wso2\orbit\org\apache\tomcat\jdbc-pool\7.0.81.wso2v2\jdbc-pool-7.0.81.wso2v2.jar;C:\Users\brownc\.m2\repository\org\wso2\orbit\commons-httpclient\commons-httpclient\3.1.0.wso2v6\commons-httpclient-3.1.0.wso2v6.jar;C:\Users\brownc\.m2\repository\commons-pool\wso2\commons-pool\1.5.6.wso2v1\commons-pool-1.5.6.wso2v1.jar;C:\Users\brownc\.m2\repository\commons-pool\commons-pool\1.5.6\commons-pool-1.5.6.jar;C:\Users\brownc\.m2\repository\org\wso2\carbon\org.wso2.carbon.user.core\4.4.35\org.wso2.carbon.user.core-4.4.35.jar;C:\Users\brownc\.m2\repository\org\wso2\carbon\org.wso2.carbon.user.api\4.4.35\org.wso2.carbon.user.api-4.4.35.jar;C:\Users\brownc\.m2\repository\xerces\wso2\xercesImpl\2.8.1.wso2v2\xercesImpl-2.8.1.wso2v2.jar;C:\Users\brownc\.m2\repository\commons-dbcp\wso2\commons-dbcp\1.4.0.wso2v1\commons-dbcp-1.4.0.wso2v1.jar;C:\Users\brownc\.m2\repository\org\wso2\carbon\org.wso2.carbon.utils\4.4.35\org.wso2.carbon.utils-4.4.35.jar;C:\Users\brownc\.m2\repository\org\wso2\carbon\org.wso2.carbon.queuing\4.4.35\org.wso2.carbon.queuing-4.4.35.jar;C:\Users\brownc\.m2\repository\org\igniterealtime\smack\wso2\smack\3.0.4.wso2v1\smack-3.0.4.wso2v1.jar;C:\Users\brownc\.m2\repository\org\igniterealtime\smack\wso2\smackx\3.0.4.wso2v1\smackx-3.0.4.wso2v1.jar;C:\Users\brownc\.m2\repository\org\wso2\orbit\commons-fileupload\commons-fileupload\1.3.2.wso2v1\commons-fileupload-1.3.2.wso2v1.jar;C:\Users\brownc\.m2\repository\org\apache\ant\wso2\ant\1.7.0.wso2v1\ant-1.7.0.wso2v1.jar;C:\Users\brownc\.m2\repository\org\apache\ant\ant\1.7.0\ant-1.7.0.jar;C:\Users\brownc\.m2\repository\org\apache\ant\ant-launcher\1.7.0\ant-launcher-1.7.0.jar;C:\Users\brownc\.m2\repository\org\wso2\carbon\crypto\org.wso2.carbon.crypto.api\1.0.1\org.wso2.carbon.crypto.api-1.0.1.jar;C:\Users\brownc\.m2\repository\org\wso2\orbit\commons-collections\commons-collections\3.2.2.wso2v1\commons-collections-3.2.2.wso2v1.jar;C:\Users\brownc\.m2\repository\org\apache\axis2\wso2\axis2\1.6.1-wso2v28\axis2-1.6.1-wso2v28.jar;C:\Users\brownc\.m2\repository\org\wso2\carbon\org.wso2.carbon.logging\4.4.35\org.wso2.carbon.logging-4.4.35.jar;C:\Users\brownc\.m2\repository\org\apache\log4j\wso2\log4j\1.2.17.wso2v1\log4j-1.2.17.wso2v1.jar;C:\Users\brownc\.m2\repository\org\wso2\carbon\org.wso2.carbon.bootstrap\4.4.35\org.wso2.carbon.bootstrap-4.4.35.jar;C:\Users\brownc\.m2\repository\wrapper\wrapper\3.2.3\wrapper-3.2.3.jar;C:\Users\brownc\.m2\repository\org\wso2\orbit\org\apache\neethi\neethi\2.0.4.wso2v5\neethi-2.0.4.wso2v5.jar;C:\Users\brownc\.m2\repository\org\apache\httpcomponents\wso2\httpcore\4.3.3.wso2v1\httpcore-4.3.3.wso2v1.jar;C:\Users\brownc\.m2\repository\com\google\code\gson\gson\2.3.1\gson-2.3.1.jar;C:\Users\brownc\.m2\repository\org\apache\tomcat\tomcat-catalina-ha\7.0.85\tomcat-catalina-ha-7.0.85.jar;C:\Users\brownc\.m2\repository\org\apache\tomcat\tomcat-juli\7.0.85\tomcat-juli-7.0.85.jar;C:\Users\brownc\.m2\repository\org\apache\tomcat\tomcat-tribes\7.0.85\tomcat-tribes-7.0.85.jar;C:\Users\brownc\.m2\repository\org\apache\tomcat\tomcat-catalina\7.0.85\tomcat-catalina-7.0.85.jar;C:\Users\brownc\.m2\repository\org\apache\tomcat\tomcat-annotations-api\7.0.85\tomcat-annotations-api-7.0.85.jar;C:\Users\brownc\.m2\repository\org\apache\tomcat\tomcat-api\7.0.85\tomcat-api-7.0.85.jar;C:\Users\brownc\.m2\repository\org\apache\tomcat\tomcat-util\7.0.85\tomcat-util-7.0.85.jar;C:\Users\brownc\.m2\repository\wsdl4j\wso2\wsdl4j\1.6.2.wso2v4\wsdl4j-1.6.2.wso2v4.jar;C:\Users\brownc\.m2\repository\org\wso2\orbit\com\nimbusds\nimbus-jose-jwt\7.3.0.wso2v1\nimbus-jose-jwt-7.3.0.wso2v1.jar;C:\Users\brownc\.m2\repository\org\wso2\carbon\identity\framework\org.wso2.carbon.identity.application.authentication.framework\5.12.153\org.wso2.carbon.identity.application.authentication.framework-5.12.153.jar;C:\Users\brownc\.m2\repository\org\wso2\carbon\identity\framework\org.wso2.carbon.identity.base\5.12.153\org.wso2.carbon.identity.base-5.12.153.jar;C:\Users\brownc\.m2\repository\org\apache\rampart\wso2\rampart-core\1.6.1-wso2v26\rampart-core-1.6.1-wso2v26.jar;C:\Users\brownc\.m2\repository\org\apache\axis2\axis2-kernel\1.6.1-wso2v17\axis2-kernel-1.6.1-wso2v17.jar;C:\Users\brownc\.m2\repository\org\apache\geronimo\specs\geronimo-ws-metadata_2.0_spec\1.1.2\geronimo-ws-metadata_2.0_spec-1.1.2.jar;C:\Users\brownc\.m2\repository\commons-httpclient\commons-httpclient\3.1\commons-httpclient-3.1.jar;C:\Users\brownc\.m2\repository\commons-fileupload\commons-fileupload\1.2\commons-fileupload-1.2.jar;C:\Users\brownc\.m2\repository\wsdl4j\wsdl4j\1.6.2\wsdl4j-1.6.2.jar;C:\Users\brownc\.m2\repository\org\apache\neethi\neethi\2.0.4\neethi-2.0.4.jar;C:\Users\brownc\.m2\repository\org\apache\woden\woden-api\1.0M9\woden-api-1.0M9.jar;C:\Users\brownc\.m2\repository\org\apache\ws\commons\schema\XmlSchema\1.4.7\XmlSchema-1.4.7.jar;C:\Users\brownc\.m2\repository\org\apache\woden\woden-impl-dom\1.0M9\woden-impl-dom-1.0M9.jar;C:\Users\brownc\.m2\repository\org\apache\woden\woden-impl-commons\1.0M9\woden-impl-commons-1.0M9.jar;C:\Users\brownc\.m2\repository\javax\ws\rs\jsr311-api\1.0\jsr311-api-1.0.jar;C:\Users\brownc\.m2\repository\org\opensaml\opensaml1\1.1\opensaml1-1.1.jar;C:\Users\brownc\.m2\repository\org\opensaml\opensaml\2.2.3\opensaml-2.2.3.jar;C:\Users\brownc\.m2\repository\org\opensaml\openws\1.2.2\openws-1.2.2.jar;C:\Users\brownc\.m2\repository\org\opensaml\xmltooling\1.2.0\xmltooling-1.2.0.jar;C:\Users\brownc\.m2\repository\org\slf4j\jcl-over-slf4j\1.5.5\jcl-over-slf4j-1.5.5.jar;C:\Users\brownc\.m2\repository\org\slf4j\log4j-over-slf4j\1.5.5\log4j-over-slf4j-1.5.5.jar;C:\Users\brownc\.m2\repository\org\bouncycastle\bcprov-ext-jdk15\1.40\bcprov-ext-jdk15-1.40.jar;C:\Users\brownc\.m2\repository\org\apache\santuario\xmlsec\1.4.2\xmlsec-1.4.2.jar;C:\Users\brownc\.m2\repository\org\apache\commons\ssl\not-yet-commons-ssl\0.3.9\not-yet-commons-ssl-0.3.9.jar;C:\Users\brownc\.m2\repository\commons-collections\commons-collections\3.1\commons-collections-3.1.jar;C:\Users\brownc\.m2\repository\jargs\jargs\1.0\jargs-1.0.jar;C:\Users\brownc\.m2\repository\velocity\velocity\1.5\velocity-1.5.jar;C:\Users\brownc\.m2\repository\org\apache\xerces\xml-apis\2.9.1\xml-apis-2.9.1.jar;C:\Users\brownc\.m2\repository\org\apache\xerces\xercesImpl\2.9.1\xercesImpl-2.9.1.jar;C:\Users\brownc\.m2\repository\org\apache\xerces\resolver\2.9.1\resolver-2.9.1.jar;C:\Users\brownc\.m2\repository\org\apache\xerces\serializer\2.9.1\serializer-2.9.1.jar;C:\Users\brownc\.m2\repository\org\apache\xalan\xalan\2.7.1\xalan-2.7.1.jar;C:\Users\brownc\.m2\repository\commons-lang\commons-lang\2.3\commons-lang-2.3.jar;C:\Users\brownc\.m2\repository\org\apache\ws\security\wso2\wss4j\1.5.11.wso2v17\wss4j-1.5.11.wso2v17.jar;C:\Users\brownc\.m2\repository\org\wso2\carbon\identity\framework\org.wso2.carbon.identity.core\5.12.153\org.wso2.carbon.identity.core-5.12.153.jar;C:\Users\brownc\.m2\repository\org\wso2\orbit\org\opensaml\opensaml\2.6.4.wso2v3\opensaml-2.6.4.wso2v3.jar;C:\Users\brownc\.m2\repository\org\wso2\orbit\joda-time\joda-time\2.8.2.wso2v1\joda-time-2.8.2.wso2v1.jar;C:\Users\brownc\.m2\repository\org\apache\ws\commons\axiom\wso2\axiom\1.2.11.wso2v10\axiom-1.2.11.wso2v10.jar;C:\Users\brownc\.m2\repository\org\apache\geronimo\specs\wso2\geronimo-stax-api_1.0_spec\1.0.1.wso2v2\geronimo-stax-api_1.0_spec-1.0.1.wso2v2.jar;C:\Users\brownc\.m2\repository\org\codehaus\woodstox\woodstox-core-asl\4.2.0\woodstox-core-asl-4.2.0.jar;C:\Users\brownc\.m2\repository\org\codehaus\woodstox\stax2-api\3.1.1\stax2-api-3.1.1.jar;C:\Users\brownc\.m2\repository\javax\xml\stream\stax-api\1.0-2\stax-api-1.0-2.jar;C:\Users\brownc\.m2\repository\org\wso2\carbon\commons\org.wso2.carbon.tenant.common\4.5.2\org.wso2.carbon.tenant.common-4.5.2.jar;C:\Users\brownc\.m2\repository\org\slf4j\slf4j-simple\1.6.1\slf4j-simple-1.6.1.jar;C:\Users\brownc\.m2\repository\org\wso2\carbon\identity\framework\org.wso2.carbon.idp.mgt\5.12.153\org.wso2.carbon.idp.mgt-5.12.153.jar;C:\Users\brownc\.m2\repository\org\wso2\carbon\identity\framework\org.wso2.carbon.identity.application.mgt\5.12.153\org.wso2.carbon.identity.application.mgt-5.12.153.jar;C:\Users\brownc\.m2\repository\org\wso2\carbon\identity\framework\org.wso2.carbon.security.mgt\5.12.153\org.wso2.carbon.security.mgt-5.12.153.jar;C:\Users\brownc\.m2\repository\org\apache\rampart\wso2\rampart-policy\1.6.1-wso2v26\rampart-policy-1.6.1-wso2v26.jar;C:\Users\brownc\.m2\repository\org\apache\rampart\wso2\rampart-trust\1.6.1-wso2v26\rampart-trust-1.6.1-wso2v26.jar;C:\Users\brownc\.m2\repository\org\apache\rampart\rampart-trust\1.6.1-wso2v26\rampart-trust-1.6.1-wso2v26.jar;C:\Users\brownc\.m2\repository\backport-util-concurrent\wso2\backport-util-concurrent\3.1.0.wso2v1\backport-util-concurrent-3.1.0.wso2v1.jar;C:\Users\brownc\.m2\repository\org\wso2\carbon\identity\framework\org.wso2.carbon.user.mgt\5.12.153\org.wso2.carbon.user.mgt-5.12.153.jar;C:\Users\brownc\.m2\repository\org\wso2\carbon\identity\framework\org.wso2.carbon.user.mgt.common\5.12.153\org.wso2.carbon.user.mgt.common-5.12.153.jar;C:\Users\brownc\.m2\repository\au\com\bytecode\opencsv\wso2\opencsv\1.8.wso2v1\opencsv-1.8.wso2v1.jar;C:\Users\brownc\.m2\repository\org\apache\poi\wso2\poi-scratchpad\3.9.0.wso2v1\poi-scratchpad-3.9.0.wso2v1.jar;C:\Users\brownc\.m2\repository\org\apache\poi\poi-scratchpad\3.9\poi-scratchpad-3.9.jar;C:\Users\brownc\.m2\repository\org\apache\poi\poi\3.9\poi-3.9.jar;C:\Users\brownc\.m2\repository\org\apache\poi\wso2\poi-ooxml\3.9.0.wso2v1\poi-ooxml-3.9.0.wso2v1.jar;C:\Users\brownc\.m2\repository\org\apache\poi\poi-ooxml\3.9\poi-ooxml-3.9.jar;C:\Users\brownc\.m2\repository\org\apache\poi\poi-ooxml-schemas\3.9\poi-ooxml-schemas-3.9.jar;C:\Users\brownc\.m2\repository\org\apache\xmlbeans\xmlbeans\2.3.0\xmlbeans-2.3.0.jar;C:\Users\brownc\.m2\repository\stax\stax-api\1.0.1\stax-api-1.0.1.jar;C:\Users\brownc\.m2\repository\dom4j\dom4j\1.6.1\dom4j-1.6.1.jar;C:\Users\brownc\.m2\repository\xml-apis\xml-apis\1.0.b2\xml-apis-1.0.b2.jar;C:\Users\brownc\.m2\repository\org\wso2\carbon\utils\org.wso2.carbon.database.utils\2.0.6\org.wso2.carbon.database.utils-2.0.6.jar;C:\Users\brownc\.m2\repository\commons-dbcp\commons-dbcp\1.4\commons-dbcp-1.4.jar;C:\Users\brownc\.m2\repository\org\apache\felix\org.apache.felix.scr.ds-annotations\1.2.4\org.apache.felix.scr.ds-annotations-1.2.4.jar;C:\Users\brownc\.m2\repository\org\wso2\carbon\identity\framework\org.wso2.carbon.identity.claim.metadata.mgt\5.12.153\org.wso2.carbon.identity.claim.metadata.mgt-5.12.153.jar;C:\Users\brownc\.m2\repository\org\wso2\carbon\identity\framework\org.wso2.carbon.identity.user.profile\5.12.153\org.wso2.carbon.identity.user.profile-5.12.153.jar;C:\Users\brownc\.m2\repository\org\wso2\carbon\identity\framework\org.wso2.carbon.identity.user.store.configuration\5.12.153\org.wso2.carbon.identity.user.store.configuration-5.12.153.jar;C:\Users\brownc\.m2\repository\org\wso2\carbon\org.wso2.carbon.ndatasource.core\4.4.34\org.wso2.carbon.ndatasource.core-4.4.34.jar;C:\Users\brownc\.m2\repository\org\wso2\carbon\org.wso2.carbon.ndatasource.common\4.4.34\org.wso2.carbon.ndatasource.common-4.4.34.jar;C:\Users\brownc\.m2\repository\org\wso2\carbon\org.wso2.carbon.ndatasource.rdbms\4.4.34\org.wso2.carbon.ndatasource.rdbms-4.4.34.jar;C:\Users\brownc\.m2\repository\commons-lang\wso2\commons-lang\2.6.0.wso2v1\commons-lang-2.6.0.wso2v1.jar;C:\Users\brownc\.m2\repository\commons-codec\wso2\commons-codec\1.4.0.wso2v1\commons-codec-1.4.0.wso2v1.jar;C:\Users\brownc\.m2\repository\org\wso2\eclipse\osgi\org.eclipse.osgi.services\3.5.100.v20160504-1419\org.eclipse.osgi.services-3.5.100.v20160504-1419.jar;C:\Users\brownc\.m2\repository\org\wso2\orbit\org\apache\httpcomponents\httpclient\4.3.1.wso2v2\httpclient-4.3.1.wso2v2.jar;C:\Users\brownc\.m2\repository\org\wso2\carbon\identity\framework\org.wso2.carbon.identity.testutil\5.12.153\org.wso2.carbon.identity.testutil-5.12.153.jar;C:\Users\brownc\.m2\repository\org\wso2\carbon\consent\mgt\org.wso2.carbon.consent.mgt.core\2.0.9\org.wso2.carbon.consent.mgt.core-2.0.9.jar;C:\Users\brownc\.m2\repository\org\wso2\carbon\identity\framework\org.wso2.carbon.identity.event\5.12.153\org.wso2.carbon.identity.event-5.12.153.jar;C:\Users\brownc\.m2\repository\org\apache\axis2\transport\axis2-transport-mail\2.0.0-wso2v21\axis2-transport-mail-2.0.0-wso2v21.jar;C:\Users\brownc\.m2\repository\javax\mail\mail\1.4.1\mail-1.4.1.jar;C:\Users\brownc\.m2\repository\javax\activation\activation\1.1\activation-1.1.jar;C:\Users\brownc\.m2\repository\org\apache\axis2\axis2-transport-base\1.6.1-wso2v23\axis2-transport-base-1.6.1-wso2v23.jar;C:\Users\brownc\.m2\repository\com\nimbusds\nimbus-jose-jwt\2.10.1\nimbus-jose-jwt-2.10.1.jar;C:\Users\brownc\.m2\repository\org\bouncycastle\bcprov-jdk16\1.46\bcprov-jdk16-1.46.jar;C:\Users\brownc\.m2\repository\net\jcip\jcip-annotations\1.0\jcip-annotations-1.0.jar;C:\Users\brownc\.m2\repository\net\minidev\json-smart\1.1.1\json-smart-1.1.1.jar;C:\Users\brownc\.m2\repository\org\wso2\carbon\identity\framework\org.wso2.carbon.identity.application.common\5.12.153\org.wso2.carbon.identity.application.common-5.12.153.jar;C:\Users\brownc\.m2\repository\org\json\wso2\json\3.0.0.wso2v1\json-3.0.0.wso2v1.jar;C:\Users\brownc\.m2\repository\org\json\json\20140107\json-20140107.jar;C:\Users\brownc\.m2\repository\junit\junit\4.10\junit-4.10.jar;C:\Users\brownc\.m2\repository\org\hamcrest\hamcrest-core\1.1\hamcrest-core-1.1.jar;C:\Users\brownc\.m2\repository\org\apache\maven\surefire\surefire-testng-utils\2.20.1\surefire-testng-utils-2.20.1.jar;C:\Users\brownc\.m2\repository\org\apache\maven\surefire\surefire-grouper\2.20.1\surefire-grouper-2.20.1.jar;"/>
    <property name="java.vm.vendor" value="Oracle Corporation"/>
    <property name="sun.arch.data.model" value="64"/>
    <property name="user.variant" value=""/>
    <property name="java.vendor.url" value="http://java.oracle.com/"/>
    <property name="user.timezone" value=""/>
    <property name="java.vm.specification.version" value="1.8"/>
    <property name="os.name" value="Windows 10"/>
    <property name="user.country" value="GB"/>
    <property name="sun.java.launcher" value="SUN_STANDARD"/>
    <property name="sun.boot.library.path" value="C:\jdk1.8.0\jre\bin"/>
    <property name="sun.java.command" value="C:\Users\brownc\AppData\Local\Temp\surefire2818451016803408605\surefirebooter8767760951725178518.jar C:\Users\brownc\AppData\Local\Temp\surefire2818451016803408605 2020-07-28T13-35-45_141-jvmRun1 surefire5256018360763545098tmp surefire_02847462252826370691tmp"/>
    <property name="surefire.test.class.path" value="C:\d\svn\wso2\iam-openbanking\iam-common\target\test-classes;C:\d\svn\wso2\iam-openbanking\iam-common\target\classes;C:\Users\brownc\.m2\repository\org\slf4j\slf4j-api\1.7.25\slf4j-api-1.7.25.jar;C:\Users\brownc\.m2\repository\org\apache\commons\commons-lang3\3.7\commons-lang3-3.7.jar;C:\Users\brownc\.m2\repository\org\apache\httpcomponents\httpclient\4.5.5\httpclient-4.5.5.jar;C:\Users\brownc\.m2\repository\org\apache\httpcomponents\httpcore\4.4.9\httpcore-4.4.9.jar;C:\Users\brownc\.m2\repository\commons-logging\commons-logging\1.2\commons-logging-1.2.jar;C:\Users\brownc\.m2\repository\commons-codec\commons-codec\1.10\commons-codec-1.10.jar;C:\Users\brownc\.m2\repository\io\jsonwebtoken\jjwt\0.6.0\jjwt-0.6.0.jar;C:\Users\brownc\.m2\repository\com\fasterxml\jackson\core\jackson-databind\2.9.6\jackson-databind-2.9.6.jar;C:\Users\brownc\.m2\repository\com\fasterxml\jackson\core\jackson-annotations\2.9.6\jackson-annotations-2.9.6.jar;C:\Users\brownc\.m2\repository\com\fasterxml\jackson\core\jackson-core\2.9.6\jackson-core-2.9.6.jar;C:\Users\brownc\.m2\repository\joda-time\joda-time\2.10.1\joda-time-2.10.1.jar;C:\Users\brownc\.m2\repository\org\testng\testng\6.9.10\testng-6.9.10.jar;C:\Users\brownc\.m2\repository\com\beust\jcommander\1.48\jcommander-1.48.jar;C:\Users\brownc\.m2\repository\org\beanshell\bsh\2.0b4\bsh-2.0b4.jar;C:\Users\brownc\.m2\repository\org\apache\ws\commons\axiom\axiom-api\1.2.10\axiom-api-1.2.10.jar;C:\Users\brownc\.m2\repository\org\apache\geronimo\specs\geronimo-activation_1.1_spec\1.0.2\geronimo-activation_1.1_spec-1.0.2.jar;C:\Users\brownc\.m2\repository\org\apache\geronimo\specs\geronimo-javamail_1.4_spec\1.6\geronimo-javamail_1.4_spec-1.6.jar;C:\Users\brownc\.m2\repository\jaxen\jaxen\1.1.1\jaxen-1.1.1.jar;C:\Users\brownc\.m2\repository\org\apache\geronimo\specs\geronimo-stax-api_1.0_spec\1.0.1\geronimo-stax-api_1.0_spec-1.0.1.jar;C:\Users\brownc\.m2\repository\org\wso2\carbon\org.wso2.carbon.core\4.4.35\org.wso2.carbon.core-4.4.35.jar;C:\Users\brownc\.m2\repository\org\wso2\orbit\com\hazelcast\hazelcast\3.5.4.wso2v2\hazelcast-3.5.4.wso2v2.jar;C:\Users\brownc\.m2\repository\com\hazelcast\hazelcast-all\3.5.4\hazelcast-all-3.5.4.jar;C:\Users\brownc\.m2\repository\org\eclipse\osgi\org.eclipse.osgi\3.9.1.v20130814-1242\org.eclipse.osgi-3.9.1.v20130814-1242.jar;C:\Users\brownc\.m2\repository\org\eclipse\osgi\org.eclipse.osgi.services\3.3.100.v20130513-1956\org.eclipse.osgi.services-3.3.100.v20130513-1956.jar;C:\Users\brownc\.m2\repository\org\eclipse\equinox\org.eclipse.equinox.http.helper\1.1.0.wso2v1\org.eclipse.equinox.http.helper-1.1.0.wso2v1.jar;C:\Users\brownc\.m2\repository\org\eclipse\equinox\javax.servlet\3.0.0.v201112011016\javax.servlet-3.0.0.v201112011016.jar;C:\Users\brownc\.m2\repository\org\wso2\orbit\org\bouncycastle\bcprov-jdk15on\1.52.0.wso2v1\bcprov-jdk15on-1.52.0.wso2v1.jar;C:\Users\brownc\.m2\repository\org\bouncycastle\bcprov-jdk15on\1.52\bcprov-jdk15on-1.52.jar;C:\Users\brownc\.m2\repository\org\wso2\carbon\javax.cache.wso2\4.4.35\javax.cache.wso2-4.4.35.jar;C:\Users\brownc\.m2\repository\org\apache\geronimo\specs\geronimo-jta_1.1_spec\1.1\geronimo-jta_1.1_spec-1.1.jar;C:\Users\brownc\.m2\repository\org\wso2\carbon\org.wso2.carbon.base\4.4.35\org.wso2.carbon.base-4.4.35.jar;C:\Users\brownc\.m2\repository\org\wso2\carbon\org.wso2.carbon.securevault\4.4.35\org.wso2.carbon.securevault-4.4.35.jar;C:\Users\brownc\.m2\repository\org\wso2\carbon\org.wso2.carbon.registry.core\4.4.35\org.wso2.carbon.registry.core-4.4.35.jar;C:\Users\brownc\.m2\repository\commons-io\wso2\commons-io\2.4.0.wso2v1\commons-io-2.4.0.wso2v1.jar;C:\Users\brownc\.m2\repository\net\sourceforge\findbugs\annotations\1.3.2\annotations-1.3.2.jar;C:\Users\brownc\.m2\repository\org\apache\ws\commons\schema\wso2\XmlSchema\1.4.7.wso2v3\XmlSchema-1.4.7.wso2v3.jar;C:\Users\brownc\.m2\repository\org\wso2\carbon\org.wso2.carbon.registry.api\4.4.35\org.wso2.carbon.registry.api-4.4.35.jar;C:\Users\brownc\.m2\repository\org\wso2\carbon\org.wso2.carbon.registry.xboot\4.4.35\org.wso2.carbon.registry.xboot-4.4.35.jar;C:\Users\brownc\.m2\repository\org\wso2\securevault\org.wso2.securevault\1.0.0-wso2v2\org.wso2.securevault-1.0.0-wso2v2.jar;C:\Users\brownc\.m2\repository\org\apache\ws\commons\axiom\axiom-impl\1.2.11\axiom-impl-1.2.11.jar;C:\Users\brownc\.m2\repository\org\codehaus\woodstox\wstx-asl\3.2.9\wstx-asl-3.2.9.jar;C:\Users\brownc\.m2\repository\log4j\log4j\1.2.14\log4j-1.2.14.jar;C:\Users\brownc\.m2\repository\jline\jline\0.9.94\jline-0.9.94.jar;C:\Users\brownc\.m2\repository\commons-cli\commons-cli\1.0\commons-cli-1.0.jar;C:\Users\brownc\.m2\repository\commons-io\commons-io\2.0\commons-io-2.0.jar;C:\Users\brownc\.m2\repository\org\compass-project\wso2\compass\2.0.1.wso2v2\compass-2.0.1.wso2v2.jar;C:\Users\brownc\.m2\repository\org\apache\abdera\wso2\abdera\1.0.0.wso2v3\abdera-1.0.0.wso2v3.jar;C:\Users\brownc\.m2\repository\org\wso2\orbit\org\apache\tomcat\jdbc-pool\7.0.81.wso2v2\jdbc-pool-7.0.81.wso2v2.jar;C:\Users\brownc\.m2\repository\org\wso2\orbit\commons-httpclient\commons-httpclient\3.1.0.wso2v6\commons-httpclient-3.1.0.wso2v6.jar;C:\Users\brownc\.m2\repository\commons-pool\wso2\commons-pool\1.5.6.wso2v1\commons-pool-1.5.6.wso2v1.jar;C:\Users\brownc\.m2\repository\commons-pool\commons-pool\1.5.6\commons-pool-1.5.6.jar;C:\Users\brownc\.m2\repository\org\wso2\carbon\org.wso2.carbon.user.core\4.4.35\org.wso2.carbon.user.core-4.4.35.jar;C:\Users\brownc\.m2\repository\org\wso2\carbon\org.wso2.carbon.user.api\4.4.35\org.wso2.carbon.user.api-4.4.35.jar;C:\Users\brownc\.m2\repository\xerces\wso2\xercesImpl\2.8.1.wso2v2\xercesImpl-2.8.1.wso2v2.jar;C:\Users\brownc\.m2\repository\commons-dbcp\wso2\commons-dbcp\1.4.0.wso2v1\commons-dbcp-1.4.0.wso2v1.jar;C:\Users\brownc\.m2\repository\org\wso2\carbon\org.wso2.carbon.utils\4.4.35\org.wso2.carbon.utils-4.4.35.jar;C:\Users\brownc\.m2\repository\org\wso2\carbon\org.wso2.carbon.queuing\4.4.35\org.wso2.carbon.queuing-4.4.35.jar;C:\Users\brownc\.m2\repository\org\igniterealtime\smack\wso2\smack\3.0.4.wso2v1\smack-3.0.4.wso2v1.jar;C:\Users\brownc\.m2\repository\org\igniterealtime\smack\wso2\smackx\3.0.4.wso2v1\smackx-3.0.4.wso2v1.jar;C:\Users\brownc\.m2\repository\org\wso2\orbit\commons-fileupload\commons-fileupload\1.3.2.wso2v1\commons-fileupload-1.3.2.wso2v1.jar;C:\Users\brownc\.m2\repository\org\apache\ant\wso2\ant\1.7.0.wso2v1\ant-1.7.0.wso2v1.jar;C:\Users\brownc\.m2\repository\org\apache\ant\ant\1.7.0\ant-1.7.0.jar;C:\Users\brownc\.m2\repository\org\apache\ant\ant-launcher\1.7.0\ant-launcher-1.7.0.jar;C:\Users\brownc\.m2\repository\org\wso2\carbon\crypto\org.wso2.carbon.crypto.api\1.0.1\org.wso2.carbon.crypto.api-1.0.1.jar;C:\Users\brownc\.m2\repository\org\wso2\orbit\commons-collections\commons-collections\3.2.2.wso2v1\commons-collections-3.2.2.wso2v1.jar;C:\Users\brownc\.m2\repository\org\apache\axis2\wso2\axis2\1.6.1-wso2v28\axis2-1.6.1-wso2v28.jar;C:\Users\brownc\.m2\repository\org\wso2\carbon\org.wso2.carbon.logging\4.4.35\org.wso2.carbon.logging-4.4.35.jar;C:\Users\brownc\.m2\repository\org\apache\log4j\wso2\log4j\1.2.17.wso2v1\log4j-1.2.17.wso2v1.jar;C:\Users\brownc\.m2\repository\org\wso2\carbon\org.wso2.carbon.bootstrap\4.4.35\org.wso2.carbon.bootstrap-4.4.35.jar;C:\Users\brownc\.m2\repository\wrapper\wrapper\3.2.3\wrapper-3.2.3.jar;C:\Users\brownc\.m2\repository\org\wso2\orbit\org\apache\neethi\neethi\2.0.4.wso2v5\neethi-2.0.4.wso2v5.jar;C:\Users\brownc\.m2\repository\org\apache\httpcomponents\wso2\httpcore\4.3.3.wso2v1\httpcore-4.3.3.wso2v1.jar;C:\Users\brownc\.m2\repository\com\google\code\gson\gson\2.3.1\gson-2.3.1.jar;C:\Users\brownc\.m2\repository\org\apache\tomcat\tomcat-catalina-ha\7.0.85\tomcat-catalina-ha-7.0.85.jar;C:\Users\brownc\.m2\repository\org\apache\tomcat\tomcat-juli\7.0.85\tomcat-juli-7.0.85.jar;C:\Users\brownc\.m2\repository\org\apache\tomcat\tomcat-tribes\7.0.85\tomcat-tribes-7.0.85.jar;C:\Users\brownc\.m2\repository\org\apache\tomcat\tomcat-catalina\7.0.85\tomcat-catalina-7.0.85.jar;C:\Users\brownc\.m2\repository\org\apache\tomcat\tomcat-annotations-api\7.0.85\tomcat-annotations-api-7.0.85.jar;C:\Users\brownc\.m2\repository\org\apache\tomcat\tomcat-api\7.0.85\tomcat-api-7.0.85.jar;C:\Users\brownc\.m2\repository\org\apache\tomcat\tomcat-util\7.0.85\tomcat-util-7.0.85.jar;C:\Users\brownc\.m2\repository\wsdl4j\wso2\wsdl4j\1.6.2.wso2v4\wsdl4j-1.6.2.wso2v4.jar;C:\Users\brownc\.m2\repository\org\wso2\orbit\com\nimbusds\nimbus-jose-jwt\7.3.0.wso2v1\nimbus-jose-jwt-7.3.0.wso2v1.jar;C:\Users\brownc\.m2\repository\org\wso2\carbon\identity\framework\org.wso2.carbon.identity.application.authentication.framework\5.12.153\org.wso2.carbon.identity.application.authentication.framework-5.12.153.jar;C:\Users\brownc\.m2\repository\org\wso2\carbon\identity\framework\org.wso2.carbon.identity.base\5.12.153\org.wso2.carbon.identity.base-5.12.153.jar;C:\Users\brownc\.m2\repository\org\apache\rampart\wso2\rampart-core\1.6.1-wso2v26\rampart-core-1.6.1-wso2v26.jar;C:\Users\brownc\.m2\repository\org\apache\axis2\axis2-kernel\1.6.1-wso2v17\axis2-kernel-1.6.1-wso2v17.jar;C:\Users\brownc\.m2\repository\org\apache\geronimo\specs\geronimo-ws-metadata_2.0_spec\1.1.2\geronimo-ws-metadata_2.0_spec-1.1.2.jar;C:\Users\brownc\.m2\repository\commons-httpclient\commons-httpclient\3.1\commons-httpclient-3.1.jar;C:\Users\brownc\.m2\repository\commons-fileupload\commons-fileupload\1.2\commons-fileupload-1.2.jar;C:\Users\brownc\.m2\repository\wsdl4j\wsdl4j\1.6.2\wsdl4j-1.6.2.jar;C:\Users\brownc\.m2\repository\org\apache\neethi\neethi\2.0.4\neethi-2.0.4.jar;C:\Users\brownc\.m2\repository\org\apache\woden\woden-api\1.0M9\woden-api-1.0M9.jar;C:\Users\brownc\.m2\repository\org\apache\ws\commons\schema\XmlSchema\1.4.7\XmlSchema-1.4.7.jar;C:\Users\brownc\.m2\repository\org\apache\woden\woden-impl-dom\1.0M9\woden-impl-dom-1.0M9.jar;C:\Users\brownc\.m2\repository\org\apache\woden\woden-impl-commons\1.0M9\woden-impl-commons-1.0M9.jar;C:\Users\brownc\.m2\repository\javax\ws\rs\jsr311-api\1.0\jsr311-api-1.0.jar;C:\Users\brownc\.m2\repository\org\opensaml\opensaml1\1.1\opensaml1-1.1.jar;C:\Users\brownc\.m2\repository\org\opensaml\opensaml\2.2.3\opensaml-2.2.3.jar;C:\Users\brownc\.m2\repository\org\opensaml\openws\1.2.2\openws-1.2.2.jar;C:\Users\brownc\.m2\repository\org\opensaml\xmltooling\1.2.0\xmltooling-1.2.0.jar;C:\Users\brownc\.m2\repository\org\slf4j\jcl-over-slf4j\1.5.5\jcl-over-slf4j-1.5.5.jar;C:\Users\brownc\.m2\repository\org\slf4j\log4j-over-slf4j\1.5.5\log4j-over-slf4j-1.5.5.jar;C:\Users\brownc\.m2\repository\org\bouncycastle\bcprov-ext-jdk15\1.40\bcprov-ext-jdk15-1.40.jar;C:\Users\brownc\.m2\repository\org\apache\santuario\xmlsec\1.4.2\xmlsec-1.4.2.jar;C:\Users\brownc\.m2\repository\org\apache\commons\ssl\not-yet-commons-ssl\0.3.9\not-yet-commons-ssl-0.3.9.jar;C:\Users\brownc\.m2\repository\commons-collections\commons-collections\3.1\commons-collections-3.1.jar;C:\Users\brownc\.m2\repository\jargs\jargs\1.0\jargs-1.0.jar;C:\Users\brownc\.m2\repository\velocity\velocity\1.5\velocity-1.5.jar;C:\Users\brownc\.m2\repository\org\apache\xerces\xml-apis\2.9.1\xml-apis-2.9.1.jar;C:\Users\brownc\.m2\repository\org\apache\xerces\xercesImpl\2.9.1\xercesImpl-2.9.1.jar;C:\Users\brownc\.m2\repository\org\apache\xerces\resolver\2.9.1\resolver-2.9.1.jar;C:\Users\brownc\.m2\repository\org\apache\xerces\serializer\2.9.1\serializer-2.9.1.jar;C:\Users\brownc\.m2\repository\org\apache\xalan\xalan\2.7.1\xalan-2.7.1.jar;C:\Users\brownc\.m2\repository\commons-lang\commons-lang\2.3\commons-lang-2.3.jar;C:\Users\brownc\.m2\repository\org\apache\ws\security\wso2\wss4j\1.5.11.wso2v17\wss4j-1.5.11.wso2v17.jar;C:\Users\brownc\.m2\repository\org\wso2\carbon\identity\framework\org.wso2.carbon.identity.core\5.12.153\org.wso2.carbon.identity.core-5.12.153.jar;C:\Users\brownc\.m2\repository\org\wso2\orbit\org\opensaml\opensaml\2.6.4.wso2v3\opensaml-2.6.4.wso2v3.jar;C:\Users\brownc\.m2\repository\org\wso2\orbit\joda-time\joda-time\2.8.2.wso2v1\joda-time-2.8.2.wso2v1.jar;C:\Users\brownc\.m2\repository\org\apache\ws\commons\axiom\wso2\axiom\1.2.11.wso2v10\axiom-1.2.11.wso2v10.jar;C:\Users\brownc\.m2\repository\org\apache\geronimo\specs\wso2\geronimo-stax-api_1.0_spec\1.0.1.wso2v2\geronimo-stax-api_1.0_spec-1.0.1.wso2v2.jar;C:\Users\brownc\.m2\repository\org\codehaus\woodstox\woodstox-core-asl\4.2.0\woodstox-core-asl-4.2.0.jar;C:\Users\brownc\.m2\repository\org\codehaus\woodstox\stax2-api\3.1.1\stax2-api-3.1.1.jar;C:\Users\brownc\.m2\repository\javax\xml\stream\stax-api\1.0-2\stax-api-1.0-2.jar;C:\Users\brownc\.m2\repository\org\wso2\carbon\commons\org.wso2.carbon.tenant.common\4.5.2\org.wso2.carbon.tenant.common-4.5.2.jar;C:\Users\brownc\.m2\repository\org\slf4j\slf4j-simple\1.6.1\slf4j-simple-1.6.1.jar;C:\Users\brownc\.m2\repository\org\wso2\carbon\identity\framework\org.wso2.carbon.idp.mgt\5.12.153\org.wso2.carbon.idp.mgt-5.12.153.jar;C:\Users\brownc\.m2\repository\org\wso2\carbon\identity\framework\org.wso2.carbon.identity.application.mgt\5.12.153\org.wso2.carbon.identity.application.mgt-5.12.153.jar;C:\Users\brownc\.m2\repository\org\wso2\carbon\identity\framework\org.wso2.carbon.security.mgt\5.12.153\org.wso2.carbon.security.mgt-5.12.153.jar;C:\Users\brownc\.m2\repository\org\apache\rampart\wso2\rampart-policy\1.6.1-wso2v26\rampart-policy-1.6.1-wso2v26.jar;C:\Users\brownc\.m2\repository\org\apache\rampart\wso2\rampart-trust\1.6.1-wso2v26\rampart-trust-1.6.1-wso2v26.jar;C:\Users\brownc\.m2\repository\org\apache\rampart\rampart-trust\1.6.1-wso2v26\rampart-trust-1.6.1-wso2v26.jar;C:\Users\brownc\.m2\repository\backport-util-concurrent\wso2\backport-util-concurrent\3.1.0.wso2v1\backport-util-concurrent-3.1.0.wso2v1.jar;C:\Users\brownc\.m2\repository\org\wso2\carbon\identity\framework\org.wso2.carbon.user.mgt\5.12.153\org.wso2.carbon.user.mgt-5.12.153.jar;C:\Users\brownc\.m2\repository\org\wso2\carbon\identity\framework\org.wso2.carbon.user.mgt.common\5.12.153\org.wso2.carbon.user.mgt.common-5.12.153.jar;C:\Users\brownc\.m2\repository\au\com\bytecode\opencsv\wso2\opencsv\1.8.wso2v1\opencsv-1.8.wso2v1.jar;C:\Users\brownc\.m2\repository\org\apache\poi\wso2\poi-scratchpad\3.9.0.wso2v1\poi-scratchpad-3.9.0.wso2v1.jar;C:\Users\brownc\.m2\repository\org\apache\poi\poi-scratchpad\3.9\poi-scratchpad-3.9.jar;C:\Users\brownc\.m2\repository\org\apache\poi\poi\3.9\poi-3.9.jar;C:\Users\brownc\.m2\repository\org\apache\poi\wso2\poi-ooxml\3.9.0.wso2v1\poi-ooxml-3.9.0.wso2v1.jar;C:\Users\brownc\.m2\repository\org\apache\poi\poi-ooxml\3.9\poi-ooxml-3.9.jar;C:\Users\brownc\.m2\repository\org\apache\poi\poi-ooxml-schemas\3.9\poi-ooxml-schemas-3.9.jar;C:\Users\brownc\.m2\repository\org\apache\xmlbeans\xmlbeans\2.3.0\xmlbeans-2.3.0.jar;C:\Users\brownc\.m2\repository\stax\stax-api\1.0.1\stax-api-1.0.1.jar;C:\Users\brownc\.m2\repository\dom4j\dom4j\1.6.1\dom4j-1.6.1.jar;C:\Users\brownc\.m2\repository\xml-apis\xml-apis\1.0.b2\xml-apis-1.0.b2.jar;C:\Users\brownc\.m2\repository\org\wso2\carbon\utils\org.wso2.carbon.database.utils\2.0.6\org.wso2.carbon.database.utils-2.0.6.jar;C:\Users\brownc\.m2\repository\commons-dbcp\commons-dbcp\1.4\commons-dbcp-1.4.jar;C:\Users\brownc\.m2\repository\org\apache\felix\org.apache.felix.scr.ds-annotations\1.2.4\org.apache.felix.scr.ds-annotations-1.2.4.jar;C:\Users\brownc\.m2\repository\org\wso2\carbon\identity\framework\org.wso2.carbon.identity.claim.metadata.mgt\5.12.153\org.wso2.carbon.identity.claim.metadata.mgt-5.12.153.jar;C:\Users\brownc\.m2\repository\org\wso2\carbon\identity\framework\org.wso2.carbon.identity.user.profile\5.12.153\org.wso2.carbon.identity.user.profile-5.12.153.jar;C:\Users\brownc\.m2\repository\org\wso2\carbon\identity\framework\org.wso2.carbon.identity.user.store.configuration\5.12.153\org.wso2.carbon.identity.user.store.configuration-5.12.153.jar;C:\Users\brownc\.m2\repository\org\wso2\carbon\org.wso2.carbon.ndatasource.core\4.4.34\org.wso2.carbon.ndatasource.core-4.4.34.jar;C:\Users\brownc\.m2\repository\org\wso2\carbon\org.wso2.carbon.ndatasource.common\4.4.34\org.wso2.carbon.ndatasource.common-4.4.34.jar;C:\Users\brownc\.m2\repository\org\wso2\carbon\org.wso2.carbon.ndatasource.rdbms\4.4.34\org.wso2.carbon.ndatasource.rdbms-4.4.34.jar;C:\Users\brownc\.m2\repository\commons-lang\wso2\commons-lang\2.6.0.wso2v1\commons-lang-2.6.0.wso2v1.jar;C:\Users\brownc\.m2\repository\commons-codec\wso2\commons-codec\1.4.0.wso2v1\commons-codec-1.4.0.wso2v1.jar;C:\Users\brownc\.m2\repository\org\wso2\eclipse\osgi\org.eclipse.osgi.services\3.5.100.v20160504-1419\org.eclipse.osgi.services-3.5.100.v20160504-1419.jar;C:\Users\brownc\.m2\repository\org\wso2\orbit\org\apache\httpcomponents\httpclient\4.3.1.wso2v2\httpclient-4.3.1.wso2v2.jar;C:\Users\brownc\.m2\repository\org\wso2\carbon\identity\framework\org.wso2.carbon.identity.testutil\5.12.153\org.wso2.carbon.identity.testutil-5.12.153.jar;C:\Users\brownc\.m2\repository\org\wso2\carbon\consent\mgt\org.wso2.carbon.consent.mgt.core\2.0.9\org.wso2.carbon.consent.mgt.core-2.0.9.jar;C:\Users\brownc\.m2\repository\org\wso2\carbon\identity\framework\org.wso2.carbon.identity.event\5.12.153\org.wso2.carbon.identity.event-5.12.153.jar;C:\Users\brownc\.m2\repository\org\apache\axis2\transport\axis2-transport-mail\2.0.0-wso2v21\axis2-transport-mail-2.0.0-wso2v21.jar;C:\Users\brownc\.m2\repository\javax\mail\mail\1.4.1\mail-1.4.1.jar;C:\Users\brownc\.m2\repository\javax\activation\activation\1.1\activation-1.1.jar;C:\Users\brownc\.m2\repository\org\apache\axis2\axis2-transport-base\1.6.1-wso2v23\axis2-transport-base-1.6.1-wso2v23.jar;C:\Users\brownc\.m2\repository\com\nimbusds\nimbus-jose-jwt\2.10.1\nimbus-jose-jwt-2.10.1.jar;C:\Users\brownc\.m2\repository\org\bouncycastle\bcprov-jdk16\1.46\bcprov-jdk16-1.46.jar;C:\Users\brownc\.m2\repository\net\jcip\jcip-annotations\1.0\jcip-annotations-1.0.jar;C:\Users\brownc\.m2\repository\net\minidev\json-smart\1.1.1\json-smart-1.1.1.jar;C:\Users\brownc\.m2\repository\org\wso2\carbon\identity\framework\org.wso2.carbon.identity.application.common\5.12.153\org.wso2.carbon.identity.application.common-5.12.153.jar;C:\Users\brownc\.m2\repository\org\json\wso2\json\3.0.0.wso2v1\json-3.0.0.wso2v1.jar;C:\Users\brownc\.m2\repository\org\json\json\20140107\json-20140107.jar;C:\Users\brownc\.m2\repository\junit\junit\4.10\junit-4.10.jar;C:\Users\brownc\.m2\repository\org\hamcrest\hamcrest-core\1.1\hamcrest-core-1.1.jar;C:\Users\brownc\.m2\repository\org\apache\maven\surefire\surefire-testng-utils\2.20.1\surefire-testng-utils-2.20.1.jar;C:\Users\brownc\.m2\repository\org\apache\maven\surefire\surefire-grouper\2.20.1\surefire-grouper-2.20.1.jar;"/>
    <property name="sun.cpu.endian" value="little"/>
    <property name="user.home" value="C:\Users\brownc"/>
    <property name="user.language" value="en"/>
    <property name="java.specification.vendor" value="Oracle Corporation"/>
    <property name="java.home" value="C:\jdk1.8.0\jre"/>
    <property name="basedir" value="C:\d\svn\wso2\iam-openbanking\iam-common"/>
    <property name="file.separator" value="\"/>
    <property name="line.separator" value="&#10;"/>
    <property name="java.vm.specification.vendor" value="Oracle Corporation"/>
    <property name="java.specification.name" value="Java Platform API Specification"/>
    <property name="java.awt.graphicsenv" value="sun.awt.Win32GraphicsEnvironment"/>
    <property name="surefire.real.class.path" value="C:\Users\brownc\AppData\Local\Temp\surefire2818451016803408605\surefirebooter8767760951725178518.jar"/>
    <property name="sun.boot.class.path" value="C:\jdk1.8.0\jre\lib\resources.jar;C:\jdk1.8.0\jre\lib\rt.jar;C:\jdk1.8.0\jre\lib\sunrsasign.jar;C:\jdk1.8.0\jre\lib\jsse.jar;C:\jdk1.8.0\jre\lib\jce.jar;C:\jdk1.8.0\jre\lib\charsets.jar;C:\jdk1.8.0\jre\lib\jfr.jar;C:\jdk1.8.0\jre\classes"/>
    <property name="user.script" value=""/>
    <property name="sun.management.compiler" value="HotSpot 64-Bit Tiered Compilers"/>
    <property name="java.runtime.version" value="1.8.0_201-b09"/>
    <property name="user.name" value="brownc"/>
    <property name="path.separator" value=";"/>
    <property name="os.version" value="10.0"/>
    <property name="java.endorsed.dirs" value="C:\jdk1.8.0\jre\lib\endorsed"/>
    <property name="java.runtime.name" value="Java(TM) SE Runtime Environment"/>
    <property name="file.encoding" value="Cp1252"/>
    <property name="java.vm.name" value="Java HotSpot(TM) 64-Bit Server VM"/>
    <property name="localRepository" value="C:\Users\brownc\.m2\repository"/>
    <property name="java.vendor.url.bug" value="http://bugreport.sun.com/bugreport/"/>
    <property name="java.io.tmpdir" value="C:\Users\brownc\AppData\Local\Temp\"/>
    <property name="java.version" value="1.8.0_201"/>
    <property name="user.dir" value="C:\d\svn\wso2\iam-openbanking\iam-common"/>
    <property name="os.arch" value="amd64"/>
    <property name="java.vm.specification.name" value="Java Virtual Machine Specification"/>
    <property name="java.awt.printerjob" value="sun.awt.windows.WPrinterJob"/>
    <property name="sun.os.patch.level" value=""/>
    <property name="java.library.path" value="C:\jdk1.8.0\jre\bin;C:\WINDOWS\Sun\Java\bin;C:\WINDOWS\system32;C:\WINDOWS;C:\Program Files (x86)\Microsoft SDKs\Azure\CLI2\wbin;C:\jdk1.8.0\bin;C:\Program Files (x86)\Common Files\Oracle\Java\javapath;C:\ProgramData\Oracle\Java\javapath;C:\WINDOWS\system32;C:\WINDOWS;C:\WINDOWS\System32\Wbem;C:\WINDOWS\System32\WindowsPowerShell\v1.0\;C:\WINDOWS\System32\OpenSSH\;C:\PROGRA~2\IBM\CLIENT~1;C:\PROGRA~2\IBM\CLIENT~1\Shared;C:\PROGRA~2\IBM\CLIENT~1\Emulator;C:\Program Files (x86)\Intel\Intel(R) Management Engine Components\DAL;C:\Program Files\Intel\Intel(R) Management Engine Components\DAL;C:\Program Files\VisualSVN Server\bin;C:\apache-maven-3.5.4\bin;C:\Program Files\dotnet\;C:\Program Files\Microsoft SQL Server\130\Tools\Binn\;C:\Program Files\Microsoft SQL Server\Client SDK\ODBC\170\Tools\Binn\;C:\Program Files\TortoiseSVN\bin;C:\Program Files\Git\cmd;C:\Program Files (x86)\dotnet\;C:\Program Files\nodejs\;C:\Users\brownc\AppData\Local\Microsoft\WindowsApps;C:\Users\brownc\AppData\Roaming\npm;C:\Users\brownc\.dotnet\tools;C:\Users\brownc\AppData\Local\Microsoft\WindowsApps;;C:\MicrosoftVSCode\bin;."/>
    <property name="java.vm.info" value="mixed mode"/>
    <property name="java.vendor" value="Oracle Corporation"/>
    <property name="java.vm.version" value="25.201-b09"/>
    <property name="java.ext.dirs" value="C:\jdk1.8.0\jre\lib\ext;C:\WINDOWS\Sun\Java\lib\ext"/>
    <property name="sun.io.unicode.encoding" value="UnicodeLittle"/>
    <property name="java.class.version" value="52.0"/>
  </properties>
</testsuite>