<?xml version="1.0" encoding="UTF-8"?>
<testsuite xmlns:xsi="http://www.w3.org/2001/XMLSchema-instance" xsi:noNamespaceSchemaLocation="https://maven.apache.org/surefire/maven-surefire-plugin/xsd/surefire-test-report.xsd" name="TestSuite" time="0.796" tests="0" errors="0" skipped="0" failures="0">
  <properties>
    <property name="sun.desktop" value="windows"/>
    <property name="awt.toolkit" value="sun.awt.windows.WToolkit"/>
    <property name="file.encoding.pkg" value="sun.io"/>
    <property name="java.specification.version" value="1.8"/>
    <property name="sun.cpu.isalist" value="amd64"/>
    <property name="sun.jnu.encoding" value="Cp1252"/>
    <property name="java.class.path" value="C:\GitRepo\iam-openbanking\apim-user-signup-workflow\target\test-classes;C:\GitRepo\iam-openbanking\apim-user-signup-workflow\target\classes;C:\Users\obekpaa\.m2\repository\org\slf4j\slf4j-api\1.7.25\slf4j-api-1.7.25.jar;C:\Users\obekpaa\.m2\repository\org\wso2\carbon\apimgt\org.wso2.carbon.apimgt.impl\6.4.50\org.wso2.carbon.apimgt.impl-6.4.50.jar;C:\Users\obekpaa\.m2\repository\org\wso2\carbon\analytics-common\org.wso2.carbon.event.output.adapter.core\5.1.42\org.wso2.carbon.event.output.adapter.core-5.1.42.jar;C:\Users\obekpaa\.m2\repository\xerces\xercesImpl\2.11.0\xercesImpl-2.11.0.jar;C:\Users\obekpaa\.m2\repository\org\wso2\carbon\analytics-common\org.wso2.carbon.event.output.adapter.email\5.1.42\org.wso2.carbon.event.output.adapter.email-5.1.42.jar;C:\Users\obekpaa\.m2\repository\org\apache\axis2\transport\axis2-transport-mail\1.1.1-wso2v2\axis2-transport-mail-1.1.1-wso2v2.jar;C:\Users\obekpaa\.m2\repository\org\apache\axis2\axis2-transport-base\1.6.1-wso2v17\axis2-transport-base-1.6.1-wso2v17.jar;C:\Users\obekpaa\.m2\repository\org\apache\axis2\axis2-kernel\1.6.1-wso2v17\axis2-kernel-1.6.1-wso2v17.jar;C:\Users\obekpaa\.m2\repository\org\apache\geronimo\specs\geronimo-ws-metadata_2.0_spec\1.1.2\geronimo-ws-metadata_2.0_spec-1.1.2.jar;C:\Users\obekpaa\.m2\repository\org\apache\neethi\neethi\2.0.4\neethi-2.0.4.jar;C:\Users\obekpaa\.m2\repository\javax\ws\rs\jsr311-api\1.0\jsr311-api-1.0.jar;C:\Users\obekpaa\.m2\repository\commons-logging\commons-logging\1.2\commons-logging-1.2.jar;C:\Users\obekpaa\.m2\repository\org\wso2\carbon\analytics-common\org.wso2.carbon.event.output.adapter.sms\5.1.42\org.wso2.carbon.event.output.adapter.sms-5.1.42.jar;C:\Users\obekpaa\.m2\repository\org\wso2\carbon\org.wso2.carbon.logging\4.4.26\org.wso2.carbon.logging-4.4.26.jar;C:\Users\obekpaa\.m2\repository\org\apache\log4j\wso2\log4j\1.2.17.wso2v1\log4j-1.2.17.wso2v1.jar;C:\Users\obekpaa\.m2\repository\org\wso2\carbon\org.wso2.carbon.bootstrap\4.4.26\org.wso2.carbon.bootstrap-4.4.26.jar;C:\Users\obekpaa\.m2\repository\wrapper\wrapper\3.2.3\wrapper-3.2.3.jar;C:\Users\obekpaa\.m2\repository\com\google\guava\guava\19.0\guava-19.0.jar;C:\Users\obekpaa\.m2\repository\org\apache\woden\wso2\woden\1.0.0.M9-wso2v1\woden-1.0.0.M9-wso2v1.jar;C:\Users\obekpaa\.m2\repository\org\apache\woden\woden-all\1.0.0.M9-wso2v1\woden-all-1.0.0.M9-wso2v1.jar;C:\Users\obekpaa\.m2\repository\org\apache\woden\woden-api\1.0M9\woden-api-1.0M9.jar;C:\Users\obekpaa\.m2\repository\org\apache\woden\woden-impl-dom\1.0M9\woden-impl-dom-1.0M9.jar;C:\Users\obekpaa\.m2\repository\org\apache\woden\woden-impl-commons\1.0M9\woden-impl-commons-1.0M9.jar;C:\Users\obekpaa\.m2\repository\org\wso2\carbon\org.wso2.carbon.user.core\4.4.35\org.wso2.carbon.user.core-4.4.35.jar;C:\Users\obekpaa\.m2\repository\org\wso2\carbon\javax.cache.wso2\4.4.35\javax.cache.wso2-4.4.35.jar;C:\Users\obekpaa\.m2\repository\org\apache\geronimo\specs\geronimo-jta_1.1_spec\1.1\geronimo-jta_1.1_spec-1.1.jar;C:\Users\obekpaa\.m2\repository\org\wso2\carbon\org.wso2.carbon.user.api\4.4.35\org.wso2.carbon.user.api-4.4.35.jar;C:\Users\obekpaa\.m2\repository\commons-dbcp\wso2\commons-dbcp\1.4.0.wso2v1\commons-dbcp-1.4.0.wso2v1.jar;C:\Users\obekpaa\.m2\repository\org\wso2\orbit\org\apache\tomcat\jdbc-pool\7.0.81.wso2v2\jdbc-pool-7.0.81.wso2v2.jar;C:\Users\obekpaa\.m2\repository\org\wso2\securevault\org.wso2.securevault\1.0.0-wso2v2\org.wso2.securevault-1.0.0-wso2v2.jar;C:\Users\obekpaa\.m2\repository\log4j\log4j\1.2.14\log4j-1.2.14.jar;C:\Users\obekpaa\.m2\repository\jline\jline\0.9.94\jline-0.9.94.jar;C:\Users\obekpaa\.m2\repository\commons-cli\commons-cli\1.0\commons-cli-1.0.jar;C:\Users\obekpaa\.m2\repository\commons-io\commons-io\2.0\commons-io-2.0.jar;C:\Users\obekpaa\.m2\repository\org\wso2\orbit\commons-collections\commons-collections\3.2.2.wso2v1\commons-collections-3.2.2.wso2v1.jar;C:\Users\obekpaa\.m2\repository\commons-lang\wso2\commons-lang\2.6.0.wso2v1\commons-lang-2.6.0.wso2v1.jar;C:\Users\obekpaa\.m2\repository\org\wso2\carbon\governance\org.wso2.carbon.governance.api\4.7.27\org.wso2.carbon.governance.api-4.7.27.jar;C:\Users\obekpaa\.m2\repository\com\ibm\icu\icu4j\3.8\icu4j-3.8.jar;C:\Users\obekpaa\.m2\repository\org\eclipse\equinox\org.eclipse.equinox.registry\3.5.100.v20110502\org.eclipse.equinox.registry-3.5.100.v20110502.jar;C:\Users\obekpaa\.m2\repository\org\wso2\carbon\org.wso2.carbon.registry.core\4.4.14\org.wso2.carbon.registry.core-4.4.14.jar;C:\Users\obekpaa\.m2\repository\commons-io\wso2\commons-io\2.4.0.wso2v1\commons-io-2.4.0.wso2v1.jar;C:\Users\obekpaa\.m2\repository\net\sourceforge\findbugs\annotations\1.3.2\annotations-1.3.2.jar;C:\Users\obekpaa\.m2\repository\org\wso2\carbon\org.wso2.carbon.registry.xboot\4.4.14\org.wso2.carbon.registry.xboot-4.4.14.jar;C:\Users\obekpaa\.m2\repository\org\compass-project\wso2\compass\2.0.1.wso2v2\compass-2.0.1.wso2v2.jar;C:\Users\obekpaa\.m2\repository\org\apache\abdera\wso2\abdera\1.0.0.wso2v3\abdera-1.0.0.wso2v3.jar;C:\Users\obekpaa\.m2\repository\org\apache\tomcat\wso2\jdbc-pool\7.0.34.wso2v2\jdbc-pool-7.0.34.wso2v2.jar;C:\Users\obekpaa\.m2\repository\org\apache\tomcat\tomcat-jdbc\7.0.47\tomcat-jdbc-7.0.47.jar;C:\Users\obekpaa\.m2\repository\eclipse\validateutility\0.95\validateutility-0.95.jar;C:\Users\obekpaa\.m2\repository\org\apache\ws\commons\axiom\axiom-impl\1.2.11-wso2v9\axiom-impl-1.2.11-wso2v9.jar;C:\Users\obekpaa\.m2\repository\org\wso2\carbon\registry\org.wso2.carbon.registry.extensions\4.6.3\org.wso2.carbon.registry.extensions-4.6.3.jar;C:\Users\obekpaa\.m2\repository\org\wso2\carbon\registry\org.wso2.carbon.registry.uddi\4.6.3\org.wso2.carbon.registry.uddi-4.6.3.jar;C:\Users\obekpaa\.m2\repository\org\apache\juddi\juddi-core\3.1.5.wso2v1\juddi-core-3.1.5.wso2v1.jar;C:\Users\obekpaa\.m2\repository\org\apache\juddi\uddi-ws\3.1.5.wso2v1\uddi-ws-3.1.5.wso2v1.jar;C:\Users\obekpaa\.m2\repository\org\apache\juddi\uddi-tck-base\3.1.5.wso2v1\uddi-tck-base-3.1.5.wso2v1.jar;C:\Users\obekpaa\.m2\repository\xmlunit\xmlunit\1.3\xmlunit-1.3.jar;C:\Users\obekpaa\.m2\repository\commons-configuration\commons-configuration\1.6\commons-configuration-1.6.jar;C:\Users\obekpaa\.m2\repository\commons-beanutils\commons-beanutils-core\1.8.0\commons-beanutils-core-1.8.0.jar;C:\Users\obekpaa\.m2\repository\javax\persistence\persistence-api\1.0\persistence-api-1.0.jar;C:\Users\obekpaa\.m2\repository\org\hibernate\hibernate\3.2.5.ga\hibernate-3.2.5.ga.jar;C:\Users\obekpaa\.m2\repository\net\sf\ehcache\ehcache\1.2.3\ehcache-1.2.3.jar;C:\Users\obekpaa\.m2\repository\javax\transaction\jta\1.0.1B\jta-1.0.1B.jar;C:\Users\obekpaa\.m2\repository\asm\asm-attrs\1.5.3\asm-attrs-1.5.3.jar;C:\Users\obekpaa\.m2\repository\antlr\antlr\2.7.6\antlr-2.7.6.jar;C:\Users\obekpaa\.m2\repository\org\hibernate\hibernate-entitymanager\3.3.1.ga\hibernate-entitymanager-3.3.1.ga.jar;C:\Users\obekpaa\.m2\repository\org\hibernate\hibernate-annotations\3.3.0.ga\hibernate-annotations-3.3.0.ga.jar;C:\Users\obekpaa\.m2\repository\org\hibernate\hibernate-commons-annotations\3.0.0.ga\hibernate-commons-annotations-3.0.0.ga.jar;C:\Users\obekpaa\.m2\repository\org\hibernate\hibernate-validator\3.0.0.ga\hibernate-validator-3.0.0.ga.jar;C:\Users\obekpaa\.m2\repository\jboss\jboss-common-core\2.0.4.GA\jboss-common-core-2.0.4.GA.jar;C:\Users\obekpaa\.m2\repository\cglib\cglib-nodep\2.1_3\cglib-nodep-2.1_3.jar;C:\Users\obekpaa\.m2\repository\commons-logging\commons-logging-api\1.1\commons-logging-api-1.1.jar;C:\Users\obekpaa\.m2\repository\org\apache\juddi\juddi-client\3.1.5.wso2v1\juddi-client-3.1.5.wso2v1.jar;C:\Users\obekpaa\.m2\repository\org\apache\geronimo\specs\geronimo-jpa_2.0_spec\1.0\geronimo-jpa_2.0_spec-1.0.jar;C:\Users\obekpaa\.m2\repository\org\apache\openjpa\openjpa\2.2.0-wso2v1\openjpa-2.2.0-wso2v1.jar;C:\Users\obekpaa\.m2\repository\net\sourceforge\serp\serp\1.13.1\serp-1.13.1.jar;C:\Users\obekpaa\.m2\repository\asm\asm\3.2\asm-3.2.jar;C:\Users\obekpaa\.m2\repository\org\wso2\orbit\wadl\core\wadl-core\1.1.6.wso2v1\wadl-core-1.1.6.wso2v1.jar;C:\Users\obekpaa\.m2\repository\org\jvnet\ws\wadl\wadl-core\1.1.6\wadl-core-1.1.6.jar;C:\Users\obekpaa\.m2\repository\org\glassfish\jersey\core\jersey-common\2.5.1\jersey-common-2.5.1.jar;C:\Users\obekpaa\.m2\repository\javax\ws\rs\javax.ws.rs-api\2.0\javax.ws.rs-api-2.0.jar;C:\Users\obekpaa\.m2\repository\javax\annotation\javax.annotation-api\1.2\javax.annotation-api-1.2.jar;C:\Users\obekpaa\.m2\repository\org\glassfish\hk2\hk2-api\2.2.0-b21\hk2-api-2.2.0-b21.jar;C:\Users\obekpaa\.m2\repository\org\glassfish\hk2\hk2-utils\2.2.0-b21\hk2-utils-2.2.0-b21.jar;C:\Users\obekpaa\.m2\repository\org\glassfish\hk2\external\javax.inject\2.2.0-b21\javax.inject-2.2.0-b21.jar;C:\Users\obekpaa\.m2\repository\org\glassfish\hk2\hk2-locator\2.2.0-b21\hk2-locator-2.2.0-b21.jar;C:\Users\obekpaa\.m2\repository\org\glassfish\hk2\external\asm-all-repackaged\2.2.0-b21\asm-all-repackaged-2.2.0-b21.jar;C:\Users\obekpaa\.m2\repository\org\glassfish\hk2\external\cglib\2.2.0-b21\cglib-2.2.0-b21.jar;C:\Users\obekpaa\.m2\repository\org\glassfish\hk2\osgi-resource-locator\1.0.1\osgi-resource-locator-1.0.1.jar;C:\Users\obekpaa\.m2\repository\org\jsonschema2pojo\jsonschema2pojo-core\0.4.0\jsonschema2pojo-core-0.4.0.jar;C:\Users\obekpaa\.m2\repository\org\jvnet\ws\wadl\wadl-xslt\1.1.6\wadl-xslt-1.1.6.jar;C:\Users\obekpaa\.m2\repository\com\googlecode\jsonschema2pojo\jsonschema2pojo-core\0.3.4\jsonschema2pojo-core-0.3.4.jar;C:\Users\obekpaa\.m2\repository\org\codehaus\jackson\jackson-mapper-asl\1.9.13\jackson-mapper-asl-1.9.13.jar;C:\Users\obekpaa\.m2\repository\org\codehaus\jackson\jackson-core-asl\1.9.13\jackson-core-asl-1.9.13.jar;C:\Users\obekpaa\.m2\repository\com\sun\codemodel\codemodel\2.4.1\codemodel-2.4.1.jar;C:\Users\obekpaa\.m2\repository\javax\validation\validation-api\1.0.0.GA\validation-api-1.0.0.GA.jar;C:\Users\obekpaa\.m2\repository\com\google\code\findbugs\annotations\1.3.9\annotations-1.3.9.jar;C:\Users\obekpaa\.m2\repository\com\sun\localizer\localizer\1.0\localizer-1.0.jar;C:\Users\obekpaa\.m2\repository\com\sun\localizer\comresrcgen\1.0\comresrcgen-1.0.jar;C:\Users\obekpaa\.m2\repository\com\sun\jersey\jersey-client\1.19.1\jersey-client-1.19.1.jar;C:\Users\obekpaa\.m2\repository\com\sun\jersey\jersey-core\1.19.1\jersey-core-1.19.1.jar;C:\Users\obekpaa\.m2\repository\com\sun\jersey\jersey-server\1.12\jersey-server-1.12.jar;C:\Users\obekpaa\.m2\repository\com\sun\xml\bind\jaxb-impl\2.2.6\jaxb-impl-2.2.6.jar;C:\Users\obekpaa\.m2\repository\com\sun\xml\bind\jaxb-xjc\2.2.6\jaxb-xjc-2.2.6.jar;C:\Users\obekpaa\.m2\repository\org\eclipse\core\org.eclipse.core.runtime\3.5.0.v20090429-1800\org.eclipse.core.runtime-3.5.0.v20090429-1800.jar;C:\Users\obekpaa\.m2\repository\org\wso2\carbon\org.wso2.carbon.registry.server\4.4.14\org.wso2.carbon.registry.server-4.4.14.jar;C:\Users\obekpaa\.m2\repository\org\apache\maven\scm\wso2\maven-scm\1.7.0.wso2v1\maven-scm-1.7.0.wso2v1.jar;C:\Users\obekpaa\.m2\repository\org\apache\maven\scm\maven-scm-provider-svnexe\1.7.0-wso2v1\maven-scm-provider-svnexe-1.7.0-wso2v1.jar;C:\Users\obekpaa\.m2\repository\org\apache\maven\scm\maven-scm-api\1.7\maven-scm-api-1.7.jar;C:\Users\obekpaa\.m2\repository\org\apache\maven\scm\maven-scm-manager-plexus\1.7\maven-scm-manager-plexus-1.7.jar;C:\Users\obekpaa\.m2\repository\org\codehaus\plexus\plexus-container-default\1.0-alpha-9\plexus-container-default-1.0-alpha-9.jar;C:\Users\obekpaa\.m2\repository\classworlds\classworlds\1.1-alpha-2\classworlds-1.1-alpha-2.jar;C:\Users\obekpaa\.m2\repository\org\apache\maven\scm\maven-scm-provider-svn-commons\1.7\maven-scm-provider-svn-commons-1.7.jar;C:\Users\obekpaa\.m2\repository\regexp\regexp\1.3\regexp-1.3.jar;C:\Users\obekpaa\.m2\repository\org\codehaus\plexus\plexus-utils\2.0.5\plexus-utils-2.0.5.jar;C:\Users\obekpaa\.m2\repository\org\apache\maven\scm\maven-scm-client\1.7\maven-scm-client-1.7.jar;C:\Users\obekpaa\.m2\repository\org\apache\maven\scm\maven-scm-provider-accurev\1.7\maven-scm-provider-accurev-1.7.jar;C:\Users\obekpaa\.m2\repository\org\apache\maven\scm\maven-scm-provider-bazaar\1.7\maven-scm-provider-bazaar-1.7.jar;C:\Users\obekpaa\.m2\repository\org\apache\maven\scm\maven-scm-provider-clearcase\1.7\maven-scm-provider-clearcase-1.7.jar;C:\Users\obekpaa\.m2\repository\org\apache\maven\scm\maven-scm-provider-cvsexe\1.7\maven-scm-provider-cvsexe-1.7.jar;C:\Users\obekpaa\.m2\repository\org\apache\maven\scm\maven-scm-provider-cvs-commons\1.7\maven-scm-provider-cvs-commons-1.7.jar;C:\Users\obekpaa\.m2\repository\org\apache\maven\scm\maven-scm-provider-cvsjava\1.7\maven-scm-provider-cvsjava-1.7.jar;C:\Users\obekpaa\.m2\repository\org\netbeans\lib\cvsclient\20060125\cvsclient-20060125.jar;C:\Users\obekpaa\.m2\repository\ch\ethz\ganymed\ganymed-ssh2\build210\ganymed-ssh2-build210.jar;C:\Users\obekpaa\.m2\repository\org\apache\maven\scm\maven-scm-provider-gitexe\1.7\maven-scm-provider-gitexe-1.7.jar;C:\Users\obekpaa\.m2\repository\org\apache\maven\scm\maven-scm-provider-git-commons\1.7\maven-scm-provider-git-commons-1.7.jar;C:\Users\obekpaa\.m2\repository\org\apache\maven\scm\maven-scm-provider-hg\1.7\maven-scm-provider-hg-1.7.jar;C:\Users\obekpaa\.m2\repository\org\apache\maven\scm\maven-scm-provider-jazz\1.7\maven-scm-provider-jazz-1.7.jar;C:\Users\obekpaa\.m2\repository\org\apache\maven\scm\maven-scm-provider-local\1.7\maven-scm-provider-local-1.7.jar;C:\Users\obekpaa\.m2\repository\org\apache\maven\scm\maven-scm-provider-perforce\1.7\maven-scm-provider-perforce-1.7.jar;C:\Users\obekpaa\.m2\repository\org\apache\maven\scm\maven-scm-provider-starteam\1.7\maven-scm-provider-starteam-1.7.jar;C:\Users\obekpaa\.m2\repository\org\apache\maven\scm\maven-scm-provider-synergy\1.7\maven-scm-provider-synergy-1.7.jar;C:\Users\obekpaa\.m2\repository\org\apache\maven\scm\maven-scm-provider-vss\1.7\maven-scm-provider-vss-1.7.jar;C:\Users\obekpaa\.m2\repository\org\apache\maven\scm\maven-scm-provider-tfs\1.7\maven-scm-provider-tfs-1.7.jar;C:\Users\obekpaa\.m2\repository\org\apache\juddi\wso2\juddi\3.1.5.wso2v1\juddi-3.1.5.wso2v1.jar;C:\Users\obekpaa\.m2\repository\org\wso2\carbon\registry\org.wso2.carbon.registry.common\4.6.3\org.wso2.carbon.registry.common-4.6.3.jar;C:\Users\obekpaa\.m2\repository\commons-beanutils\wso2\commons-beanutils\1.8.0.wso2v1\commons-beanutils-1.8.0.wso2v1.jar;C:\Users\obekpaa\.m2\repository\org\wso2\carbon\org.wso2.carbon.feature.mgt.services\4.4.14\org.wso2.carbon.feature.mgt.services-4.4.14.jar;C:\Users\obekpaa\.m2\repository\org\wso2\carbon\org.wso2.carbon.feature.mgt.core\4.4.14\org.wso2.carbon.feature.mgt.core-4.4.14.jar;C:\Users\obekpaa\.m2\repository\org\eclipse\equinox\org.eclipse.equinox.p2.artifact.repository\1.1.100.v20110519\org.eclipse.equinox.p2.artifact.repository-1.1.100.v20110519.jar;C:\Users\obekpaa\.m2\repository\org\eclipse\equinox\org.eclipse.equinox.p2.director\2.3.0.v20130526-0335\org.eclipse.equinox.p2.director-2.3.0.v20130526-0335.jar;C:\Users\obekpaa\.m2\repository\org\eclipse\equinox\org.eclipse.equinox.p2.metadata.repository\1.2.100.v20130327-2119\org.eclipse.equinox.p2.metadata.repository-1.2.100.v20130327-2119.jar;C:\Users\obekpaa\.m2\repository\org\eclipse\equinox\org.eclipse.equinox.simpleconfigurator\1.0.400.v20130327-2119\org.eclipse.equinox.simpleconfigurator-1.0.400.v20130327-2119.jar;C:\Users\obekpaa\.m2\repository\org\eclipse\equinox\org.eclipse.equinox.p2.core\2.3.0.v20130327-2119\org.eclipse.equinox.p2.core-2.3.0.v20130327-2119.jar;C:\Users\obekpaa\.m2\repository\org\eclipse\equinox\org.eclipse.equinox.p2.engine\2.3.0.v20130526-2122-wso2v1\org.eclipse.equinox.p2.engine-2.3.0.v20130526-2122-wso2v1.jar;C:\Users\obekpaa\.m2\repository\org\eclipse\core\org.eclipse.core.jobs\3.5.300.v20130429-1813\org.eclipse.core.jobs-3.5.300.v20130429-1813.jar;C:\Users\obekpaa\.m2\repository\org\eclipse\equinox\org.eclipse.equinox.util\1.0.500.v20130404-1337\org.eclipse.equinox.util-1.0.500.v20130404-1337.jar;C:\Users\obekpaa\.m2\repository\org\eclipse\equinox\org.eclipse.equinox.security\1.2.0.v20130424-1801\org.eclipse.equinox.security-1.2.0.v20130424-1801.jar;C:\Users\obekpaa\.m2\repository\org\eclipse\equinox\org.eclipse.equinox.p2.publisher.eclipse\1.1.200.v20130516-1953\org.eclipse.equinox.p2.publisher.eclipse-1.1.200.v20130516-1953.jar;C:\Users\obekpaa\.m2\repository\org\eclipse\equinox\org.eclipse.equinox.p2.publisher.pdepublishing\1.0.0\org.eclipse.equinox.p2.publisher.pdepublishing-1.0.0.jar;C:\Users\obekpaa\.m2\repository\org\eclipse\equinox\org.eclipse.equinox.p2.garbagecollector\1.0.200.v20130327-2119\org.eclipse.equinox.p2.garbagecollector-1.0.200.v20130327-2119.jar;C:\Users\obekpaa\.m2\repository\org\eclipse\equinox\org.eclipse.equinox.p2.publisher\1.3.0.v20130509-0110\org.eclipse.equinox.p2.publisher-1.3.0.v20130509-0110.jar;C:\Users\obekpaa\.m2\repository\org\eclipse\equinox\org.eclipse.equinox.preferences\3.5.100.v20130422-1538\org.eclipse.equinox.preferences-3.5.100.v20130422-1538.jar;C:\Users\obekpaa\.m2\repository\org\eclipse\equinox\org.eclipse.equinox.simpleconfigurator.manipulator\2.0.0.v20130327-2119\org.eclipse.equinox.simpleconfigurator.manipulator-2.0.0.v20130327-2119.jar;C:\Users\obekpaa\.m2\repository\org\eclipse\equinox\org.eclipse.equinox.frameworkadmin\2.0.100.v20130327-2119\org.eclipse.equinox.frameworkadmin-2.0.100.v20130327-2119.jar;C:\Users\obekpaa\.m2\repository\org\eclipse\equinox\org.eclipse.equinox.p2.metadata\2.2.0.v20130523-1557\org.eclipse.equinox.p2.metadata-2.2.0.v20130523-1557.jar;C:\Users\obekpaa\.m2\repository\org\eclipse\equinox\org.eclipse.equinox.p2.repository\2.3.0.v20130412-2032\org.eclipse.equinox.p2.repository-2.3.0.v20130412-2032.jar;C:\Users\obekpaa\.m2\repository\org\eclipse\equinox\org.eclipse.equinox.common\3.6.200.v20130402-1505\org.eclipse.equinox.common-3.6.200.v20130402-1505.jar;C:\Users\obekpaa\.m2\repository\org\wso2\carbon\registry\org.wso2.carbon.registry.admin.api\4.6.3\org.wso2.carbon.registry.admin.api-4.6.3.jar;C:\Users\obekpaa\.m2\repository\org\wso2\carbon\commons\org.wso2.carbon.ntask.core\4.5.4\org.wso2.carbon.ntask.core-4.5.4.jar;C:\Users\obekpaa\.m2\repository\org\wso2\carbon\commons\org.wso2.carbon.ntask.common\4.5.4\org.wso2.carbon.ntask.common-4.5.4.jar;C:\Users\obekpaa\.m2\repository\org\wso2\carbon\commons\org.wso2.carbon.remote-tasks.stub\4.5.4\org.wso2.carbon.remote-tasks.stub-4.5.4.jar;C:\Users\obekpaa\.m2\repository\org\quartz-scheduler\wso2\quartz\2.1.1.wso2v1\quartz-2.1.1.wso2v1.jar;C:\Users\obekpaa\.m2\repository\org\quartz-scheduler\quartz\2.1.1\quartz-2.1.1.jar;C:\Users\obekpaa\.m2\repository\c3p0\c3p0\0.9.1.1\c3p0-0.9.1.1.jar;C:\Users\obekpaa\.m2\repository\org\wso2\carbon\registry\org.wso2.carbon.registry.ws.client\4.6.38\org.wso2.carbon.registry.ws.client-4.6.38.jar;C:\Users\obekpaa\.m2\repository\org\apache\axis2\wso2\axis2\1.6.1.wso2v17\axis2-1.6.1.wso2v17.jar;C:\Users\obekpaa\.m2\repository\org\apache\rampart\rampart-core\1.6.1-wso2v19\rampart-core-1.6.1-wso2v19.jar;C:\Users\obekpaa\.m2\repository\org\apache\axis2\mex\1.6.1-wso2v17\mex-1.6.1-wso2v17-impl.jar;C:\Users\obekpaa\.m2\repository\org\apache\axis2\axis2-mtompolicy\1.6.1-wso2v17\axis2-mtompolicy-1.6.1-wso2v17.jar;C:\Users\obekpaa\.m2\repository\org\apache\ws\commons\axiom\axiom-dom\1.2.11-wso2v10\axiom-dom-1.2.11-wso2v10.jar;C:\Users\obekpaa\.m2\repository\org\apache\ws\security\wss4j\1.5.11-wso2v11\wss4j-1.5.11-wso2v11.jar;C:\Users\obekpaa\.m2\repository\org\apache\xalan\xalan\2.7.1\xalan-2.7.1.jar;C:\Users\obekpaa\.m2\repository\org\apache\santuario\xmlsec\1.4.2\xmlsec-1.4.2.jar;C:\Users\obekpaa\.m2\repository\org\opensaml\opensaml1\1.1\opensaml1-1.1.jar;C:\Users\obekpaa\.m2\repository\org\opensaml\opensaml\2.2.3\opensaml-2.2.3.jar;C:\Users\obekpaa\.m2\repository\org\opensaml\openws\1.2.2\openws-1.2.2.jar;C:\Users\obekpaa\.m2\repository\org\opensaml\xmltooling\1.2.0\xmltooling-1.2.0.jar;C:\Users\obekpaa\.m2\repository\org\slf4j\jcl-over-slf4j\1.5.5\jcl-over-slf4j-1.5.5.jar;C:\Users\obekpaa\.m2\repository\org\slf4j\log4j-over-slf4j\1.5.5\log4j-over-slf4j-1.5.5.jar;C:\Users\obekpaa\.m2\repository\org\bouncycastle\bcprov-ext-jdk15\1.40\bcprov-ext-jdk15-1.40.jar;C:\Users\obekpaa\.m2\repository\jargs\jargs\1.0\jargs-1.0.jar;C:\Users\obekpaa\.m2\repository\velocity\velocity\1.5\velocity-1.5.jar;C:\Users\obekpaa\.m2\repository\org\apache\xerces\xml-apis\2.9.1\xml-apis-2.9.1.jar;C:\Users\obekpaa\.m2\repository\org\apache\xerces\xercesImpl\2.9.1\xercesImpl-2.9.1.jar;C:\Users\obekpaa\.m2\repository\org\apache\xerces\resolver\2.9.1\resolver-2.9.1.jar;C:\Users\obekpaa\.m2\repository\org\apache\xerces\serializer\2.9.1\serializer-2.9.1.jar;C:\Users\obekpaa\.m2\repository\commons-lang\commons-lang\2.3\commons-lang-2.3.jar;C:\Users\obekpaa\.m2\repository\bouncycastle\bcprov-jdk14\140\bcprov-jdk14-140.jar;C:\Users\obekpaa\.m2\repository\org\apache\rampart\rampart-policy\1.6.1-wso2v19\rampart-policy-1.6.1-wso2v19.jar;C:\Users\obekpaa\.m2\repository\org\apache\rampart\rampart-trust\1.6.1-wso2v19\rampart-trust-1.6.1-wso2v19.jar;C:\Users\obekpaa\.m2\repository\org\wso2\carbon\org.wso2.carbon.authenticator.proxy\4.4.14\org.wso2.carbon.authenticator.proxy-4.4.14.jar;C:\Users\obekpaa\.m2\repository\org\wso2\carbon\registry\org.wso2.carbon.registry.common.ui\4.6.38\org.wso2.carbon.registry.common.ui-4.6.38.jar;C:\Users\obekpaa\.m2\repository\org\eclipse\equinox\javax.servlet.jsp\2.2.0.v201112011158\javax.servlet.jsp-2.2.0.v201112011158.jar;C:\Users\obekpaa\.m2\repository\org\wso2\carbon\org.wso2.carbon.server.admin.common\4.4.14\org.wso2.carbon.server.admin.common-4.4.14.jar;C:\Users\obekpaa\.m2\repository\org\wso2\carbon\org.wso2.carbon.server.admin.ui\4.4.14\org.wso2.carbon.server.admin.ui-4.4.14.jar;C:\Users\obekpaa\.m2\repository\org\wso2\carbon\org.wso2.carbon.server.admin.stub\4.4.14\org.wso2.carbon.server.admin.stub-4.4.14.jar;C:\Users\obekpaa\.m2\repository\org\wso2\carbon\org.wso2.carbon.base\4.4.14\org.wso2.carbon.base-4.4.14.jar;C:\Users\obekpaa\.m2\repository\org\wso2\carbon\org.wso2.carbon.securevault\4.4.14\org.wso2.carbon.securevault-4.4.14.jar;C:\Users\obekpaa\.m2\repository\commons-beanutils\commons-beanutils\1.8.0\commons-beanutils-1.8.0.jar;C:\Users\obekpaa\.m2\repository\commons-collections\commons-collections\3.2\commons-collections-3.2.jar;C:\Users\obekpaa\.m2\repository\commons-digester\commons-digester\1.8\commons-digester-1.8.jar;C:\Users\obekpaa\.m2\repository\org\apache\ws\commons\axiom\wso2\axiom\1.2.11.wso2v10\axiom-1.2.11.wso2v10.jar;C:\Users\obekpaa\.m2\repository\org\codehaus\woodstox\woodstox-core-asl\4.2.0\woodstox-core-asl-4.2.0.jar;C:\Users\obekpaa\.m2\repository\org\codehaus\woodstox\stax2-api\3.1.1\stax2-api-3.1.1.jar;C:\Users\obekpaa\.m2\repository\javax\xml\stream\stax-api\1.0-2\stax-api-1.0-2.jar;C:\Users\obekpaa\.m2\repository\org\wso2\carbon\org.wso2.carbon.ui\4.4.14\org.wso2.carbon.ui-4.4.14.jar;C:\Users\obekpaa\.m2\repository\org\apache\tiles\wso2\tiles-jsp\2.0.5.wso2v1\tiles-jsp-2.0.5.wso2v1.jar;C:\Users\obekpaa\.m2\repository\org\wso2\carbon\org.wso2.carbon.tomcat\4.4.14\org.wso2.carbon.tomcat-4.4.14.jar;C:\Users\obekpaa\.m2\repository\org\wso2\tomcat\tomcat\7.0.75.wso2v1\tomcat-7.0.75.wso2v1.jar;C:\Users\obekpaa\.m2\repository\org\eclipse\equinox\org.eclipse.equinox.http.servlet\1.1.400.v20130418-1354\org.eclipse.equinox.http.servlet-1.1.400.v20130418-1354.jar;C:\Users\obekpaa\.m2\repository\org\eclipse\equinox\org.apache.jasper.glassfish\2.2.2.v201205150955\org.apache.jasper.glassfish-2.2.2.v201205150955.jar;C:\Users\obekpaa\.m2\repository\org\wso2\carbon\org.wso2.carbon.core.commons.stub\4.4.14\org.wso2.carbon.core.commons.stub-4.4.14.jar;C:\Users\obekpaa\.m2\repository\javax\servlet\jsp\jstl\wso2\jstl\1.2.1.wso2v2\jstl-1.2.1.wso2v2.jar;C:\Users\obekpaa\.m2\repository\org\wso2\orbit\org\owasp\encoder\encoder\1.2.0.wso2v1\encoder-1.2.0.wso2v1.jar;C:\Users\obekpaa\.m2\repository\org\wso2\carbon\registry\org.wso2.carbon.registry.ws.stub\4.6.38\org.wso2.carbon.registry.ws.stub-4.6.38.jar;C:\Users\obekpaa\.m2\repository\org\apache\ws\security\wso2\wss4j\1.5.11.wso2v11\wss4j-1.5.11.wso2v11.jar;C:\Users\obekpaa\.m2\repository\org\apache\poi\wso2\poi-ooxml\3.9.0.wso2v3\poi-ooxml-3.9.0.wso2v3.jar;C:\Users\obekpaa\.m2\repository\org\wso2\wsdl4j\wsdl4j.wso2\1.6.3.wso2v3\wsdl4j.wso2-1.6.3.wso2v3.jar;C:\Users\obekpaa\.m2\repository\org\wso2\carbon\org.wso2.carbon.core\4.4.35\org.wso2.carbon.core-4.4.35.jar;C:\Users\obekpaa\.m2\repository\org\wso2\orbit\com\hazelcast\hazelcast\3.5.4.wso2v2\hazelcast-3.5.4.wso2v2.jar;C:\Users\obekpaa\.m2\repository\com\hazelcast\hazelcast-all\3.5.4\hazelcast-all-3.5.4.jar;C:\Users\obekpaa\.m2\repository\org\eclipse\osgi\org.eclipse.osgi\3.9.1.v20130814-1242\org.eclipse.osgi-3.9.1.v20130814-1242.jar;C:\Users\obekpaa\.m2\repository\org\eclipse\osgi\org.eclipse.osgi.services\3.3.100.v20130513-1956\org.eclipse.osgi.services-3.3.100.v20130513-1956.jar;C:\Users\obekpaa\.m2\repository\org\eclipse\equinox\org.eclipse.equinox.http.helper\1.1.0.wso2v1\org.eclipse.equinox.http.helper-1.1.0.wso2v1.jar;C:\Users\obekpaa\.m2\repository\org\wso2\orbit\org\bouncycastle\bcprov-jdk15on\1.52.0.wso2v1\bcprov-jdk15on-1.52.0.wso2v1.jar;C:\Users\obekpaa\.m2\repository\org\bouncycastle\bcprov-jdk15on\1.52\bcprov-jdk15on-1.52.jar;C:\Users\obekpaa\.m2\repository\org\wso2\carbon\crypto\org.wso2.carbon.crypto.api\1.0.1\org.wso2.carbon.crypto.api-1.0.1.jar;C:\Users\obekpaa\.m2\repository\org\wso2\eclipse\osgi\org.eclipse.osgi.services\3.5.100.v20160504-1419\org.eclipse.osgi.services-3.5.100.v20160504-1419.jar;C:\Users\obekpaa\.m2\repository\org\wso2\orbit\org\apache\neethi\neethi\2.0.4.wso2v5\neethi-2.0.4.wso2v5.jar;C:\Users\obekpaa\.m2\repository\org\apache\httpcomponents\wso2\httpcore\4.3.3.wso2v1\httpcore-4.3.3.wso2v1.jar;C:\Users\obekpaa\.m2\repository\org\apache\tomcat\tomcat-catalina-ha\7.0.85\tomcat-catalina-ha-7.0.85.jar;C:\Users\obekpaa\.m2\repository\org\apache\tomcat\tomcat-juli\7.0.85\tomcat-juli-7.0.85.jar;C:\Users\obekpaa\.m2\repository\org\apache\tomcat\tomcat-tribes\7.0.85\tomcat-tribes-7.0.85.jar;C:\Users\obekpaa\.m2\repository\org\apache\tomcat\tomcat-catalina\7.0.85\tomcat-catalina-7.0.85.jar;C:\Users\obekpaa\.m2\repository\org\apache\tomcat\tomcat-annotations-api\7.0.85\tomcat-annotations-api-7.0.85.jar;C:\Users\obekpaa\.m2\repository\org\apache\tomcat\tomcat-api\7.0.85\tomcat-api-7.0.85.jar;C:\Users\obekpaa\.m2\repository\org\apache\tomcat\tomcat-util\7.0.85\tomcat-util-7.0.85.jar;C:\Users\obekpaa\.m2\repository\org\wso2\carbon\apimgt\org.wso2.carbon.apimgt.api\6.4.50\org.wso2.carbon.apimgt.api-6.4.50.jar;C:\Users\obekpaa\.m2\repository\org\wso2\carbon\org.wso2.carbon.registry.api\4.4.35\org.wso2.carbon.registry.api-4.4.35.jar;C:\Users\obekpaa\.m2\repository\org\wso2\carbon\apimgt\org.wso2.carbon.apimgt.keymgt.client\6.4.50\org.wso2.carbon.apimgt.keymgt.client-6.4.50.jar;C:\Users\obekpaa\.m2\repository\org\wso2\carbon\org.wso2.carbon.authenticator.stub\4.4.35\org.wso2.carbon.authenticator.stub-4.4.35.jar;C:\Users\obekpaa\.m2\repository\org\wso2\carbon\identity\framework\org.wso2.carbon.identity.core\5.12.153\org.wso2.carbon.identity.core-5.12.153.jar;C:\Users\obekpaa\.m2\repository\org\wso2\orbit\org\opensaml\opensaml\2.6.4.wso2v3\opensaml-2.6.4.wso2v3.jar;C:\Users\obekpaa\.m2\repository\org\wso2\carbon\identity\framework\org.wso2.carbon.identity.base\5.12.153\org.wso2.carbon.identity.base-5.12.153.jar;C:\Users\obekpaa\.m2\repository\org\apache\rampart\wso2\rampart-core\1.6.1-wso2v26\rampart-core-1.6.1-wso2v26.jar;C:\Users\obekpaa\.m2\repository\org\wso2\carbon\commons\org.wso2.carbon.tenant.common\4.5.2\org.wso2.carbon.tenant.common-4.5.2.jar;C:\Users\obekpaa\.m2\repository\org\slf4j\slf4j-simple\1.6.1\slf4j-simple-1.6.1.jar;C:\Users\obekpaa\.m2\repository\org\wso2\carbon\identity\inbound\auth\oauth2\org.wso2.carbon.identity.oauth\5.3.4\org.wso2.carbon.identity.oauth-5.3.4.jar;C:\Users\obekpaa\.m2\repository\com\google\gdata\wso2\gdata-core\1.47.0.wso2v1\gdata-core-1.47.0.wso2v1.jar;C:\Users\obekpaa\.m2\repository\org\wso2\orbit\org\apache\oltu\oauth2\oltu\1.0.0.wso2v3\oltu-1.0.0.wso2v3.jar;C:\Users\obekpaa\.m2\repository\org\wso2\carbon\identity\inbound\auth\oauth2\org.wso2.carbon.identity.oauth.common\5.3.4\org.wso2.carbon.identity.oauth.common-5.3.4.jar;C:\Users\obekpaa\.m2\repository\org\wso2\carbon\identity\framework\org.wso2.carbon.idp.mgt\5.7.0\org.wso2.carbon.idp.mgt-5.7.0.jar;C:\Users\obekpaa\.m2\repository\org\wso2\carbon\identity\framework\org.wso2.carbon.identity.application.mgt\5.7.0\org.wso2.carbon.identity.application.mgt-5.7.0.jar;C:\Users\obekpaa\.m2\repository\commons-collections\wso2\commons-collections\3.2.0.wso2v1\commons-collections-3.2.0.wso2v1.jar;C:\Users\obekpaa\.m2\repository\org\wso2\carbon\identity\framework\org.wso2.carbon.directory.server.manager\5.7.0\org.wso2.carbon.directory.server.manager-5.7.0.jar;C:\Users\obekpaa\.m2\repository\org\wso2\carbon\commons\org.wso2.carbon.wsdl2form\4.5.2\org.wso2.carbon.wsdl2form-4.5.2.jar;C:\Users\obekpaa\.m2\repository\xalan\wso2\xalan\2.7.1.wso2v1\xalan-2.7.1.wso2v1.jar;C:\Users\obekpaa\.m2\repository\org\wso2\carbon\identity\framework\org.wso2.carbon.directory.server.manager.common\5.7.0\org.wso2.carbon.directory.server.manager.common-5.7.0.jar;C:\Users\obekpaa\.m2\repository\org\wso2\carbon\identity\framework\org.wso2.carbon.security.mgt\5.7.0\org.wso2.carbon.security.mgt-5.7.0.jar;C:\Users\obekpaa\.m2\repository\org\apache\rampart\wso2\rampart-policy\1.6.1.wso2v24\rampart-policy-1.6.1.wso2v24.jar;C:\Users\obekpaa\.m2\repository\org\apache\rampart\wso2\rampart-trust\1.6.1.wso2v24\rampart-trust-1.6.1.wso2v24.jar;C:\Users\obekpaa\.m2\repository\backport-util-concurrent\wso2\backport-util-concurrent\3.1.0.wso2v1\backport-util-concurrent-3.1.0.wso2v1.jar;C:\Users\obekpaa\.m2\repository\org\wso2\carbon\identity\framework\org.wso2.carbon.identity.entitlement\5.7.0\org.wso2.carbon.identity.entitlement-5.7.0.jar;C:\Users\obekpaa\.m2\repository\org\wso2\balana\org.wso2.balana\1.1.2\org.wso2.balana-1.1.2.jar;C:\Users\obekpaa\.m2\repository\org\wso2\balana\org.wso2.balana.utils\1.1.2\org.wso2.balana.utils-1.1.2.jar;C:\Users\obekpaa\.m2\repository\org\wso2\carbon\identity\framework\org.wso2.carbon.identity.authenticator.thrift\5.7.0\org.wso2.carbon.identity.authenticator.thrift-5.7.0.jar;C:\Users\obekpaa\.m2\repository\org\wso2\carbon\identity\framework\org.wso2.carbon.identity.entitlement.common\5.7.0\org.wso2.carbon.identity.entitlement.common-5.7.0.jar;C:\Users\obekpaa\.m2\repository\org\wso2\carbon\identity\framework\org.wso2.carbon.identity.entitlement.stub\5.7.0\org.wso2.carbon.identity.entitlement.stub-5.7.0.jar;C:\Users\obekpaa\.m2\repository\libthrift\wso2\libthrift\0.8.0.wso2v1\libthrift-0.8.0.wso2v1.jar;C:\Users\obekpaa\.m2\repository\org\apache\thrift\libthrift\0.8.0\libthrift-0.8.0.jar;C:\Users\obekpaa\.m2\repository\org\wso2\carbon\identity\framework\org.wso2.carbon.identity.notification.mgt\5.7.0\org.wso2.carbon.identity.notification.mgt-5.7.0.jar;C:\Users\obekpaa\.m2\repository\tomcat\tomcat-util\3.3.2\tomcat-util-3.3.2.jar;C:\Users\obekpaa\.m2\repository\org\wso2\orbit\com\github\dblock\waffle\waffle-jna\1.6.wso2v5\waffle-jna-1.6.wso2v5.jar;C:\Users\obekpaa\.m2\repository\net\minidev\json-smart\1.3\json-smart-1.3.jar;C:\Users\obekpaa\.m2\repository\org\wso2\carbon\org.wso2.carbon.core.common\4.4.7\org.wso2.carbon.core.common-4.4.7.jar;C:\Users\obekpaa\.m2\repository\javax\servlet\servlet-api\2.5\servlet-api-2.5.jar;C:\Users\obekpaa\.m2\repository\org\wso2\carbon\identity\framework\org.wso2.carbon.identity.application.authentication.framework\5.12.153\org.wso2.carbon.identity.application.authentication.framework-5.12.153.jar;C:\Users\obekpaa\.m2\repository\org\wso2\carbon\identity\framework\org.wso2.carbon.identity.user.profile\5.12.153\org.wso2.carbon.identity.user.profile-5.12.153.jar;C:\Users\obekpaa\.m2\repository\org\wso2\carbon\identity\framework\org.wso2.carbon.identity.testutil\5.12.153\org.wso2.carbon.identity.testutil-5.12.153.jar;C:\Users\obekpaa\.m2\repository\org\wso2\carbon\consent\mgt\org.wso2.carbon.consent.mgt.core\2.0.9\org.wso2.carbon.consent.mgt.core-2.0.9.jar;C:\Users\obekpaa\.m2\repository\org\wso2\carbon\utils\org.wso2.carbon.database.utils\2.0.6\org.wso2.carbon.database.utils-2.0.6.jar;C:\Users\obekpaa\.m2\repository\org\apache\felix\org.apache.felix.scr.ds-annotations\1.2.4\org.apache.felix.scr.ds-annotations-1.2.4.jar;C:\Users\obekpaa\.m2\repository\org\wso2\carbon\identity\framework\org.wso2.carbon.identity.event\5.12.153\org.wso2.carbon.identity.event-5.12.153.jar;C:\Users\obekpaa\.m2\repository\org\wso2\carbon\identity\framework\org.wso2.carbon.identity.user.store.configuration\5.7.0\org.wso2.carbon.identity.user.store.configuration-5.7.0.jar;C:\Users\obekpaa\.m2\repository\org\wso2\carbon\org.wso2.carbon.ndatasource.core\4.4.11\org.wso2.carbon.ndatasource.core-4.4.11.jar;C:\Users\obekpaa\.m2\repository\org\wso2\carbon\org.wso2.carbon.ndatasource.common\4.4.11\org.wso2.carbon.ndatasource.common-4.4.11.jar;C:\Users\obekpaa\.m2\repository\org\wso2\carbon\org.wso2.carbon.ndatasource.rdbms\4.4.11\org.wso2.carbon.ndatasource.rdbms-4.4.11.jar;C:\Users\obekpaa\.m2\repository\org\wso2\orbit\joda-time\joda-time\2.8.2.wso2v1\joda-time-2.8.2.wso2v1.jar;C:\Users\obekpaa\.m2\repository\org\wso2\carbon\identity\framework\org.wso2.carbon.identity.claim.metadata.mgt\5.7.0\org.wso2.carbon.identity.claim.metadata.mgt-5.7.0.jar;C:\Users\obekpaa\.m2\repository\org\wso2\carbon\identity\org.wso2.carbon.captcha.mgt\4.5.2\org.wso2.carbon.captcha.mgt-4.5.2.jar;C:\Users\obekpaa\.m2\repository\kaptcha\wso2\kaptcha\2.3.0.wso2v1\kaptcha-2.3.0.wso2v1.jar;C:\Users\obekpaa\.m2\repository\org\wso2\carbon\governance\org.wso2.carbon.governance.registry.extensions\4.7.27\org.wso2.carbon.governance.registry.extensions-4.7.27.jar;C:\Users\obekpaa\.m2\repository\org\wso2\carbon\registry\org.wso2.carbon.registry.servlet\4.6.3\org.wso2.carbon.registry.servlet-4.6.3.jar;C:\Users\obekpaa\.m2\repository\org\wso2\carbon\registry\org.wso2.carbon.registry.eventing\4.6.3\org.wso2.carbon.registry.eventing-4.6.3.jar;C:\Users\obekpaa\.m2\repository\org\wso2\carbon\registry\org.wso2.carbon.registry.event.core\4.6.3\org.wso2.carbon.registry.event.core-4.6.3.jar;C:\Users\obekpaa\.m2\repository\org\wso2\carbon\registry\org.wso2.carbon.registry.event.ws\4.6.3\org.wso2.carbon.registry.event.ws-4.6.3.jar;C:\Users\obekpaa\.m2\repository\org\wso2\carbon\commons\org.wso2.carbon.email.verification\4.5.4\org.wso2.carbon.email.verification-4.5.4.jar;C:\Users\obekpaa\.m2\repository\org\wso2\carbon\registry\org.wso2.carbon.governance.notifications.worklist.stub\4.6.3\org.wso2.carbon.governance.notifications.worklist.stub-4.6.3.jar;C:\Users\obekpaa\.m2\repository\org\wso2\carbon\org.wso2.carbon.core.services\4.4.14\org.wso2.carbon.core.services-4.4.14.jar;C:\Users\obekpaa\.m2\repository\org\wso2\carbon\registry\org.wso2.carbon.registry.task\4.6.3\org.wso2.carbon.registry.task-4.6.3.jar;C:\Users\obekpaa\.m2\repository\org\wso2\carbon\registry\org.wso2.carbon.registry.resource.stub\4.6.3\org.wso2.carbon.registry.resource.stub-4.6.3.jar;C:\Users\obekpaa\.m2\repository\org\wso2\carbon\governance\org.wso2.carbon.governance.common\4.7.27\org.wso2.carbon.governance.common-4.7.27.jar;C:\Users\obekpaa\.m2\repository\commons-dbcp\commons-dbcp\1.2.2\commons-dbcp-1.2.2.jar;C:\Users\obekpaa\.m2\repository\commons-pool\commons-pool\1.3\commons-pool-1.3.jar;C:\Users\obekpaa\.m2\repository\javax\mail\mail\1.4\mail-1.4.jar;C:\Users\obekpaa\.m2\repository\javax\activation\activation\1.1\activation-1.1.jar;C:\Users\obekpaa\.m2\repository\commons-fileupload\commons-fileupload\1.1.1\commons-fileupload-1.1.1.jar;C:\Users\obekpaa\.m2\repository\hsqldb\wso2\hsqldb\1.8.0.7wso2v1\hsqldb-1.8.0.7wso2v1.jar;C:\Users\obekpaa\.m2\repository\commons-httpclient\commons-httpclient\3.0.1\commons-httpclient-3.0.1.jar;C:\Users\obekpaa\.m2\repository\org\apache\geronimo\specs\wso2\geronimo-stax-api_1.0_spec\1.0.1.wso2v1\geronimo-stax-api_1.0_spec-1.0.1.wso2v1.jar;C:\Users\obekpaa\.m2\repository\org\codehaus\woodstox\wstx-asl\3.2.9\wstx-asl-3.2.9.jar;C:\Users\obekpaa\.m2\repository\stax\stax-api\1.0.1\stax-api-1.0.1.jar;C:\Users\obekpaa\.m2\repository\jaxen\jaxen\1.1.1\jaxen-1.1.1.jar;C:\Users\obekpaa\.m2\repository\dom4j\dom4j\1.6.1\dom4j-1.6.1.jar;C:\Users\obekpaa\.m2\repository\jdom\jdom\1.0\jdom-1.0.jar;C:\Users\obekpaa\.m2\repository\xom\xom\1.0\xom-1.0.jar;C:\Users\obekpaa\.m2\repository\xerces\xmlParserAPIs\2.6.2\xmlParserAPIs-2.6.2.jar;C:\Users\obekpaa\.m2\repository\xalan\xalan\2.6.0\xalan-2.6.0.jar;C:\Users\obekpaa\.m2\repository\xml-apis\xml-apis\1.3.04\xml-apis-1.3.04.jar;C:\Users\obekpaa\.m2\repository\org\apache\ws\commons\schema\XmlSchema\1.4.3\XmlSchema-1.4.3.jar;C:\Users\obekpaa\.m2\repository\org\apache\derby\derby\10.4.2.0\derby-10.4.2.0.jar;C:\Users\obekpaa\.m2\repository\org\wso2\wsdl\validator\wso2\wsdl-validator\1.2.0.wso2v1\wsdl-validator-1.2.0.wso2v1.jar;C:\Users\obekpaa\.m2\repository\uddi\uddi4j\1.0.1\uddi4j-1.0.1.jar;C:\Users\obekpaa\.m2\repository\org\wso2\carbon\org.wso2.carbon.mashup.utils\4.2.0\org.wso2.carbon.mashup.utils-4.2.0.jar;C:\Users\obekpaa\.m2\repository\org\jaggeryjs\org.jaggeryjs.scriptengine\0.9.0.ALPHA4.wso2v1\org.jaggeryjs.scriptengine-0.9.0.ALPHA4.wso2v1.jar;C:\Users\obekpaa\.m2\repository\commons-httpclient\wso2\commons-httpclient\3.1.0.wso2v2\commons-httpclient-3.1.0.wso2v2.jar;C:\Users\obekpaa\.m2\repository\org\apache\commons\ssl\not-yet-commons-ssl\0.3.9\not-yet-commons-ssl-0.3.9.jar;C:\Users\obekpaa\.m2\repository\org\eclipse\wst\jsdt\org.eclipse.wst.jsdt.debug.rhino.debugger\1.0.300.v201109150503\org.eclipse.wst.jsdt.debug.rhino.debugger-1.0.300.v201109150503.jar;C:\Users\obekpaa\.m2\repository\org\eclipse\wst\jsdt\org.eclipse.wst.jsdt.debug.transport\1.0.100.v201109150330\org.eclipse.wst.jsdt.debug.transport-1.0.100.v201109150330.jar;C:\Users\obekpaa\.m2\repository\org\wso2\carbon\governance\org.wso2.carbon.mashup.javascript.hostobjects.registry\4.7.27\org.wso2.carbon.mashup.javascript.hostobjects.registry-4.7.27.jar;C:\Users\obekpaa\.m2\repository\org\wso2\wsf\javascript\axiom-e4x\2.1.0\axiom-e4x-2.1.0.jar;C:\Users\obekpaa\.m2\repository\org\mozilla\rhino\js-core\1.6R7\js-core-1.6R7.jar;C:\Users\obekpaa\.m2\repository\woodstox\wstx-asl\3.1.0\wstx-asl-3.1.0.jar;C:\Users\obekpaa\.m2\repository\rhino\wso2\js\1.7.0.R4.wso2v1\js-1.7.0.R4.wso2v1.jar;C:\Users\obekpaa\.m2\repository\org\mozilla\rhino\1.7R4\rhino-1.7R4.jar;C:\Users\obekpaa\.m2\repository\commons-scxml\wso2\commons-scxml\0.9.0.wso2v1\commons-scxml-0.9.0.wso2v1.jar;C:\Users\obekpaa\.m2\repository\org\apache\httpcomponents\wso2\httpclient\4.1.1.wso2v1\httpclient-4.1.1.wso2v1.jar;C:\Users\obekpaa\.m2\repository\org\json\wso2\json\3.0.0.wso2v1\json-3.0.0.wso2v1.jar;C:\Users\obekpaa\.m2\repository\org\json\json\20140107\json-20140107.jar;C:\Users\obekpaa\.m2\repository\com\h2database\wso2\h2-database-engine\1.2.140.wso2v3\h2-database-engine-1.2.140.wso2v3.jar;C:\Users\obekpaa\.m2\repository\commons-codec\wso2\commons-codec\1.4.0.wso2v1\commons-codec-1.4.0.wso2v1.jar;C:\Users\obekpaa\.m2\repository\commons-codec\commons-codec\1.4\commons-codec-1.4.jar;C:\Users\obekpaa\.m2\repository\org\wso2\carbon\apimgt\org.wso2.carbon.apimgt.handlers.security.stub\6.4.50\org.wso2.carbon.apimgt.handlers.security.stub-6.4.50.jar;C:\Users\obekpaa\.m2\repository\org\apache\axis2\wso2\axis2-client\1.6.1-wso2v28\axis2-client-1.6.1-wso2v28.jar;C:\Users\obekpaa\.m2\repository\org\apache\axis2\wso2\axis2-json\1.6.1-wso2v28\axis2-json-1.6.1-wso2v28.jar;C:\Users\obekpaa\.m2\repository\org\wso2\carbon\org.wso2.carbon.utils\4.4.35\org.wso2.carbon.utils-4.4.35.jar;C:\Users\obekpaa\.m2\repository\org\wso2\carbon\org.wso2.carbon.queuing\4.4.35\org.wso2.carbon.queuing-4.4.35.jar;C:\Users\obekpaa\.m2\repository\org\igniterealtime\smack\wso2\smack\3.0.4.wso2v1\smack-3.0.4.wso2v1.jar;C:\Users\obekpaa\.m2\repository\org\igniterealtime\smack\wso2\smackx\3.0.4.wso2v1\smackx-3.0.4.wso2v1.jar;C:\Users\obekpaa\.m2\repository\org\wso2\orbit\commons-fileupload\commons-fileupload\1.3.2.wso2v1\commons-fileupload-1.3.2.wso2v1.jar;C:\Users\obekpaa\.m2\repository\org\apache\ant\wso2\ant\1.7.0.wso2v1\ant-1.7.0.wso2v1.jar;C:\Users\obekpaa\.m2\repository\org\apache\ant\ant\1.7.0\ant-1.7.0.jar;C:\Users\obekpaa\.m2\repository\org\apache\ant\ant-launcher\1.7.0\ant-launcher-1.7.0.jar;C:\Users\obekpaa\.m2\repository\org\eclipse\equinox\javax.servlet\3.0.0.v201112011016\javax.servlet-3.0.0.v201112011016.jar;C:\Users\obekpaa\.m2\repository\org\wso2\orbit\commons-httpclient\commons-httpclient\3.1.0.wso2v6\commons-httpclient-3.1.0.wso2v6.jar;C:\Users\obekpaa\.m2\repository\com\google\code\gson\gson\2.3.1\gson-2.3.1.jar;C:\Users\obekpaa\.m2\repository\org\apache\httpcomponents\httpmime\4.3.6\httpmime-4.3.6.jar;C:\Users\obekpaa\.m2\repository\org\wso2\carbon\commons\org.wso2.carbon.event.core\4.6.49\org.wso2.carbon.event.core-4.6.49.jar;C:\Users\obekpaa\.m2\repository\org\apache\geronimo\specs\wso2\geronimo-jms_1.1_spec\1.1.0.wso2v1\geronimo-jms_1.1_spec-1.1.0.wso2v1.jar;C:\Users\obekpaa\.m2\repository\org\wso2\carbon\commons\org.wso2.carbon.qpid.stub\4.6.49\org.wso2.carbon.qpid.stub-4.6.49.jar;C:\Users\obekpaa\.m2\repository\org\wso2\carbon\commons\org.wso2.carbon.event.client.stub\4.6.49\org.wso2.carbon.event.client.stub-4.6.49.jar;C:\Users\obekpaa\.m2\repository\org\wso2\carbon\commons\org.wso2.carbon.event.stub\4.6.49\org.wso2.carbon.event.stub-4.6.49.jar;C:\Users\obekpaa\.m2\repository\org\wso2\carbon\registry\org.wso2.carbon.registry.indexing\4.6.38\org.wso2.carbon.registry.indexing-4.6.38.jar;C:\Users\obekpaa\.m2\repository\org\wso2\carbon\identity\framework\org.wso2.carbon.user.mgt\5.7.5\org.wso2.carbon.user.mgt-5.7.5.jar;C:\Users\obekpaa\.m2\repository\org\wso2\carbon\identity\framework\org.wso2.carbon.user.mgt.common\5.7.5\org.wso2.carbon.user.mgt.common-5.7.5.jar;C:\Users\obekpaa\.m2\repository\au\com\bytecode\opencsv\wso2\opencsv\1.8.wso2v1\opencsv-1.8.wso2v1.jar;C:\Users\obekpaa\.m2\repository\org\apache\poi\wso2\poi-scratchpad\3.9.0.wso2v1\poi-scratchpad-3.9.0.wso2v1.jar;C:\Users\obekpaa\.m2\repository\org\apache\poi\poi-scratchpad\3.9\poi-scratchpad-3.9.jar;C:\Users\obekpaa\.m2\repository\org\apache\poi\poi\3.9\poi-3.9.jar;C:\Users\obekpaa\.m2\repository\org\wso2\orbit\org\apache\solr\solr\5.2.1.wso2v1\solr-5.2.1.wso2v1.jar;C:\Users\obekpaa\.m2\repository\com\googlecode\json-simple\wso2\json-simple\1.1.wso2v1\json-simple-1.1.wso2v1.jar;C:\Users\obekpaa\.m2\repository\org\wso2\carbon\apimgt\org.wso2.carbon.apimgt.keymgt.stub\6.4.50\org.wso2.carbon.apimgt.keymgt.stub-6.4.50.jar;C:\Users\obekpaa\.m2\repository\org\wso2\carbon\apimgt\org.wso2.carbon.apimgt.gateway.stub\6.4.50\org.wso2.carbon.apimgt.gateway.stub-6.4.50.jar;C:\Users\obekpaa\.m2\repository\org\wso2\carbon\mediation\org.wso2.carbon.endpoint.stub\4.6.105\org.wso2.carbon.endpoint.stub-4.6.105.jar;C:\Users\obekpaa\.m2\repository\wsdl4j\wsdl4j\1.6.3\wsdl4j-1.6.3.jar;C:\Users\obekpaa\.m2\repository\wsdl4j\wso2\wsdl4j\1.6.2.wso2v4\wsdl4j-1.6.2.wso2v4.jar;C:\Users\obekpaa\.m2\repository\org\apache\neethi\wso2\neethi\2.0.4.wso2v4\neethi-2.0.4.wso2v4.jar;C:\Users\obekpaa\.m2\repository\org\apache\ws\commons\schema\wso2\XmlSchema\1.4.7.wso2v2\XmlSchema-1.4.7.wso2v2.jar;C:\Users\obekpaa\.m2\repository\org\wso2\carbon\identity\inbound\auth\oauth2\org.wso2.carbon.identity.oauth.stub\6.0.53\org.wso2.carbon.identity.oauth.stub-6.0.53.jar;C:\Users\obekpaa\.m2\repository\org\wso2\carbon\identity\framework\org.wso2.carbon.identity.application.mgt.stub\5.12.153\org.wso2.carbon.identity.application.mgt.stub-5.12.153.jar;C:\Users\obekpaa\.m2\repository\org\wso2\carbon\identity\framework\org.wso2.carbon.identity.mgt.stub\5.12.153\org.wso2.carbon.identity.mgt.stub-5.12.153.jar;C:\Users\obekpaa\.m2\repository\org\wso2\carbon\identity\user\ws\org.wso2.carbon.um.ws.api.stub\5.1.11\org.wso2.carbon.um.ws.api.stub-5.1.11.jar;C:\Users\obekpaa\.m2\repository\org\wso2\carbon\identity\framework\org.wso2.carbon.user.mgt.stub\5.12.153\org.wso2.carbon.user.mgt.stub-5.12.153.jar;C:\Users\obekpaa\.m2\repository\org\wso2\carbon\analytics-common\org.wso2.carbon.databridge.agent\5.1.42\org.wso2.carbon.databridge.agent-5.1.42.jar;C:\Users\obekpaa\.m2\repository\org\wso2\carbon\analytics-common\org.wso2.carbon.databridge.commons\5.1.42\org.wso2.carbon.databridge.commons-5.1.42.jar;C:\Users\obekpaa\.m2\repository\org\wso2\carbon\analytics-common\org.wso2.carbon.databridge.commons.thrift\5.1.42\org.wso2.carbon.databridge.commons.thrift-5.1.42.jar;C:\Users\obekpaa\.m2\repository\slf4j\wso2\slf4j\1.5.10.wso2v1\slf4j-1.5.10.wso2v1.jar;C:\Users\obekpaa\.m2\repository\commons-pool\wso2\commons-pool\1.5.6.wso2v1\commons-pool-1.5.6.wso2v1.jar;C:\Users\obekpaa\.m2\repository\org\wso2\orbit\org\apache\httpcomponents\httpclient\4.3.1.wso2v2\httpclient-4.3.1.wso2v2.jar;C:\Users\obekpaa\.m2\repository\org\wso2\orbit\com\lmax\disruptor\3.3.2.wso2v2\disruptor-3.3.2.wso2v2.jar;C:\Users\obekpaa\.m2\repository\org\wso2\carbon\analytics-common\org.wso2.carbon.databridge.commons.binary\5.1.42\org.wso2.carbon.databridge.commons.binary-5.1.42.jar;C:\Users\obekpaa\.m2\repository\org\wso2\carbon\apimgt\org.wso2.carbon.apimgt.statsupdate.stub\6.4.50\org.wso2.carbon.apimgt.statsupdate.stub-6.4.50.jar;C:\Users\obekpaa\.m2\repository\org\wso2\carbon\governance\org.wso2.carbon.governance.custom.lifecycles.checklist\4.7.27\org.wso2.carbon.governance.custom.lifecycles.checklist-4.7.27.jar;C:\Users\obekpaa\.m2\repository\org\wso2\carbon\apimgt\org.wso2.carbon.apimgt.tier.cache.stub\6.4.50\org.wso2.carbon.apimgt.tier.cache.stub-6.4.50.jar;C:\Users\obekpaa\.m2\repository\org\wso2\carbon\apimgt\org.wso2.carbon.apimgt.registry.cache.stub\6.4.50\org.wso2.carbon.apimgt.registry.cache.stub-6.4.50.jar;C:\Users\obekpaa\.m2\repository\org\apache\pdfbox\pdfbox\1.8.13\pdfbox-1.8.13.jar;C:\Users\obekpaa\.m2\repository\org\apache\pdfbox\fontbox\1.8.13\fontbox-1.8.13.jar;C:\Users\obekpaa\.m2\repository\org\apache\pdfbox\jempbox\1.8.13\jempbox-1.8.13.jar;C:\Users\obekpaa\.m2\repository\org\wso2\carbon\governance\org.wso2.carbon.governance.lcm\4.7.27\org.wso2.carbon.governance.lcm-4.7.27.jar;C:\Users\obekpaa\.m2\repository\org\wso2\carbon\event-processing\org.wso2.carbon.event.processor.stub\2.1.23\org.wso2.carbon.event.processor.stub-2.1.23.jar;C:\Users\obekpaa\.m2\repository\org\wso2\orbit\io\swagger\swagger-codegen\2.2.3.wso2v1\swagger-codegen-2.2.3.wso2v1.jar;C:\Users\obekpaa\.m2\repository\io\swagger\swagger-models\1.5.16\swagger-models-1.5.16.jar;C:\Users\obekpaa\.m2\repository\com\fasterxml\jackson\core\jackson-annotations\2.9.6\jackson-annotations-2.9.6.jar;C:\Users\obekpaa\.m2\repository\io\swagger\swagger-annotations\1.5.16\swagger-annotations-1.5.16.jar;C:\Users\obekpaa\.m2\repository\org\wso2\orbit\io\swagger\swagger-parser\1.0.32.wso2v1\swagger-parser-1.0.32.wso2v1.jar;C:\Users\obekpaa\.m2\repository\xerces\wso2\xercesImpl\2.8.1.wso2v2\xercesImpl-2.8.1.wso2v2.jar;C:\Users\obekpaa\.m2\repository\org\wso2\carbon\identity\framework\org.wso2.carbon.identity.user.profile.stub\5.12.153\org.wso2.carbon.identity.user.profile.stub-5.12.153.jar;C:\Users\obekpaa\.m2\repository\org\wso2\carbon\identity\framework\org.wso2.carbon.identity.user.registration.stub\5.12.153\org.wso2.carbon.identity.user.registration.stub-5.12.153.jar;C:\GitRepo\iam-openbanking\iam-common\target\com.alrayan.wso2.common-1.0.0-SNAPSHOT.jar;C:\Users\obekpaa\.m2\repository\org\apache\commons\commons-lang3\3.7\commons-lang3-3.7.jar;C:\Users\obekpaa\.m2\repository\org\apache\httpcomponents\httpclient\4.5.5\httpclient-4.5.5.jar;C:\Users\obekpaa\.m2\repository\org\apache\httpcomponents\httpcore\4.4.9\httpcore-4.4.9.jar;C:\Users\obekpaa\.m2\repository\io\jsonwebtoken\jjwt\0.6.0\jjwt-0.6.0.jar;C:\Users\obekpaa\.m2\repository\com\fasterxml\jackson\core\jackson-databind\2.9.6\jackson-databind-2.9.6.jar;C:\Users\obekpaa\.m2\repository\com\fasterxml\jackson\core\jackson-core\2.9.6\jackson-core-2.9.6.jar;C:\Users\obekpaa\.m2\repository\joda-time\joda-time\2.10.1\joda-time-2.10.1.jar;C:\Users\obekpaa\.m2\repository\org\apache\ws\commons\axiom\axiom-api\1.2.10\axiom-api-1.2.10.jar;C:\Users\obekpaa\.m2\repository\org\apache\geronimo\specs\geronimo-activation_1.1_spec\1.0.2\geronimo-activation_1.1_spec-1.0.2.jar;C:\Users\obekpaa\.m2\repository\org\apache\geronimo\specs\geronimo-javamail_1.4_spec\1.6\geronimo-javamail_1.4_spec-1.6.jar;C:\Users\obekpaa\.m2\repository\org\apache\geronimo\specs\geronimo-stax-api_1.0_spec\1.0.1\geronimo-stax-api_1.0_spec-1.0.1.jar;C:\Users\obekpaa\.m2\repository\org\wso2\orbit\com\nimbusds\nimbus-jose-jwt\7.3.0.wso2v1\nimbus-jose-jwt-7.3.0.wso2v1.jar;C:\Users\obekpaa\.m2\repository\com\nimbusds\nimbus-jose-jwt\2.10.1\nimbus-jose-jwt-2.10.1.jar;C:\Users\obekpaa\.m2\repository\org\bouncycastle\bcprov-jdk16\1.46\bcprov-jdk16-1.46.jar;C:\Users\obekpaa\.m2\repository\net\jcip\jcip-annotations\1.0\jcip-annotations-1.0.jar;C:\Users\obekpaa\.m2\repository\org\wso2\carbon\identity\framework\org.wso2.carbon.identity.application.common\5.12.153\org.wso2.carbon.identity.application.common-5.12.153.jar;C:\GitRepo\iam-openbanking\apim-mail\target\com.alrayan.wso2.mail-1.0.0-SNAPSHOT.jar;C:\Users\obekpaa\.m2\repository\org\testng\testng\6.9.10\testng-6.9.10.jar;C:\Users\obekpaa\.m2\repository\com\beust\jcommander\1.48\jcommander-1.48.jar;C:\Users\obekpaa\.m2\repository\org\beanshell\bsh\2.0b4\bsh-2.0b4.jar;C:\Users\obekpaa\.m2\repository\junit\junit\4.10\junit-4.10.jar;C:\Users\obekpaa\.m2\repository\org\hamcrest\hamcrest-core\1.1\hamcrest-core-1.1.jar;C:\Users\obekpaa\.m2\repository\org\apache\maven\surefire\surefire-testng-utils\2.20.1\surefire-testng-utils-2.20.1.jar;C:\Users\obekpaa\.m2\repository\org\apache\maven\surefire\surefire-grouper\2.20.1\surefire-grouper-2.20.1.jar;"/>
    <property name="java.vm.vendor" value="Oracle Corporation"/>
    <property name="sun.arch.data.model" value="64"/>
    <property name="user.variant" value=""/>
    <property name="java.vendor.url" value="http://java.oracle.com/"/>
    <property name="user.timezone" value=""/>
    <property name="java.vm.specification.version" value="1.8"/>
    <property name="os.name" value="Windows 10"/>
    <property name="user.country" value="GB"/>
    <property name="sun.java.launcher" value="SUN_STANDARD"/>
    <property name="sun.boot.library.path" value="C:\Program Files\Java\jdk1.8.0_251\jre\bin"/>
    <property name="sun.java.command" value="C:\Users\obekpaa\AppData\Local\Temp\surefire8975316817480240737\surefirebooter3756994988690232815.jar C:\Users\obekpaa\AppData\Local\Temp\surefire8975316817480240737 2020-11-26T12-16-12_301-jvmRun1 surefire9102718668570174560tmp surefire_04075918026407762379tmp"/>
    <property name="surefire.test.class.path" value="C:\GitRepo\iam-openbanking\apim-user-signup-workflow\target\test-classes;C:\GitRepo\iam-openbanking\apim-user-signup-workflow\target\classes;C:\Users\obekpaa\.m2\repository\org\slf4j\slf4j-api\1.7.25\slf4j-api-1.7.25.jar;C:\Users\obekpaa\.m2\repository\org\wso2\carbon\apimgt\org.wso2.carbon.apimgt.impl\6.4.50\org.wso2.carbon.apimgt.impl-6.4.50.jar;C:\Users\obekpaa\.m2\repository\org\wso2\carbon\analytics-common\org.wso2.carbon.event.output.adapter.core\5.1.42\org.wso2.carbon.event.output.adapter.core-5.1.42.jar;C:\Users\obekpaa\.m2\repository\xerces\xercesImpl\2.11.0\xercesImpl-2.11.0.jar;C:\Users\obekpaa\.m2\repository\org\wso2\carbon\analytics-common\org.wso2.carbon.event.output.adapter.email\5.1.42\org.wso2.carbon.event.output.adapter.email-5.1.42.jar;C:\Users\obekpaa\.m2\repository\org\apache\axis2\transport\axis2-transport-mail\1.1.1-wso2v2\axis2-transport-mail-1.1.1-wso2v2.jar;C:\Users\obekpaa\.m2\repository\org\apache\axis2\axis2-transport-base\1.6.1-wso2v17\axis2-transport-base-1.6.1-wso2v17.jar;C:\Users\obekpaa\.m2\repository\org\apache\axis2\axis2-kernel\1.6.1-wso2v17\axis2-kernel-1.6.1-wso2v17.jar;C:\Users\obekpaa\.m2\repository\org\apache\geronimo\specs\geronimo-ws-metadata_2.0_spec\1.1.2\geronimo-ws-metadata_2.0_spec-1.1.2.jar;C:\Users\obekpaa\.m2\repository\org\apache\neethi\neethi\2.0.4\neethi-2.0.4.jar;C:\Users\obekpaa\.m2\repository\javax\ws\rs\jsr311-api\1.0\jsr311-api-1.0.jar;C:\Users\obekpaa\.m2\repository\commons-logging\commons-logging\1.2\commons-logging-1.2.jar;C:\Users\obekpaa\.m2\repository\org\wso2\carbon\analytics-common\org.wso2.carbon.event.output.adapter.sms\5.1.42\org.wso2.carbon.event.output.adapter.sms-5.1.42.jar;C:\Users\obekpaa\.m2\repository\org\wso2\carbon\org.wso2.carbon.logging\4.4.26\org.wso2.carbon.logging-4.4.26.jar;C:\Users\obekpaa\.m2\repository\org\apache\log4j\wso2\log4j\1.2.17.wso2v1\log4j-1.2.17.wso2v1.jar;C:\Users\obekpaa\.m2\repository\org\wso2\carbon\org.wso2.carbon.bootstrap\4.4.26\org.wso2.carbon.bootstrap-4.4.26.jar;C:\Users\obekpaa\.m2\repository\wrapper\wrapper\3.2.3\wrapper-3.2.3.jar;C:\Users\obekpaa\.m2\repository\com\google\guava\guava\19.0\guava-19.0.jar;C:\Users\obekpaa\.m2\repository\org\apache\woden\wso2\woden\1.0.0.M9-wso2v1\woden-1.0.0.M9-wso2v1.jar;C:\Users\obekpaa\.m2\repository\org\apache\woden\woden-all\1.0.0.M9-wso2v1\woden-all-1.0.0.M9-wso2v1.jar;C:\Users\obekpaa\.m2\repository\org\apache\woden\woden-api\1.0M9\woden-api-1.0M9.jar;C:\Users\obekpaa\.m2\repository\org\apache\woden\woden-impl-dom\1.0M9\woden-impl-dom-1.0M9.jar;C:\Users\obekpaa\.m2\repository\org\apache\woden\woden-impl-commons\1.0M9\woden-impl-commons-1.0M9.jar;C:\Users\obekpaa\.m2\repository\org\wso2\carbon\org.wso2.carbon.user.core\4.4.35\org.wso2.carbon.user.core-4.4.35.jar;C:\Users\obekpaa\.m2\repository\org\wso2\carbon\javax.cache.wso2\4.4.35\javax.cache.wso2-4.4.35.jar;C:\Users\obekpaa\.m2\repository\org\apache\geronimo\specs\geronimo-jta_1.1_spec\1.1\geronimo-jta_1.1_spec-1.1.jar;C:\Users\obekpaa\.m2\repository\org\wso2\carbon\org.wso2.carbon.user.api\4.4.35\org.wso2.carbon.user.api-4.4.35.jar;C:\Users\obekpaa\.m2\repository\commons-dbcp\wso2\commons-dbcp\1.4.0.wso2v1\commons-dbcp-1.4.0.wso2v1.jar;C:\Users\obekpaa\.m2\repository\org\wso2\orbit\org\apache\tomcat\jdbc-pool\7.0.81.wso2v2\jdbc-pool-7.0.81.wso2v2.jar;C:\Users\obekpaa\.m2\repository\org\wso2\securevault\org.wso2.securevault\1.0.0-wso2v2\org.wso2.securevault-1.0.0-wso2v2.jar;C:\Users\obekpaa\.m2\repository\log4j\log4j\1.2.14\log4j-1.2.14.jar;C:\Users\obekpaa\.m2\repository\jline\jline\0.9.94\jline-0.9.94.jar;C:\Users\obekpaa\.m2\repository\commons-cli\commons-cli\1.0\commons-cli-1.0.jar;C:\Users\obekpaa\.m2\repository\commons-io\commons-io\2.0\commons-io-2.0.jar;C:\Users\obekpaa\.m2\repository\org\wso2\orbit\commons-collections\commons-collections\3.2.2.wso2v1\commons-collections-3.2.2.wso2v1.jar;C:\Users\obekpaa\.m2\repository\commons-lang\wso2\commons-lang\2.6.0.wso2v1\commons-lang-2.6.0.wso2v1.jar;C:\Users\obekpaa\.m2\repository\org\wso2\carbon\governance\org.wso2.carbon.governance.api\4.7.27\org.wso2.carbon.governance.api-4.7.27.jar;C:\Users\obekpaa\.m2\repository\com\ibm\icu\icu4j\3.8\icu4j-3.8.jar;C:\Users\obekpaa\.m2\repository\org\eclipse\equinox\org.eclipse.equinox.registry\3.5.100.v20110502\org.eclipse.equinox.registry-3.5.100.v20110502.jar;C:\Users\obekpaa\.m2\repository\org\wso2\carbon\org.wso2.carbon.registry.core\4.4.14\org.wso2.carbon.registry.core-4.4.14.jar;C:\Users\obekpaa\.m2\repository\commons-io\wso2\commons-io\2.4.0.wso2v1\commons-io-2.4.0.wso2v1.jar;C:\Users\obekpaa\.m2\repository\net\sourceforge\findbugs\annotations\1.3.2\annotations-1.3.2.jar;C:\Users\obekpaa\.m2\repository\org\wso2\carbon\org.wso2.carbon.registry.xboot\4.4.14\org.wso2.carbon.registry.xboot-4.4.14.jar;C:\Users\obekpaa\.m2\repository\org\compass-project\wso2\compass\2.0.1.wso2v2\compass-2.0.1.wso2v2.jar;C:\Users\obekpaa\.m2\repository\org\apache\abdera\wso2\abdera\1.0.0.wso2v3\abdera-1.0.0.wso2v3.jar;C:\Users\obekpaa\.m2\repository\org\apache\tomcat\wso2\jdbc-pool\7.0.34.wso2v2\jdbc-pool-7.0.34.wso2v2.jar;C:\Users\obekpaa\.m2\repository\org\apache\tomcat\tomcat-jdbc\7.0.47\tomcat-jdbc-7.0.47.jar;C:\Users\obekpaa\.m2\repository\eclipse\validateutility\0.95\validateutility-0.95.jar;C:\Users\obekpaa\.m2\repository\org\apache\ws\commons\axiom\axiom-impl\1.2.11-wso2v9\axiom-impl-1.2.11-wso2v9.jar;C:\Users\obekpaa\.m2\repository\org\wso2\carbon\registry\org.wso2.carbon.registry.extensions\4.6.3\org.wso2.carbon.registry.extensions-4.6.3.jar;C:\Users\obekpaa\.m2\repository\org\wso2\carbon\registry\org.wso2.carbon.registry.uddi\4.6.3\org.wso2.carbon.registry.uddi-4.6.3.jar;C:\Users\obekpaa\.m2\repository\org\apache\juddi\juddi-core\3.1.5.wso2v1\juddi-core-3.1.5.wso2v1.jar;C:\Users\obekpaa\.m2\repository\org\apache\juddi\uddi-ws\3.1.5.wso2v1\uddi-ws-3.1.5.wso2v1.jar;C:\Users\obekpaa\.m2\repository\org\apache\juddi\uddi-tck-base\3.1.5.wso2v1\uddi-tck-base-3.1.5.wso2v1.jar;C:\Users\obekpaa\.m2\repository\xmlunit\xmlunit\1.3\xmlunit-1.3.jar;C:\Users\obekpaa\.m2\repository\commons-configuration\commons-configuration\1.6\commons-configuration-1.6.jar;C:\Users\obekpaa\.m2\repository\commons-beanutils\commons-beanutils-core\1.8.0\commons-beanutils-core-1.8.0.jar;C:\Users\obekpaa\.m2\repository\javax\persistence\persistence-api\1.0\persistence-api-1.0.jar;C:\Users\obekpaa\.m2\repository\org\hibernate\hibernate\3.2.5.ga\hibernate-3.2.5.ga.jar;C:\Users\obekpaa\.m2\repository\net\sf\ehcache\ehcache\1.2.3\ehcache-1.2.3.jar;C:\Users\obekpaa\.m2\repository\javax\transaction\jta\1.0.1B\jta-1.0.1B.jar;C:\Users\obekpaa\.m2\repository\asm\asm-attrs\1.5.3\asm-attrs-1.5.3.jar;C:\Users\obekpaa\.m2\repository\antlr\antlr\2.7.6\antlr-2.7.6.jar;C:\Users\obekpaa\.m2\repository\org\hibernate\hibernate-entitymanager\3.3.1.ga\hibernate-entitymanager-3.3.1.ga.jar;C:\Users\obekpaa\.m2\repository\org\hibernate\hibernate-annotations\3.3.0.ga\hibernate-annotations-3.3.0.ga.jar;C:\Users\obekpaa\.m2\repository\org\hibernate\hibernate-commons-annotations\3.0.0.ga\hibernate-commons-annotations-3.0.0.ga.jar;C:\Users\obekpaa\.m2\repository\org\hibernate\hibernate-validator\3.0.0.ga\hibernate-validator-3.0.0.ga.jar;C:\Users\obekpaa\.m2\repository\jboss\jboss-common-core\2.0.4.GA\jboss-common-core-2.0.4.GA.jar;C:\Users\obekpaa\.m2\repository\cglib\cglib-nodep\2.1_3\cglib-nodep-2.1_3.jar;C:\Users\obekpaa\.m2\repository\commons-logging\commons-logging-api\1.1\commons-logging-api-1.1.jar;C:\Users\obekpaa\.m2\repository\org\apache\juddi\juddi-client\3.1.5.wso2v1\juddi-client-3.1.5.wso2v1.jar;C:\Users\obekpaa\.m2\repository\org\apache\geronimo\specs\geronimo-jpa_2.0_spec\1.0\geronimo-jpa_2.0_spec-1.0.jar;C:\Users\obekpaa\.m2\repository\org\apache\openjpa\openjpa\2.2.0-wso2v1\openjpa-2.2.0-wso2v1.jar;C:\Users\obekpaa\.m2\repository\net\sourceforge\serp\serp\1.13.1\serp-1.13.1.jar;C:\Users\obekpaa\.m2\repository\asm\asm\3.2\asm-3.2.jar;C:\Users\obekpaa\.m2\repository\org\wso2\orbit\wadl\core\wadl-core\1.1.6.wso2v1\wadl-core-1.1.6.wso2v1.jar;C:\Users\obekpaa\.m2\repository\org\jvnet\ws\wadl\wadl-core\1.1.6\wadl-core-1.1.6.jar;C:\Users\obekpaa\.m2\repository\org\glassfish\jersey\core\jersey-common\2.5.1\jersey-common-2.5.1.jar;C:\Users\obekpaa\.m2\repository\javax\ws\rs\javax.ws.rs-api\2.0\javax.ws.rs-api-2.0.jar;C:\Users\obekpaa\.m2\repository\javax\annotation\javax.annotation-api\1.2\javax.annotation-api-1.2.jar;C:\Users\obekpaa\.m2\repository\org\glassfish\hk2\hk2-api\2.2.0-b21\hk2-api-2.2.0-b21.jar;C:\Users\obekpaa\.m2\repository\org\glassfish\hk2\hk2-utils\2.2.0-b21\hk2-utils-2.2.0-b21.jar;C:\Users\obekpaa\.m2\repository\org\glassfish\hk2\external\javax.inject\2.2.0-b21\javax.inject-2.2.0-b21.jar;C:\Users\obekpaa\.m2\repository\org\glassfish\hk2\hk2-locator\2.2.0-b21\hk2-locator-2.2.0-b21.jar;C:\Users\obekpaa\.m2\repository\org\glassfish\hk2\external\asm-all-repackaged\2.2.0-b21\asm-all-repackaged-2.2.0-b21.jar;C:\Users\obekpaa\.m2\repository\org\glassfish\hk2\external\cglib\2.2.0-b21\cglib-2.2.0-b21.jar;C:\Users\obekpaa\.m2\repository\org\glassfish\hk2\osgi-resource-locator\1.0.1\osgi-resource-locator-1.0.1.jar;C:\Users\obekpaa\.m2\repository\org\jsonschema2pojo\jsonschema2pojo-core\0.4.0\jsonschema2pojo-core-0.4.0.jar;C:\Users\obekpaa\.m2\repository\org\jvnet\ws\wadl\wadl-xslt\1.1.6\wadl-xslt-1.1.6.jar;C:\Users\obekpaa\.m2\repository\com\googlecode\jsonschema2pojo\jsonschema2pojo-core\0.3.4\jsonschema2pojo-core-0.3.4.jar;C:\Users\obekpaa\.m2\repository\org\codehaus\jackson\jackson-mapper-asl\1.9.13\jackson-mapper-asl-1.9.13.jar;C:\Users\obekpaa\.m2\repository\org\codehaus\jackson\jackson-core-asl\1.9.13\jackson-core-asl-1.9.13.jar;C:\Users\obekpaa\.m2\repository\com\sun\codemodel\codemodel\2.4.1\codemodel-2.4.1.jar;C:\Users\obekpaa\.m2\repository\javax\validation\validation-api\1.0.0.GA\validation-api-1.0.0.GA.jar;C:\Users\obekpaa\.m2\repository\com\google\code\findbugs\annotations\1.3.9\annotations-1.3.9.jar;C:\Users\obekpaa\.m2\repository\com\sun\localizer\localizer\1.0\localizer-1.0.jar;C:\Users\obekpaa\.m2\repository\com\sun\localizer\comresrcgen\1.0\comresrcgen-1.0.jar;C:\Users\obekpaa\.m2\repository\com\sun\jersey\jersey-client\1.19.1\jersey-client-1.19.1.jar;C:\Users\obekpaa\.m2\repository\com\sun\jersey\jersey-core\1.19.1\jersey-core-1.19.1.jar;C:\Users\obekpaa\.m2\repository\com\sun\jersey\jersey-server\1.12\jersey-server-1.12.jar;C:\Users\obekpaa\.m2\repository\com\sun\xml\bind\jaxb-impl\2.2.6\jaxb-impl-2.2.6.jar;C:\Users\obekpaa\.m2\repository\com\sun\xml\bind\jaxb-xjc\2.2.6\jaxb-xjc-2.2.6.jar;C:\Users\obekpaa\.m2\repository\org\eclipse\core\org.eclipse.core.runtime\3.5.0.v20090429-1800\org.eclipse.core.runtime-3.5.0.v20090429-1800.jar;C:\Users\obekpaa\.m2\repository\org\wso2\carbon\org.wso2.carbon.registry.server\4.4.14\org.wso2.carbon.registry.server-4.4.14.jar;C:\Users\obekpaa\.m2\repository\org\apache\maven\scm\wso2\maven-scm\1.7.0.wso2v1\maven-scm-1.7.0.wso2v1.jar;C:\Users\obekpaa\.m2\repository\org\apache\maven\scm\maven-scm-provider-svnexe\1.7.0-wso2v1\maven-scm-provider-svnexe-1.7.0-wso2v1.jar;C:\Users\obekpaa\.m2\repository\org\apache\maven\scm\maven-scm-api\1.7\maven-scm-api-1.7.jar;C:\Users\obekpaa\.m2\repository\org\apache\maven\scm\maven-scm-manager-plexus\1.7\maven-scm-manager-plexus-1.7.jar;C:\Users\obekpaa\.m2\repository\org\codehaus\plexus\plexus-container-default\1.0-alpha-9\plexus-container-default-1.0-alpha-9.jar;C:\Users\obekpaa\.m2\repository\classworlds\classworlds\1.1-alpha-2\classworlds-1.1-alpha-2.jar;C:\Users\obekpaa\.m2\repository\org\apache\maven\scm\maven-scm-provider-svn-commons\1.7\maven-scm-provider-svn-commons-1.7.jar;C:\Users\obekpaa\.m2\repository\regexp\regexp\1.3\regexp-1.3.jar;C:\Users\obekpaa\.m2\repository\org\codehaus\plexus\plexus-utils\2.0.5\plexus-utils-2.0.5.jar;C:\Users\obekpaa\.m2\repository\org\apache\maven\scm\maven-scm-client\1.7\maven-scm-client-1.7.jar;C:\Users\obekpaa\.m2\repository\org\apache\maven\scm\maven-scm-provider-accurev\1.7\maven-scm-provider-accurev-1.7.jar;C:\Users\obekpaa\.m2\repository\org\apache\maven\scm\maven-scm-provider-bazaar\1.7\maven-scm-provider-bazaar-1.7.jar;C:\Users\obekpaa\.m2\repository\org\apache\maven\scm\maven-scm-provider-clearcase\1.7\maven-scm-provider-clearcase-1.7.jar;C:\Users\obekpaa\.m2\repository\org\apache\maven\scm\maven-scm-provider-cvsexe\1.7\maven-scm-provider-cvsexe-1.7.jar;C:\Users\obekpaa\.m2\repository\org\apache\maven\scm\maven-scm-provider-cvs-commons\1.7\maven-scm-provider-cvs-commons-1.7.jar;C:\Users\obekpaa\.m2\repository\org\apache\maven\scm\maven-scm-provider-cvsjava\1.7\maven-scm-provider-cvsjava-1.7.jar;C:\Users\obekpaa\.m2\repository\org\netbeans\lib\cvsclient\20060125\cvsclient-20060125.jar;C:\Users\obekpaa\.m2\repository\ch\ethz\ganymed\ganymed-ssh2\build210\ganymed-ssh2-build210.jar;C:\Users\obekpaa\.m2\repository\org\apache\maven\scm\maven-scm-provider-gitexe\1.7\maven-scm-provider-gitexe-1.7.jar;C:\Users\obekpaa\.m2\repository\org\apache\maven\scm\maven-scm-provider-git-commons\1.7\maven-scm-provider-git-commons-1.7.jar;C:\Users\obekpaa\.m2\repository\org\apache\maven\scm\maven-scm-provider-hg\1.7\maven-scm-provider-hg-1.7.jar;C:\Users\obekpaa\.m2\repository\org\apache\maven\scm\maven-scm-provider-jazz\1.7\maven-scm-provider-jazz-1.7.jar;C:\Users\obekpaa\.m2\repository\org\apache\maven\scm\maven-scm-provider-local\1.7\maven-scm-provider-local-1.7.jar;C:\Users\obekpaa\.m2\repository\org\apache\maven\scm\maven-scm-provider-perforce\1.7\maven-scm-provider-perforce-1.7.jar;C:\Users\obekpaa\.m2\repository\org\apache\maven\scm\maven-scm-provider-starteam\1.7\maven-scm-provider-starteam-1.7.jar;C:\Users\obekpaa\.m2\repository\org\apache\maven\scm\maven-scm-provider-synergy\1.7\maven-scm-provider-synergy-1.7.jar;C:\Users\obekpaa\.m2\repository\org\apache\maven\scm\maven-scm-provider-vss\1.7\maven-scm-provider-vss-1.7.jar;C:\Users\obekpaa\.m2\repository\org\apache\maven\scm\maven-scm-provider-tfs\1.7\maven-scm-provider-tfs-1.7.jar;C:\Users\obekpaa\.m2\repository\org\apache\juddi\wso2\juddi\3.1.5.wso2v1\juddi-3.1.5.wso2v1.jar;C:\Users\obekpaa\.m2\repository\org\wso2\carbon\registry\org.wso2.carbon.registry.common\4.6.3\org.wso2.carbon.registry.common-4.6.3.jar;C:\Users\obekpaa\.m2\repository\commons-beanutils\wso2\commons-beanutils\1.8.0.wso2v1\commons-beanutils-1.8.0.wso2v1.jar;C:\Users\obekpaa\.m2\repository\org\wso2\carbon\org.wso2.carbon.feature.mgt.services\4.4.14\org.wso2.carbon.feature.mgt.services-4.4.14.jar;C:\Users\obekpaa\.m2\repository\org\wso2\carbon\org.wso2.carbon.feature.mgt.core\4.4.14\org.wso2.carbon.feature.mgt.core-4.4.14.jar;C:\Users\obekpaa\.m2\repository\org\eclipse\equinox\org.eclipse.equinox.p2.artifact.repository\1.1.100.v20110519\org.eclipse.equinox.p2.artifact.repository-1.1.100.v20110519.jar;C:\Users\obekpaa\.m2\repository\org\eclipse\equinox\org.eclipse.equinox.p2.director\2.3.0.v20130526-0335\org.eclipse.equinox.p2.director-2.3.0.v20130526-0335.jar;C:\Users\obekpaa\.m2\repository\org\eclipse\equinox\org.eclipse.equinox.p2.metadata.repository\1.2.100.v20130327-2119\org.eclipse.equinox.p2.metadata.repository-1.2.100.v20130327-2119.jar;C:\Users\obekpaa\.m2\repository\org\eclipse\equinox\org.eclipse.equinox.simpleconfigurator\1.0.400.v20130327-2119\org.eclipse.equinox.simpleconfigurator-1.0.400.v20130327-2119.jar;C:\Users\obekpaa\.m2\repository\org\eclipse\equinox\org.eclipse.equinox.p2.core\2.3.0.v20130327-2119\org.eclipse.equinox.p2.core-2.3.0.v20130327-2119.jar;C:\Users\obekpaa\.m2\repository\org\eclipse\equinox\org.eclipse.equinox.p2.engine\2.3.0.v20130526-2122-wso2v1\org.eclipse.equinox.p2.engine-2.3.0.v20130526-2122-wso2v1.jar;C:\Users\obekpaa\.m2\repository\org\eclipse\core\org.eclipse.core.jobs\3.5.300.v20130429-1813\org.eclipse.core.jobs-3.5.300.v20130429-1813.jar;C:\Users\obekpaa\.m2\repository\org\eclipse\equinox\org.eclipse.equinox.util\1.0.500.v20130404-1337\org.eclipse.equinox.util-1.0.500.v20130404-1337.jar;C:\Users\obekpaa\.m2\repository\org\eclipse\equinox\org.eclipse.equinox.security\1.2.0.v20130424-1801\org.eclipse.equinox.security-1.2.0.v20130424-1801.jar;C:\Users\obekpaa\.m2\repository\org\eclipse\equinox\org.eclipse.equinox.p2.publisher.eclipse\1.1.200.v20130516-1953\org.eclipse.equinox.p2.publisher.eclipse-1.1.200.v20130516-1953.jar;C:\Users\obekpaa\.m2\repository\org\eclipse\equinox\org.eclipse.equinox.p2.publisher.pdepublishing\1.0.0\org.eclipse.equinox.p2.publisher.pdepublishing-1.0.0.jar;C:\Users\obekpaa\.m2\repository\org\eclipse\equinox\org.eclipse.equinox.p2.garbagecollector\1.0.200.v20130327-2119\org.eclipse.equinox.p2.garbagecollector-1.0.200.v20130327-2119.jar;C:\Users\obekpaa\.m2\repository\org\eclipse\equinox\org.eclipse.equinox.p2.publisher\1.3.0.v20130509-0110\org.eclipse.equinox.p2.publisher-1.3.0.v20130509-0110.jar;C:\Users\obekpaa\.m2\repository\org\eclipse\equinox\org.eclipse.equinox.preferences\3.5.100.v20130422-1538\org.eclipse.equinox.preferences-3.5.100.v20130422-1538.jar;C:\Users\obekpaa\.m2\repository\org\eclipse\equinox\org.eclipse.equinox.simpleconfigurator.manipulator\2.0.0.v20130327-2119\org.eclipse.equinox.simpleconfigurator.manipulator-2.0.0.v20130327-2119.jar;C:\Users\obekpaa\.m2\repository\org\eclipse\equinox\org.eclipse.equinox.frameworkadmin\2.0.100.v20130327-2119\org.eclipse.equinox.frameworkadmin-2.0.100.v20130327-2119.jar;C:\Users\obekpaa\.m2\repository\org\eclipse\equinox\org.eclipse.equinox.p2.metadata\2.2.0.v20130523-1557\org.eclipse.equinox.p2.metadata-2.2.0.v20130523-1557.jar;C:\Users\obekpaa\.m2\repository\org\eclipse\equinox\org.eclipse.equinox.p2.repository\2.3.0.v20130412-2032\org.eclipse.equinox.p2.repository-2.3.0.v20130412-2032.jar;C:\Users\obekpaa\.m2\repository\org\eclipse\equinox\org.eclipse.equinox.common\3.6.200.v20130402-1505\org.eclipse.equinox.common-3.6.200.v20130402-1505.jar;C:\Users\obekpaa\.m2\repository\org\wso2\carbon\registry\org.wso2.carbon.registry.admin.api\4.6.3\org.wso2.carbon.registry.admin.api-4.6.3.jar;C:\Users\obekpaa\.m2\repository\org\wso2\carbon\commons\org.wso2.carbon.ntask.core\4.5.4\org.wso2.carbon.ntask.core-4.5.4.jar;C:\Users\obekpaa\.m2\repository\org\wso2\carbon\commons\org.wso2.carbon.ntask.common\4.5.4\org.wso2.carbon.ntask.common-4.5.4.jar;C:\Users\obekpaa\.m2\repository\org\wso2\carbon\commons\org.wso2.carbon.remote-tasks.stub\4.5.4\org.wso2.carbon.remote-tasks.stub-4.5.4.jar;C:\Users\obekpaa\.m2\repository\org\quartz-scheduler\wso2\quartz\2.1.1.wso2v1\quartz-2.1.1.wso2v1.jar;C:\Users\obekpaa\.m2\repository\org\quartz-scheduler\quartz\2.1.1\quartz-2.1.1.jar;C:\Users\obekpaa\.m2\repository\c3p0\c3p0\0.9.1.1\c3p0-0.9.1.1.jar;C:\Users\obekpaa\.m2\repository\org\wso2\carbon\registry\org.wso2.carbon.registry.ws.client\4.6.38\org.wso2.carbon.registry.ws.client-4.6.38.jar;C:\Users\obekpaa\.m2\repository\org\apache\axis2\wso2\axis2\1.6.1.wso2v17\axis2-1.6.1.wso2v17.jar;C:\Users\obekpaa\.m2\repository\org\apache\rampart\rampart-core\1.6.1-wso2v19\rampart-core-1.6.1-wso2v19.jar;C:\Users\obekpaa\.m2\repository\org\apache\axis2\mex\1.6.1-wso2v17\mex-1.6.1-wso2v17-impl.jar;C:\Users\obekpaa\.m2\repository\org\apache\axis2\axis2-mtompolicy\1.6.1-wso2v17\axis2-mtompolicy-1.6.1-wso2v17.jar;C:\Users\obekpaa\.m2\repository\org\apache\ws\commons\axiom\axiom-dom\1.2.11-wso2v10\axiom-dom-1.2.11-wso2v10.jar;C:\Users\obekpaa\.m2\repository\org\apache\ws\security\wss4j\1.5.11-wso2v11\wss4j-1.5.11-wso2v11.jar;C:\Users\obekpaa\.m2\repository\org\apache\xalan\xalan\2.7.1\xalan-2.7.1.jar;C:\Users\obekpaa\.m2\repository\org\apache\santuario\xmlsec\1.4.2\xmlsec-1.4.2.jar;C:\Users\obekpaa\.m2\repository\org\opensaml\opensaml1\1.1\opensaml1-1.1.jar;C:\Users\obekpaa\.m2\repository\org\opensaml\opensaml\2.2.3\opensaml-2.2.3.jar;C:\Users\obekpaa\.m2\repository\org\opensaml\openws\1.2.2\openws-1.2.2.jar;C:\Users\obekpaa\.m2\repository\org\opensaml\xmltooling\1.2.0\xmltooling-1.2.0.jar;C:\Users\obekpaa\.m2\repository\org\slf4j\jcl-over-slf4j\1.5.5\jcl-over-slf4j-1.5.5.jar;C:\Users\obekpaa\.m2\repository\org\slf4j\log4j-over-slf4j\1.5.5\log4j-over-slf4j-1.5.5.jar;C:\Users\obekpaa\.m2\repository\org\bouncycastle\bcprov-ext-jdk15\1.40\bcprov-ext-jdk15-1.40.jar;C:\Users\obekpaa\.m2\repository\jargs\jargs\1.0\jargs-1.0.jar;C:\Users\obekpaa\.m2\repository\velocity\velocity\1.5\velocity-1.5.jar;C:\Users\obekpaa\.m2\repository\org\apache\xerces\xml-apis\2.9.1\xml-apis-2.9.1.jar;C:\Users\obekpaa\.m2\repository\org\apache\xerces\xercesImpl\2.9.1\xercesImpl-2.9.1.jar;C:\Users\obekpaa\.m2\repository\org\apache\xerces\resolver\2.9.1\resolver-2.9.1.jar;C:\Users\obekpaa\.m2\repository\org\apache\xerces\serializer\2.9.1\serializer-2.9.1.jar;C:\Users\obekpaa\.m2\repository\commons-lang\commons-lang\2.3\commons-lang-2.3.jar;C:\Users\obekpaa\.m2\repository\bouncycastle\bcprov-jdk14\140\bcprov-jdk14-140.jar;C:\Users\obekpaa\.m2\repository\org\apache\rampart\rampart-policy\1.6.1-wso2v19\rampart-policy-1.6.1-wso2v19.jar;C:\Users\obekpaa\.m2\repository\org\apache\rampart\rampart-trust\1.6.1-wso2v19\rampart-trust-1.6.1-wso2v19.jar;C:\Users\obekpaa\.m2\repository\org\wso2\carbon\org.wso2.carbon.authenticator.proxy\4.4.14\org.wso2.carbon.authenticator.proxy-4.4.14.jar;C:\Users\obekpaa\.m2\repository\org\wso2\carbon\registry\org.wso2.carbon.registry.common.ui\4.6.38\org.wso2.carbon.registry.common.ui-4.6.38.jar;C:\Users\obekpaa\.m2\repository\org\eclipse\equinox\javax.servlet.jsp\2.2.0.v201112011158\javax.servlet.jsp-2.2.0.v201112011158.jar;C:\Users\obekpaa\.m2\repository\org\wso2\carbon\org.wso2.carbon.server.admin.common\4.4.14\org.wso2.carbon.server.admin.common-4.4.14.jar;C:\Users\obekpaa\.m2\repository\org\wso2\carbon\org.wso2.carbon.server.admin.ui\4.4.14\org.wso2.carbon.server.admin.ui-4.4.14.jar;C:\Users\obekpaa\.m2\repository\org\wso2\carbon\org.wso2.carbon.server.admin.stub\4.4.14\org.wso2.carbon.server.admin.stub-4.4.14.jar;C:\Users\obekpaa\.m2\repository\org\wso2\carbon\org.wso2.carbon.base\4.4.14\org.wso2.carbon.base-4.4.14.jar;C:\Users\obekpaa\.m2\repository\org\wso2\carbon\org.wso2.carbon.securevault\4.4.14\org.wso2.carbon.securevault-4.4.14.jar;C:\Users\obekpaa\.m2\repository\commons-beanutils\commons-beanutils\1.8.0\commons-beanutils-1.8.0.jar;C:\Users\obekpaa\.m2\repository\commons-collections\commons-collections\3.2\commons-collections-3.2.jar;C:\Users\obekpaa\.m2\repository\commons-digester\commons-digester\1.8\commons-digester-1.8.jar;C:\Users\obekpaa\.m2\repository\org\apache\ws\commons\axiom\wso2\axiom\1.2.11.wso2v10\axiom-1.2.11.wso2v10.jar;C:\Users\obekpaa\.m2\repository\org\codehaus\woodstox\woodstox-core-asl\4.2.0\woodstox-core-asl-4.2.0.jar;C:\Users\obekpaa\.m2\repository\org\codehaus\woodstox\stax2-api\3.1.1\stax2-api-3.1.1.jar;C:\Users\obekpaa\.m2\repository\javax\xml\stream\stax-api\1.0-2\stax-api-1.0-2.jar;C:\Users\obekpaa\.m2\repository\org\wso2\carbon\org.wso2.carbon.ui\4.4.14\org.wso2.carbon.ui-4.4.14.jar;C:\Users\obekpaa\.m2\repository\org\apache\tiles\wso2\tiles-jsp\2.0.5.wso2v1\tiles-jsp-2.0.5.wso2v1.jar;C:\Users\obekpaa\.m2\repository\org\wso2\carbon\org.wso2.carbon.tomcat\4.4.14\org.wso2.carbon.tomcat-4.4.14.jar;C:\Users\obekpaa\.m2\repository\org\wso2\tomcat\tomcat\7.0.75.wso2v1\tomcat-7.0.75.wso2v1.jar;C:\Users\obekpaa\.m2\repository\org\eclipse\equinox\org.eclipse.equinox.http.servlet\1.1.400.v20130418-1354\org.eclipse.equinox.http.servlet-1.1.400.v20130418-1354.jar;C:\Users\obekpaa\.m2\repository\org\eclipse\equinox\org.apache.jasper.glassfish\2.2.2.v201205150955\org.apache.jasper.glassfish-2.2.2.v201205150955.jar;C:\Users\obekpaa\.m2\repository\org\wso2\carbon\org.wso2.carbon.core.commons.stub\4.4.14\org.wso2.carbon.core.commons.stub-4.4.14.jar;C:\Users\obekpaa\.m2\repository\javax\servlet\jsp\jstl\wso2\jstl\1.2.1.wso2v2\jstl-1.2.1.wso2v2.jar;C:\Users\obekpaa\.m2\repository\org\wso2\orbit\org\owasp\encoder\encoder\1.2.0.wso2v1\encoder-1.2.0.wso2v1.jar;C:\Users\obekpaa\.m2\repository\org\wso2\carbon\registry\org.wso2.carbon.registry.ws.stub\4.6.38\org.wso2.carbon.registry.ws.stub-4.6.38.jar;C:\Users\obekpaa\.m2\repository\org\apache\ws\security\wso2\wss4j\1.5.11.wso2v11\wss4j-1.5.11.wso2v11.jar;C:\Users\obekpaa\.m2\repository\org\apache\poi\wso2\poi-ooxml\3.9.0.wso2v3\poi-ooxml-3.9.0.wso2v3.jar;C:\Users\obekpaa\.m2\repository\org\wso2\wsdl4j\wsdl4j.wso2\1.6.3.wso2v3\wsdl4j.wso2-1.6.3.wso2v3.jar;C:\Users\obekpaa\.m2\repository\org\wso2\carbon\org.wso2.carbon.core\4.4.35\org.wso2.carbon.core-4.4.35.jar;C:\Users\obekpaa\.m2\repository\org\wso2\orbit\com\hazelcast\hazelcast\3.5.4.wso2v2\hazelcast-3.5.4.wso2v2.jar;C:\Users\obekpaa\.m2\repository\com\hazelcast\hazelcast-all\3.5.4\hazelcast-all-3.5.4.jar;C:\Users\obekpaa\.m2\repository\org\eclipse\osgi\org.eclipse.osgi\3.9.1.v20130814-1242\org.eclipse.osgi-3.9.1.v20130814-1242.jar;C:\Users\obekpaa\.m2\repository\org\eclipse\osgi\org.eclipse.osgi.services\3.3.100.v20130513-1956\org.eclipse.osgi.services-3.3.100.v20130513-1956.jar;C:\Users\obekpaa\.m2\repository\org\eclipse\equinox\org.eclipse.equinox.http.helper\1.1.0.wso2v1\org.eclipse.equinox.http.helper-1.1.0.wso2v1.jar;C:\Users\obekpaa\.m2\repository\org\wso2\orbit\org\bouncycastle\bcprov-jdk15on\1.52.0.wso2v1\bcprov-jdk15on-1.52.0.wso2v1.jar;C:\Users\obekpaa\.m2\repository\org\bouncycastle\bcprov-jdk15on\1.52\bcprov-jdk15on-1.52.jar;C:\Users\obekpaa\.m2\repository\org\wso2\carbon\crypto\org.wso2.carbon.crypto.api\1.0.1\org.wso2.carbon.crypto.api-1.0.1.jar;C:\Users\obekpaa\.m2\repository\org\wso2\eclipse\osgi\org.eclipse.osgi.services\3.5.100.v20160504-1419\org.eclipse.osgi.services-3.5.100.v20160504-1419.jar;C:\Users\obekpaa\.m2\repository\org\wso2\orbit\org\apache\neethi\neethi\2.0.4.wso2v5\neethi-2.0.4.wso2v5.jar;C:\Users\obekpaa\.m2\repository\org\apache\httpcomponents\wso2\httpcore\4.3.3.wso2v1\httpcore-4.3.3.wso2v1.jar;C:\Users\obekpaa\.m2\repository\org\apache\tomcat\tomcat-catalina-ha\7.0.85\tomcat-catalina-ha-7.0.85.jar;C:\Users\obekpaa\.m2\repository\org\apache\tomcat\tomcat-juli\7.0.85\tomcat-juli-7.0.85.jar;C:\Users\obekpaa\.m2\repository\org\apache\tomcat\tomcat-tribes\7.0.85\tomcat-tribes-7.0.85.jar;C:\Users\obekpaa\.m2\repository\org\apache\tomcat\tomcat-catalina\7.0.85\tomcat-catalina-7.0.85.jar;C:\Users\obekpaa\.m2\repository\org\apache\tomcat\tomcat-annotations-api\7.0.85\tomcat-annotations-api-7.0.85.jar;C:\Users\obekpaa\.m2\repository\org\apache\tomcat\tomcat-api\7.0.85\tomcat-api-7.0.85.jar;C:\Users\obekpaa\.m2\repository\org\apache\tomcat\tomcat-util\7.0.85\tomcat-util-7.0.85.jar;C:\Users\obekpaa\.m2\repository\org\wso2\carbon\apimgt\org.wso2.carbon.apimgt.api\6.4.50\org.wso2.carbon.apimgt.api-6.4.50.jar;C:\Users\obekpaa\.m2\repository\org\wso2\carbon\org.wso2.carbon.registry.api\4.4.35\org.wso2.carbon.registry.api-4.4.35.jar;C:\Users\obekpaa\.m2\repository\org\wso2\carbon\apimgt\org.wso2.carbon.apimgt.keymgt.client\6.4.50\org.wso2.carbon.apimgt.keymgt.client-6.4.50.jar;C:\Users\obekpaa\.m2\repository\org\wso2\carbon\org.wso2.carbon.authenticator.stub\4.4.35\org.wso2.carbon.authenticator.stub-4.4.35.jar;C:\Users\obekpaa\.m2\repository\org\wso2\carbon\identity\framework\org.wso2.carbon.identity.core\5.12.153\org.wso2.carbon.identity.core-5.12.153.jar;C:\Users\obekpaa\.m2\repository\org\wso2\orbit\org\opensaml\opensaml\2.6.4.wso2v3\opensaml-2.6.4.wso2v3.jar;C:\Users\obekpaa\.m2\repository\org\wso2\carbon\identity\framework\org.wso2.carbon.identity.base\5.12.153\org.wso2.carbon.identity.base-5.12.153.jar;C:\Users\obekpaa\.m2\repository\org\apache\rampart\wso2\rampart-core\1.6.1-wso2v26\rampart-core-1.6.1-wso2v26.jar;C:\Users\obekpaa\.m2\repository\org\wso2\carbon\commons\org.wso2.carbon.tenant.common\4.5.2\org.wso2.carbon.tenant.common-4.5.2.jar;C:\Users\obekpaa\.m2\repository\org\slf4j\slf4j-simple\1.6.1\slf4j-simple-1.6.1.jar;C:\Users\obekpaa\.m2\repository\org\wso2\carbon\identity\inbound\auth\oauth2\org.wso2.carbon.identity.oauth\5.3.4\org.wso2.carbon.identity.oauth-5.3.4.jar;C:\Users\obekpaa\.m2\repository\com\google\gdata\wso2\gdata-core\1.47.0.wso2v1\gdata-core-1.47.0.wso2v1.jar;C:\Users\obekpaa\.m2\repository\org\wso2\orbit\org\apache\oltu\oauth2\oltu\1.0.0.wso2v3\oltu-1.0.0.wso2v3.jar;C:\Users\obekpaa\.m2\repository\org\wso2\carbon\identity\inbound\auth\oauth2\org.wso2.carbon.identity.oauth.common\5.3.4\org.wso2.carbon.identity.oauth.common-5.3.4.jar;C:\Users\obekpaa\.m2\repository\org\wso2\carbon\identity\framework\org.wso2.carbon.idp.mgt\5.7.0\org.wso2.carbon.idp.mgt-5.7.0.jar;C:\Users\obekpaa\.m2\repository\org\wso2\carbon\identity\framework\org.wso2.carbon.identity.application.mgt\5.7.0\org.wso2.carbon.identity.application.mgt-5.7.0.jar;C:\Users\obekpaa\.m2\repository\commons-collections\wso2\commons-collections\3.2.0.wso2v1\commons-collections-3.2.0.wso2v1.jar;C:\Users\obekpaa\.m2\repository\org\wso2\carbon\identity\framework\org.wso2.carbon.directory.server.manager\5.7.0\org.wso2.carbon.directory.server.manager-5.7.0.jar;C:\Users\obekpaa\.m2\repository\org\wso2\carbon\commons\org.wso2.carbon.wsdl2form\4.5.2\org.wso2.carbon.wsdl2form-4.5.2.jar;C:\Users\obekpaa\.m2\repository\xalan\wso2\xalan\2.7.1.wso2v1\xalan-2.7.1.wso2v1.jar;C:\Users\obekpaa\.m2\repository\org\wso2\carbon\identity\framework\org.wso2.carbon.directory.server.manager.common\5.7.0\org.wso2.carbon.directory.server.manager.common-5.7.0.jar;C:\Users\obekpaa\.m2\repository\org\wso2\carbon\identity\framework\org.wso2.carbon.security.mgt\5.7.0\org.wso2.carbon.security.mgt-5.7.0.jar;C:\Users\obekpaa\.m2\repository\org\apache\rampart\wso2\rampart-policy\1.6.1.wso2v24\rampart-policy-1.6.1.wso2v24.jar;C:\Users\obekpaa\.m2\repository\org\apache\rampart\wso2\rampart-trust\1.6.1.wso2v24\rampart-trust-1.6.1.wso2v24.jar;C:\Users\obekpaa\.m2\repository\backport-util-concurrent\wso2\backport-util-concurrent\3.1.0.wso2v1\backport-util-concurrent-3.1.0.wso2v1.jar;C:\Users\obekpaa\.m2\repository\org\wso2\carbon\identity\framework\org.wso2.carbon.identity.entitlement\5.7.0\org.wso2.carbon.identity.entitlement-5.7.0.jar;C:\Users\obekpaa\.m2\repository\org\wso2\balana\org.wso2.balana\1.1.2\org.wso2.balana-1.1.2.jar;C:\Users\obekpaa\.m2\repository\org\wso2\balana\org.wso2.balana.utils\1.1.2\org.wso2.balana.utils-1.1.2.jar;C:\Users\obekpaa\.m2\repository\org\wso2\carbon\identity\framework\org.wso2.carbon.identity.authenticator.thrift\5.7.0\org.wso2.carbon.identity.authenticator.thrift-5.7.0.jar;C:\Users\obekpaa\.m2\repository\org\wso2\carbon\identity\framework\org.wso2.carbon.identity.entitlement.common\5.7.0\org.wso2.carbon.identity.entitlement.common-5.7.0.jar;C:\Users\obekpaa\.m2\repository\org\wso2\carbon\identity\framework\org.wso2.carbon.identity.entitlement.stub\5.7.0\org.wso2.carbon.identity.entitlement.stub-5.7.0.jar;C:\Users\obekpaa\.m2\repository\libthrift\wso2\libthrift\0.8.0.wso2v1\libthrift-0.8.0.wso2v1.jar;C:\Users\obekpaa\.m2\repository\org\apache\thrift\libthrift\0.8.0\libthrift-0.8.0.jar;C:\Users\obekpaa\.m2\repository\org\wso2\carbon\identity\framework\org.wso2.carbon.identity.notification.mgt\5.7.0\org.wso2.carbon.identity.notification.mgt-5.7.0.jar;C:\Users\obekpaa\.m2\repository\tomcat\tomcat-util\3.3.2\tomcat-util-3.3.2.jar;C:\Users\obekpaa\.m2\repository\org\wso2\orbit\com\github\dblock\waffle\waffle-jna\1.6.wso2v5\waffle-jna-1.6.wso2v5.jar;C:\Users\obekpaa\.m2\repository\net\minidev\json-smart\1.3\json-smart-1.3.jar;C:\Users\obekpaa\.m2\repository\org\wso2\carbon\org.wso2.carbon.core.common\4.4.7\org.wso2.carbon.core.common-4.4.7.jar;C:\Users\obekpaa\.m2\repository\javax\servlet\servlet-api\2.5\servlet-api-2.5.jar;C:\Users\obekpaa\.m2\repository\org\wso2\carbon\identity\framework\org.wso2.carbon.identity.application.authentication.framework\5.12.153\org.wso2.carbon.identity.application.authentication.framework-5.12.153.jar;C:\Users\obekpaa\.m2\repository\org\wso2\carbon\identity\framework\org.wso2.carbon.identity.user.profile\5.12.153\org.wso2.carbon.identity.user.profile-5.12.153.jar;C:\Users\obekpaa\.m2\repository\org\wso2\carbon\identity\framework\org.wso2.carbon.identity.testutil\5.12.153\org.wso2.carbon.identity.testutil-5.12.153.jar;C:\Users\obekpaa\.m2\repository\org\wso2\carbon\consent\mgt\org.wso2.carbon.consent.mgt.core\2.0.9\org.wso2.carbon.consent.mgt.core-2.0.9.jar;C:\Users\obekpaa\.m2\repository\org\wso2\carbon\utils\org.wso2.carbon.database.utils\2.0.6\org.wso2.carbon.database.utils-2.0.6.jar;C:\Users\obekpaa\.m2\repository\org\apache\felix\org.apache.felix.scr.ds-annotations\1.2.4\org.apache.felix.scr.ds-annotations-1.2.4.jar;C:\Users\obekpaa\.m2\repository\org\wso2\carbon\identity\framework\org.wso2.carbon.identity.event\5.12.153\org.wso2.carbon.identity.event-5.12.153.jar;C:\Users\obekpaa\.m2\repository\org\wso2\carbon\identity\framework\org.wso2.carbon.identity.user.store.configuration\5.7.0\org.wso2.carbon.identity.user.store.configuration-5.7.0.jar;C:\Users\obekpaa\.m2\repository\org\wso2\carbon\org.wso2.carbon.ndatasource.core\4.4.11\org.wso2.carbon.ndatasource.core-4.4.11.jar;C:\Users\obekpaa\.m2\repository\org\wso2\carbon\org.wso2.carbon.ndatasource.common\4.4.11\org.wso2.carbon.ndatasource.common-4.4.11.jar;C:\Users\obekpaa\.m2\repository\org\wso2\carbon\org.wso2.carbon.ndatasource.rdbms\4.4.11\org.wso2.carbon.ndatasource.rdbms-4.4.11.jar;C:\Users\obekpaa\.m2\repository\org\wso2\orbit\joda-time\joda-time\2.8.2.wso2v1\joda-time-2.8.2.wso2v1.jar;C:\Users\obekpaa\.m2\repository\org\wso2\carbon\identity\framework\org.wso2.carbon.identity.claim.metadata.mgt\5.7.0\org.wso2.carbon.identity.claim.metadata.mgt-5.7.0.jar;C:\Users\obekpaa\.m2\repository\org\wso2\carbon\identity\org.wso2.carbon.captcha.mgt\4.5.2\org.wso2.carbon.captcha.mgt-4.5.2.jar;C:\Users\obekpaa\.m2\repository\kaptcha\wso2\kaptcha\2.3.0.wso2v1\kaptcha-2.3.0.wso2v1.jar;C:\Users\obekpaa\.m2\repository\org\wso2\carbon\governance\org.wso2.carbon.governance.registry.extensions\4.7.27\org.wso2.carbon.governance.registry.extensions-4.7.27.jar;C:\Users\obekpaa\.m2\repository\org\wso2\carbon\registry\org.wso2.carbon.registry.servlet\4.6.3\org.wso2.carbon.registry.servlet-4.6.3.jar;C:\Users\obekpaa\.m2\repository\org\wso2\carbon\registry\org.wso2.carbon.registry.eventing\4.6.3\org.wso2.carbon.registry.eventing-4.6.3.jar;C:\Users\obekpaa\.m2\repository\org\wso2\carbon\registry\org.wso2.carbon.registry.event.core\4.6.3\org.wso2.carbon.registry.event.core-4.6.3.jar;C:\Users\obekpaa\.m2\repository\org\wso2\carbon\registry\org.wso2.carbon.registry.event.ws\4.6.3\org.wso2.carbon.registry.event.ws-4.6.3.jar;C:\Users\obekpaa\.m2\repository\org\wso2\carbon\commons\org.wso2.carbon.email.verification\4.5.4\org.wso2.carbon.email.verification-4.5.4.jar;C:\Users\obekpaa\.m2\repository\org\wso2\carbon\registry\org.wso2.carbon.governance.notifications.worklist.stub\4.6.3\org.wso2.carbon.governance.notifications.worklist.stub-4.6.3.jar;C:\Users\obekpaa\.m2\repository\org\wso2\carbon\org.wso2.carbon.core.services\4.4.14\org.wso2.carbon.core.services-4.4.14.jar;C:\Users\obekpaa\.m2\repository\org\wso2\carbon\registry\org.wso2.carbon.registry.task\4.6.3\org.wso2.carbon.registry.task-4.6.3.jar;C:\Users\obekpaa\.m2\repository\org\wso2\carbon\registry\org.wso2.carbon.registry.resource.stub\4.6.3\org.wso2.carbon.registry.resource.stub-4.6.3.jar;C:\Users\obekpaa\.m2\repository\org\wso2\carbon\governance\org.wso2.carbon.governance.common\4.7.27\org.wso2.carbon.governance.common-4.7.27.jar;C:\Users\obekpaa\.m2\repository\commons-dbcp\commons-dbcp\1.2.2\commons-dbcp-1.2.2.jar;C:\Users\obekpaa\.m2\repository\commons-pool\commons-pool\1.3\commons-pool-1.3.jar;C:\Users\obekpaa\.m2\repository\javax\mail\mail\1.4\mail-1.4.jar;C:\Users\obekpaa\.m2\repository\javax\activation\activation\1.1\activation-1.1.jar;C:\Users\obekpaa\.m2\repository\commons-fileupload\commons-fileupload\1.1.1\commons-fileupload-1.1.1.jar;C:\Users\obekpaa\.m2\repository\hsqldb\wso2\hsqldb\1.8.0.7wso2v1\hsqldb-1.8.0.7wso2v1.jar;C:\Users\obekpaa\.m2\repository\commons-httpclient\commons-httpclient\3.0.1\commons-httpclient-3.0.1.jar;C:\Users\obekpaa\.m2\repository\org\apache\geronimo\specs\wso2\geronimo-stax-api_1.0_spec\1.0.1.wso2v1\geronimo-stax-api_1.0_spec-1.0.1.wso2v1.jar;C:\Users\obekpaa\.m2\repository\org\codehaus\woodstox\wstx-asl\3.2.9\wstx-asl-3.2.9.jar;C:\Users\obekpaa\.m2\repository\stax\stax-api\1.0.1\stax-api-1.0.1.jar;C:\Users\obekpaa\.m2\repository\jaxen\jaxen\1.1.1\jaxen-1.1.1.jar;C:\Users\obekpaa\.m2\repository\dom4j\dom4j\1.6.1\dom4j-1.6.1.jar;C:\Users\obekpaa\.m2\repository\jdom\jdom\1.0\jdom-1.0.jar;C:\Users\obekpaa\.m2\repository\xom\xom\1.0\xom-1.0.jar;C:\Users\obekpaa\.m2\repository\xerces\xmlParserAPIs\2.6.2\xmlParserAPIs-2.6.2.jar;C:\Users\obekpaa\.m2\repository\xalan\xalan\2.6.0\xalan-2.6.0.jar;C:\Users\obekpaa\.m2\repository\xml-apis\xml-apis\1.3.04\xml-apis-1.3.04.jar;C:\Users\obekpaa\.m2\repository\org\apache\ws\commons\schema\XmlSchema\1.4.3\XmlSchema-1.4.3.jar;C:\Users\obekpaa\.m2\repository\org\apache\derby\derby\10.4.2.0\derby-10.4.2.0.jar;C:\Users\obekpaa\.m2\repository\org\wso2\wsdl\validator\wso2\wsdl-validator\1.2.0.wso2v1\wsdl-validator-1.2.0.wso2v1.jar;C:\Users\obekpaa\.m2\repository\uddi\uddi4j\1.0.1\uddi4j-1.0.1.jar;C:\Users\obekpaa\.m2\repository\org\wso2\carbon\org.wso2.carbon.mashup.utils\4.2.0\org.wso2.carbon.mashup.utils-4.2.0.jar;C:\Users\obekpaa\.m2\repository\org\jaggeryjs\org.jaggeryjs.scriptengine\0.9.0.ALPHA4.wso2v1\org.jaggeryjs.scriptengine-0.9.0.ALPHA4.wso2v1.jar;C:\Users\obekpaa\.m2\repository\commons-httpclient\wso2\commons-httpclient\3.1.0.wso2v2\commons-httpclient-3.1.0.wso2v2.jar;C:\Users\obekpaa\.m2\repository\org\apache\commons\ssl\not-yet-commons-ssl\0.3.9\not-yet-commons-ssl-0.3.9.jar;C:\Users\obekpaa\.m2\repository\org\eclipse\wst\jsdt\org.eclipse.wst.jsdt.debug.rhino.debugger\1.0.300.v201109150503\org.eclipse.wst.jsdt.debug.rhino.debugger-1.0.300.v201109150503.jar;C:\Users\obekpaa\.m2\repository\org\eclipse\wst\jsdt\org.eclipse.wst.jsdt.debug.transport\1.0.100.v201109150330\org.eclipse.wst.jsdt.debug.transport-1.0.100.v201109150330.jar;C:\Users\obekpaa\.m2\repository\org\wso2\carbon\governance\org.wso2.carbon.mashup.javascript.hostobjects.registry\4.7.27\org.wso2.carbon.mashup.javascript.hostobjects.registry-4.7.27.jar;C:\Users\obekpaa\.m2\repository\org\wso2\wsf\javascript\axiom-e4x\2.1.0\axiom-e4x-2.1.0.jar;C:\Users\obekpaa\.m2\repository\org\mozilla\rhino\js-core\1.6R7\js-core-1.6R7.jar;C:\Users\obekpaa\.m2\repository\woodstox\wstx-asl\3.1.0\wstx-asl-3.1.0.jar;C:\Users\obekpaa\.m2\repository\rhino\wso2\js\1.7.0.R4.wso2v1\js-1.7.0.R4.wso2v1.jar;C:\Users\obekpaa\.m2\repository\org\mozilla\rhino\1.7R4\rhino-1.7R4.jar;C:\Users\obekpaa\.m2\repository\commons-scxml\wso2\commons-scxml\0.9.0.wso2v1\commons-scxml-0.9.0.wso2v1.jar;C:\Users\obekpaa\.m2\repository\org\apache\httpcomponents\wso2\httpclient\4.1.1.wso2v1\httpclient-4.1.1.wso2v1.jar;C:\Users\obekpaa\.m2\repository\org\json\wso2\json\3.0.0.wso2v1\json-3.0.0.wso2v1.jar;C:\Users\obekpaa\.m2\repository\org\json\json\20140107\json-20140107.jar;C:\Users\obekpaa\.m2\repository\com\h2database\wso2\h2-database-engine\1.2.140.wso2v3\h2-database-engine-1.2.140.wso2v3.jar;C:\Users\obekpaa\.m2\repository\commons-codec\wso2\commons-codec\1.4.0.wso2v1\commons-codec-1.4.0.wso2v1.jar;C:\Users\obekpaa\.m2\repository\commons-codec\commons-codec\1.4\commons-codec-1.4.jar;C:\Users\obekpaa\.m2\repository\org\wso2\carbon\apimgt\org.wso2.carbon.apimgt.handlers.security.stub\6.4.50\org.wso2.carbon.apimgt.handlers.security.stub-6.4.50.jar;C:\Users\obekpaa\.m2\repository\org\apache\axis2\wso2\axis2-client\1.6.1-wso2v28\axis2-client-1.6.1-wso2v28.jar;C:\Users\obekpaa\.m2\repository\org\apache\axis2\wso2\axis2-json\1.6.1-wso2v28\axis2-json-1.6.1-wso2v28.jar;C:\Users\obekpaa\.m2\repository\org\wso2\carbon\org.wso2.carbon.utils\4.4.35\org.wso2.carbon.utils-4.4.35.jar;C:\Users\obekpaa\.m2\repository\org\wso2\carbon\org.wso2.carbon.queuing\4.4.35\org.wso2.carbon.queuing-4.4.35.jar;C:\Users\obekpaa\.m2\repository\org\igniterealtime\smack\wso2\smack\3.0.4.wso2v1\smack-3.0.4.wso2v1.jar;C:\Users\obekpaa\.m2\repository\org\igniterealtime\smack\wso2\smackx\3.0.4.wso2v1\smackx-3.0.4.wso2v1.jar;C:\Users\obekpaa\.m2\repository\org\wso2\orbit\commons-fileupload\commons-fileupload\1.3.2.wso2v1\commons-fileupload-1.3.2.wso2v1.jar;C:\Users\obekpaa\.m2\repository\org\apache\ant\wso2\ant\1.7.0.wso2v1\ant-1.7.0.wso2v1.jar;C:\Users\obekpaa\.m2\repository\org\apache\ant\ant\1.7.0\ant-1.7.0.jar;C:\Users\obekpaa\.m2\repository\org\apache\ant\ant-launcher\1.7.0\ant-launcher-1.7.0.jar;C:\Users\obekpaa\.m2\repository\org\eclipse\equinox\javax.servlet\3.0.0.v201112011016\javax.servlet-3.0.0.v201112011016.jar;C:\Users\obekpaa\.m2\repository\org\wso2\orbit\commons-httpclient\commons-httpclient\3.1.0.wso2v6\commons-httpclient-3.1.0.wso2v6.jar;C:\Users\obekpaa\.m2\repository\com\google\code\gson\gson\2.3.1\gson-2.3.1.jar;C:\Users\obekpaa\.m2\repository\org\apache\httpcomponents\httpmime\4.3.6\httpmime-4.3.6.jar;C:\Users\obekpaa\.m2\repository\org\wso2\carbon\commons\org.wso2.carbon.event.core\4.6.49\org.wso2.carbon.event.core-4.6.49.jar;C:\Users\obekpaa\.m2\repository\org\apache\geronimo\specs\wso2\geronimo-jms_1.1_spec\1.1.0.wso2v1\geronimo-jms_1.1_spec-1.1.0.wso2v1.jar;C:\Users\obekpaa\.m2\repository\org\wso2\carbon\commons\org.wso2.carbon.qpid.stub\4.6.49\org.wso2.carbon.qpid.stub-4.6.49.jar;C:\Users\obekpaa\.m2\repository\org\wso2\carbon\commons\org.wso2.carbon.event.client.stub\4.6.49\org.wso2.carbon.event.client.stub-4.6.49.jar;C:\Users\obekpaa\.m2\repository\org\wso2\carbon\commons\org.wso2.carbon.event.stub\4.6.49\org.wso2.carbon.event.stub-4.6.49.jar;C:\Users\obekpaa\.m2\repository\org\wso2\carbon\registry\org.wso2.carbon.registry.indexing\4.6.38\org.wso2.carbon.registry.indexing-4.6.38.jar;C:\Users\obekpaa\.m2\repository\org\wso2\carbon\identity\framework\org.wso2.carbon.user.mgt\5.7.5\org.wso2.carbon.user.mgt-5.7.5.jar;C:\Users\obekpaa\.m2\repository\org\wso2\carbon\identity\framework\org.wso2.carbon.user.mgt.common\5.7.5\org.wso2.carbon.user.mgt.common-5.7.5.jar;C:\Users\obekpaa\.m2\repository\au\com\bytecode\opencsv\wso2\opencsv\1.8.wso2v1\opencsv-1.8.wso2v1.jar;C:\Users\obekpaa\.m2\repository\org\apache\poi\wso2\poi-scratchpad\3.9.0.wso2v1\poi-scratchpad-3.9.0.wso2v1.jar;C:\Users\obekpaa\.m2\repository\org\apache\poi\poi-scratchpad\3.9\poi-scratchpad-3.9.jar;C:\Users\obekpaa\.m2\repository\org\apache\poi\poi\3.9\poi-3.9.jar;C:\Users\obekpaa\.m2\repository\org\wso2\orbit\org\apache\solr\solr\5.2.1.wso2v1\solr-5.2.1.wso2v1.jar;C:\Users\obekpaa\.m2\repository\com\googlecode\json-simple\wso2\json-simple\1.1.wso2v1\json-simple-1.1.wso2v1.jar;C:\Users\obekpaa\.m2\repository\org\wso2\carbon\apimgt\org.wso2.carbon.apimgt.keymgt.stub\6.4.50\org.wso2.carbon.apimgt.keymgt.stub-6.4.50.jar;C:\Users\obekpaa\.m2\repository\org\wso2\carbon\apimgt\org.wso2.carbon.apimgt.gateway.stub\6.4.50\org.wso2.carbon.apimgt.gateway.stub-6.4.50.jar;C:\Users\obekpaa\.m2\repository\org\wso2\carbon\mediation\org.wso2.carbon.endpoint.stub\4.6.105\org.wso2.carbon.endpoint.stub-4.6.105.jar;C:\Users\obekpaa\.m2\repository\wsdl4j\wsdl4j\1.6.3\wsdl4j-1.6.3.jar;C:\Users\obekpaa\.m2\repository\wsdl4j\wso2\wsdl4j\1.6.2.wso2v4\wsdl4j-1.6.2.wso2v4.jar;C:\Users\obekpaa\.m2\repository\org\apache\neethi\wso2\neethi\2.0.4.wso2v4\neethi-2.0.4.wso2v4.jar;C:\Users\obekpaa\.m2\repository\org\apache\ws\commons\schema\wso2\XmlSchema\1.4.7.wso2v2\XmlSchema-1.4.7.wso2v2.jar;C:\Users\obekpaa\.m2\repository\org\wso2\carbon\identity\inbound\auth\oauth2\org.wso2.carbon.identity.oauth.stub\6.0.53\org.wso2.carbon.identity.oauth.stub-6.0.53.jar;C:\Users\obekpaa\.m2\repository\org\wso2\carbon\identity\framework\org.wso2.carbon.identity.application.mgt.stub\5.12.153\org.wso2.carbon.identity.application.mgt.stub-5.12.153.jar;C:\Users\obekpaa\.m2\repository\org\wso2\carbon\identity\framework\org.wso2.carbon.identity.mgt.stub\5.12.153\org.wso2.carbon.identity.mgt.stub-5.12.153.jar;C:\Users\obekpaa\.m2\repository\org\wso2\carbon\identity\user\ws\org.wso2.carbon.um.ws.api.stub\5.1.11\org.wso2.carbon.um.ws.api.stub-5.1.11.jar;C:\Users\obekpaa\.m2\repository\org\wso2\carbon\identity\framework\org.wso2.carbon.user.mgt.stub\5.12.153\org.wso2.carbon.user.mgt.stub-5.12.153.jar;C:\Users\obekpaa\.m2\repository\org\wso2\carbon\analytics-common\org.wso2.carbon.databridge.agent\5.1.42\org.wso2.carbon.databridge.agent-5.1.42.jar;C:\Users\obekpaa\.m2\repository\org\wso2\carbon\analytics-common\org.wso2.carbon.databridge.commons\5.1.42\org.wso2.carbon.databridge.commons-5.1.42.jar;C:\Users\obekpaa\.m2\repository\org\wso2\carbon\analytics-common\org.wso2.carbon.databridge.commons.thrift\5.1.42\org.wso2.carbon.databridge.commons.thrift-5.1.42.jar;C:\Users\obekpaa\.m2\repository\slf4j\wso2\slf4j\1.5.10.wso2v1\slf4j-1.5.10.wso2v1.jar;C:\Users\obekpaa\.m2\repository\commons-pool\wso2\commons-pool\1.5.6.wso2v1\commons-pool-1.5.6.wso2v1.jar;C:\Users\obekpaa\.m2\repository\org\wso2\orbit\org\apache\httpcomponents\httpclient\4.3.1.wso2v2\httpclient-4.3.1.wso2v2.jar;C:\Users\obekpaa\.m2\repository\org\wso2\orbit\com\lmax\disruptor\3.3.2.wso2v2\disruptor-3.3.2.wso2v2.jar;C:\Users\obekpaa\.m2\repository\org\wso2\carbon\analytics-common\org.wso2.carbon.databridge.commons.binary\5.1.42\org.wso2.carbon.databridge.commons.binary-5.1.42.jar;C:\Users\obekpaa\.m2\repository\org\wso2\carbon\apimgt\org.wso2.carbon.apimgt.statsupdate.stub\6.4.50\org.wso2.carbon.apimgt.statsupdate.stub-6.4.50.jar;C:\Users\obekpaa\.m2\repository\org\wso2\carbon\governance\org.wso2.carbon.governance.custom.lifecycles.checklist\4.7.27\org.wso2.carbon.governance.custom.lifecycles.checklist-4.7.27.jar;C:\Users\obekpaa\.m2\repository\org\wso2\carbon\apimgt\org.wso2.carbon.apimgt.tier.cache.stub\6.4.50\org.wso2.carbon.apimgt.tier.cache.stub-6.4.50.jar;C:\Users\obekpaa\.m2\repository\org\wso2\carbon\apimgt\org.wso2.carbon.apimgt.registry.cache.stub\6.4.50\org.wso2.carbon.apimgt.registry.cache.stub-6.4.50.jar;C:\Users\obekpaa\.m2\repository\org\apache\pdfbox\pdfbox\1.8.13\pdfbox-1.8.13.jar;C:\Users\obekpaa\.m2\repository\org\apache\pdfbox\fontbox\1.8.13\fontbox-1.8.13.jar;C:\Users\obekpaa\.m2\repository\org\apache\pdfbox\jempbox\1.8.13\jempbox-1.8.13.jar;C:\Users\obekpaa\.m2\repository\org\wso2\carbon\governance\org.wso2.carbon.governance.lcm\4.7.27\org.wso2.carbon.governance.lcm-4.7.27.jar;C:\Users\obekpaa\.m2\repository\org\wso2\carbon\event-processing\org.wso2.carbon.event.processor.stub\2.1.23\org.wso2.carbon.event.processor.stub-2.1.23.jar;C:\Users\obekpaa\.m2\repository\org\wso2\orbit\io\swagger\swagger-codegen\2.2.3.wso2v1\swagger-codegen-2.2.3.wso2v1.jar;C:\Users\obekpaa\.m2\repository\io\swagger\swagger-models\1.5.16\swagger-models-1.5.16.jar;C:\Users\obekpaa\.m2\repository\com\fasterxml\jackson\core\jackson-annotations\2.9.6\jackson-annotations-2.9.6.jar;C:\Users\obekpaa\.m2\repository\io\swagger\swagger-annotations\1.5.16\swagger-annotations-1.5.16.jar;C:\Users\obekpaa\.m2\repository\org\wso2\orbit\io\swagger\swagger-parser\1.0.32.wso2v1\swagger-parser-1.0.32.wso2v1.jar;C:\Users\obekpaa\.m2\repository\xerces\wso2\xercesImpl\2.8.1.wso2v2\xercesImpl-2.8.1.wso2v2.jar;C:\Users\obekpaa\.m2\repository\org\wso2\carbon\identity\framework\org.wso2.carbon.identity.user.profile.stub\5.12.153\org.wso2.carbon.identity.user.profile.stub-5.12.153.jar;C:\Users\obekpaa\.m2\repository\org\wso2\carbon\identity\framework\org.wso2.carbon.identity.user.registration.stub\5.12.153\org.wso2.carbon.identity.user.registration.stub-5.12.153.jar;C:\GitRepo\iam-openbanking\iam-common\target\com.alrayan.wso2.common-1.0.0-SNAPSHOT.jar;C:\Users\obekpaa\.m2\repository\org\apache\commons\commons-lang3\3.7\commons-lang3-3.7.jar;C:\Users\obekpaa\.m2\repository\org\apache\httpcomponents\httpclient\4.5.5\httpclient-4.5.5.jar;C:\Users\obekpaa\.m2\repository\org\apache\httpcomponents\httpcore\4.4.9\httpcore-4.4.9.jar;C:\Users\obekpaa\.m2\repository\io\jsonwebtoken\jjwt\0.6.0\jjwt-0.6.0.jar;C:\Users\obekpaa\.m2\repository\com\fasterxml\jackson\core\jackson-databind\2.9.6\jackson-databind-2.9.6.jar;C:\Users\obekpaa\.m2\repository\com\fasterxml\jackson\core\jackson-core\2.9.6\jackson-core-2.9.6.jar;C:\Users\obekpaa\.m2\repository\joda-time\joda-time\2.10.1\joda-time-2.10.1.jar;C:\Users\obekpaa\.m2\repository\org\apache\ws\commons\axiom\axiom-api\1.2.10\axiom-api-1.2.10.jar;C:\Users\obekpaa\.m2\repository\org\apache\geronimo\specs\geronimo-activation_1.1_spec\1.0.2\geronimo-activation_1.1_spec-1.0.2.jar;C:\Users\obekpaa\.m2\repository\org\apache\geronimo\specs\geronimo-javamail_1.4_spec\1.6\geronimo-javamail_1.4_spec-1.6.jar;C:\Users\obekpaa\.m2\repository\org\apache\geronimo\specs\geronimo-stax-api_1.0_spec\1.0.1\geronimo-stax-api_1.0_spec-1.0.1.jar;C:\Users\obekpaa\.m2\repository\org\wso2\orbit\com\nimbusds\nimbus-jose-jwt\7.3.0.wso2v1\nimbus-jose-jwt-7.3.0.wso2v1.jar;C:\Users\obekpaa\.m2\repository\com\nimbusds\nimbus-jose-jwt\2.10.1\nimbus-jose-jwt-2.10.1.jar;C:\Users\obekpaa\.m2\repository\org\bouncycastle\bcprov-jdk16\1.46\bcprov-jdk16-1.46.jar;C:\Users\obekpaa\.m2\repository\net\jcip\jcip-annotations\1.0\jcip-annotations-1.0.jar;C:\Users\obekpaa\.m2\repository\org\wso2\carbon\identity\framework\org.wso2.carbon.identity.application.common\5.12.153\org.wso2.carbon.identity.application.common-5.12.153.jar;C:\GitRepo\iam-openbanking\apim-mail\target\com.alrayan.wso2.mail-1.0.0-SNAPSHOT.jar;C:\Users\obekpaa\.m2\repository\org\testng\testng\6.9.10\testng-6.9.10.jar;C:\Users\obekpaa\.m2\repository\com\beust\jcommander\1.48\jcommander-1.48.jar;C:\Users\obekpaa\.m2\repository\org\beanshell\bsh\2.0b4\bsh-2.0b4.jar;C:\Users\obekpaa\.m2\repository\junit\junit\4.10\junit-4.10.jar;C:\Users\obekpaa\.m2\repository\org\hamcrest\hamcrest-core\1.1\hamcrest-core-1.1.jar;C:\Users\obekpaa\.m2\repository\org\apache\maven\surefire\surefire-testng-utils\2.20.1\surefire-testng-utils-2.20.1.jar;C:\Users\obekpaa\.m2\repository\org\apache\maven\surefire\surefire-grouper\2.20.1\surefire-grouper-2.20.1.jar;"/>
    <property name="sun.cpu.endian" value="little"/>
    <property name="user.home" value="C:\Users\obekpaa"/>
    <property name="user.language" value="en"/>
    <property name="java.specification.vendor" value="Oracle Corporation"/>
    <property name="java.home" value="C:\Program Files\Java\jdk1.8.0_251\jre"/>
    <property name="basedir" value="C:\GitRepo\iam-openbanking\apim-user-signup-workflow"/>
    <property name="file.separator" value="\"/>
    <property name="line.separator" value="&#10;"/>
    <property name="java.vm.specification.vendor" value="Oracle Corporation"/>
    <property name="java.specification.name" value="Java Platform API Specification"/>
    <property name="java.awt.graphicsenv" value="sun.awt.Win32GraphicsEnvironment"/>
    <property name="surefire.real.class.path" value="C:\Users\obekpaa\AppData\Local\Temp\surefire8975316817480240737\surefirebooter3756994988690232815.jar"/>
    <property name="sun.boot.class.path" value="C:\Program Files\Java\jdk1.8.0_251\jre\lib\resources.jar;C:\Program Files\Java\jdk1.8.0_251\jre\lib\rt.jar;C:\Program Files\Java\jdk1.8.0_251\jre\lib\sunrsasign.jar;C:\Program Files\Java\jdk1.8.0_251\jre\lib\jsse.jar;C:\Program Files\Java\jdk1.8.0_251\jre\lib\jce.jar;C:\Program Files\Java\jdk1.8.0_251\jre\lib\charsets.jar;C:\Program Files\Java\jdk1.8.0_251\jre\lib\jfr.jar;C:\Program Files\Java\jdk1.8.0_251\jre\classes"/>
    <property name="user.script" value=""/>
    <property name="sun.management.compiler" value="HotSpot 64-Bit Tiered Compilers"/>
    <property name="java.runtime.version" value="1.8.0_251-b08"/>
    <property name="user.name" value="obekpaa"/>
    <property name="path.separator" value=";"/>
    <property name="os.version" value="10.0"/>
    <property name="java.endorsed.dirs" value="C:\Program Files\Java\jdk1.8.0_251\jre\lib\endorsed"/>
    <property name="java.runtime.name" value="Java(TM) SE Runtime Environment"/>
    <property name="file.encoding" value="Cp1252"/>
    <property name="java.vm.name" value="Java HotSpot(TM) 64-Bit Server VM"/>
    <property name="localRepository" value="C:\Users\obekpaa\.m2\repository"/>
    <property name="java.vendor.url.bug" value="http://bugreport.sun.com/bugreport/"/>
    <property name="java.io.tmpdir" value="C:\Users\obekpaa\AppData\Local\Temp\"/>
    <property name="java.version" value="1.8.0_251"/>
    <property name="user.dir" value="C:\GitRepo\iam-openbanking\apim-user-signup-workflow"/>
    <property name="os.arch" value="amd64"/>
    <property name="java.vm.specification.name" value="Java Virtual Machine Specification"/>
    <property name="java.awt.printerjob" value="sun.awt.windows.WPrinterJob"/>
    <property name="sun.os.patch.level" value=""/>
    <property name="java.library.path" value="C:\Program Files\Java\jdk1.8.0_251\jre\bin;C:\WINDOWS\Sun\Java\bin;C:\WINDOWS\system32;C:\WINDOWS;C:\Program Files (x86)\Common Files\Oracle\Java\javapath;C:\Program Files (x86)\Microsoft SDKs\Azure\CLI2\wbin;C:\WINDOWS\system32;C:\WINDOWS;C:\WINDOWS\System32\Wbem;C:\WINDOWS\System32\WindowsPowerShell\v1.0\;C:\WINDOWS\System32\OpenSSH\;C:\PROGRA~2\IBM\CLIENT~1;C:\PROGRA~2\IBM\CLIENT~1\Shared;C:\PROGRA~2\IBM\CLIENT~1\Emulator;C:\Program Files\Microsoft SQL Server\130\Tools\Binn\;C:\Program Files\Microsoft SQL Server\Client SDK\ODBC\130\Tools\Binn\;C:\Program Files (x86)\Microsoft SQL Server\140\Tools\Binn\;C:\Program Files (x86)\Microsoft SQL Server\Client SDK\ODBC\130\Tools\Binn\;C:\Program Files (x86)\Microsoft SQL Server\140\DTS\Binn\;C:\Program Files (x86)\Microsoft SQL Server\140\Tools\Binn\ManagementStudio\;C:\Program Files (x86)\Microsoft SQL Server\110\DTS\Binn\;C:\Program Files (x86)\Microsoft SQL Server\120\DTS\Binn\;C:\Program Files (x86)\Microsoft SQL Server\130\DTS\Binn\;C:\Program Files\Microsoft\Web Platform Installer\;C:\Program Files\dotnet\;C:\Users\obekpaa\Desktop\PSD2\apache-ant-1.10.6\bin;C:\Program Files\Java\jdk1.8.0_251\bin;C:\Program Files\WSO2\API Manager\2.6.0\\bin;C:\Program Files\Microsoft SQL Server\Client SDK\ODBC\170\Tools\Binn\;C:\Program Files\Git\cmd;C:\Program Files\TortoiseSVN\bin;C:\Program Files\VisualSVN Server\bin;C:\Program Files\Microsoft SQL Server\140\Tools\Binn\;C:\Program Files\Microsoft SQL Server\140\DTS\Binn\;C:\Program Files (x86)\Microsoft SQL Server\150\DTS\Binn\;C:\Program Files\Java\jdk1.8.0_251\bin;C:\Program Files\apache-maven-3.6.3\bin;C:\Program Files\spring\spring-2.3.1.RELEASE\bin;C:\Program Files\apache-maven-3.6.3\bin;C:\Program Files\WUM\bin;C:\Program Files\Puppet Labs\Puppet\bin;C:\OpenSSL\;C:\Program Files\WSO2\API Manager\3.2.0\bin\..\bin;C:\Users\obekpaa\AppData\Local\Microsoft\WindowsApps;C:\Users\obekpaa\AppData\Local\GitHubDesktop\bin;C:\Users\obekpaa\AppData\Local\Programs\Microsoft VS Code\bin;C:\Users\obekpaa\AppData\Local\Microsoft\WindowsApps;C:\Users\obekpaa\.dotnet\tools;C:\Program Files\wso2am-micro-gw-toolkit-windows-3.1.0;C:\spring\spring-2.3.1.RELEASE\bin;C:\Program Files\Multipass\bin;C:\Users\obekpaa\.dotnet\tools;."/>
    <property name="java.vm.info" value="mixed mode"/>
    <property name="java.vendor" value="Oracle Corporation"/>
    <property name="java.vm.version" value="25.251-b08"/>
    <property name="java.ext.dirs" value="C:\Program Files\Java\jdk1.8.0_251\jre\lib\ext;C:\WINDOWS\Sun\Java\lib\ext"/>
    <property name="sun.io.unicode.encoding" value="UnicodeLittle"/>
    <property name="java.class.version" value="52.0"/>
    <property name="skiptest" value="true"/>
  </properties>
</testsuite>